> pnpm booking:flow --restaurant-slug white-horse-pub-waterbeach --date 2026-07-05 --time 12:15 --stress --stress-max 40 --pretty --timeout-ms 180000 --base-url http://localhost:3000

> ship-fast-code@0.1.0 booking:flow /Users/amankumarshrestha/Downloads/SajiloReserveX
> tsx -r tsconfig-paths/register scripts/run-booking-flow.ts --restaurant-slug white-horse-pub-waterbeach --date 2026-07-05 --time 12\:15 --stress --stress-max 40 --pretty --timeout-ms 180000 --base-url http\://localhost\:3000

[dotenv@17.2.2] injecting env (0) from .env.local -- tip: 📡 observe env with Radar: https://dotenvx.com/radar
[dotenv@17.2.2] injecting env (0) from .env.development -- tip: ⚙️  write to custom object with { processEnv: myObject }
[dotenv@17.2.2] injecting env (0) from .env -- tip: 📡 version env with Radar: https://dotenvx.com/radar
[2025-11-14T21:49:50.569Z] [INFO] [bootstrap] Starting booking flow {"correlationId":"99d10d79-b6ea-49c9-a45f-1cdc7662bd32","bookingId":null,"iteration":1,"totalRuns":"stress","timeoutMs":180000,"inlineWindowMs":25000,"pollIntervalMs":2000}
[2025-11-14T21:49:50.569Z] [INFO] [submit] Submitting booking request {"correlationId":"99d10d79-b6ea-49c9-a45f-1cdc7662bd32","bookingId":null,"url":"http://localhost:3000/api/bookings","restaurantSlug":"white-horse-pub-waterbeach","restaurantId":null,"date":"2026-07-05","time":"12:15","party":2,"bookingType":"dinner","seating":"any","marketingOptIn":false}
[supabase] strict hold enforcement active
[2025-11-14T21:50:02.602Z] [INFO] [submit] Booking created {"correlationId":"99d10d79-b6ea-49c9-a45f-1cdc7662bd32","bookingId":"7b322d19-e892-4658-8c54-3fa5ffaeb2e1","duplicate":false,"initialStatus":"pending","durationMs":12031,"maskedEmail":"bo***9@example.com","maskedPhone":"********0379"}
[2025-11-14T21:50:03.255Z] [INFO] [inline_poll] Status update {"correlationId":"99d10d79-b6ea-49c9-a45f-1cdc7662bd32","bookingId":"7b322d19-e892-4658-8c54-3fa5ffaeb2e1","attempt":1,"status":"pending","assignments":0,"elapsedMs":653}
[2025-11-14T21:50:29.159Z] [WARN] [inline_poll] Inline window expired without confirmation {"correlationId":"99d10d79-b6ea-49c9-a45f-1cdc7662bd32","bookingId":"7b322d19-e892-4658-8c54-3fa5ffaeb2e1","state":"timeout","attempts":11}
[2025-11-14T21:50:29.159Z] [INFO] [background_job] Triggering autoAssignAndConfirmIfPossible {"correlationId":"99d10d79-b6ea-49c9-a45f-1cdc7662bd32","bookingId":"7b322d19-e892-4658-8c54-3fa5ffaeb2e1"}
[auto-assign][job] scheduled {
  bookingId: '7b322d19-e892-4658-8c54-3fa5ffaeb2e1',
  reason: 'creation',
  emailVariant: 'standard',
  bypass: true
}
[auto-assign][job] attempts.reduced.inline_no_capacity {
  bookingId: '7b322d19-e892-4658-8c54-3fa5ffaeb2e1',
  inlineAttemptId: '1f13af2f-6fae-42e8-8cc8-4233798faa7e',
  inlineReason: 'No tables available for requested window'
}
[auto-assign][job] attempt.start {
  bookingId: '7b322d19-e892-4658-8c54-3fa5ffaeb2e1',
  attempt: 0,
  maxAttempts: 1
}
[auto-assign][job] attempt.no_hold {
  bookingId: '7b322d19-e892-4658-8c54-3fa5ffaeb2e1',
  attempt: 0,
  reason: 'No tables available for requested window',
  alternates: 0
}
[auto-assign][job] exhausted {
  bookingId: '7b322d19-e892-4658-8c54-3fa5ffaeb2e1',
  attempts: 1,
  maxAttempts: 1
}
[2025-11-14T21:50:33.301Z] [INFO] [background_job] Background auto-assign invoked {"correlationId":"99d10d79-b6ea-49c9-a45f-1cdc7662bd32","bookingId":"7b322d19-e892-4658-8c54-3fa5ffaeb2e1","durationMs":4142}
[2025-11-14T21:50:33.643Z] [INFO] [post_job_poll] Status update {"correlationId":"99d10d79-b6ea-49c9-a45f-1cdc7662bd32","bookingId":"7b322d19-e892-4658-8c54-3fa5ffaeb2e1","attempt":1,"status":"pending","assignments":0,"elapsedMs":342}
[2025-11-14T21:52:56.002Z] [ERROR] [diagnostics] Assignment diagnostics {"correlationId":"99d10d79-b6ea-49c9-a45f-1cdc7662bd32","bookingId":"7b322d19-e892-4658-8c54-3fa5ffaeb2e1","bookingStatus":"pending","assignments":[],"partySize":2,"totalCapacity":0,"seatWaste":0,"lastAutoAssignResult":{"source":"inline","lastAttemptAt":"2025-11-14T21:49:59.961Z","success":false,"reason":"No tables available for requested window","strategy":{"maxTables":null,"requireAdjacency":null},"trigger":"inline_creation","alternates":0,"durationMs":1949,"attemptId":"1f13af2f-6fae-42e8-8cc8-4233798faa7e","emailSent":false,"emailVariant":"standard"},"assignmentStateHistory":[]}
[2025-11-14T21:52:56.003Z] [ERROR] [final_summary] Booking failed to confirm {"correlationId":"99d10d79-b6ea-49c9-a45f-1cdc7662bd32","bookingId":"7b322d19-e892-4658-8c54-3fa5ffaeb2e1","state":"timeout","durationMs":185074}
[stress] Summary {
  totalRuns: 1,
  successes: 0,
  failures: 1,
  maxRuns: 40,
  completedTarget: false,
  durationMs: { count: 0, min: 0, max: 0, avg: 0, p95: 0 },
  seatWaste: { count: 0, min: 0, max: 0, avg: 0, p95: 0 },
  tablesPerBooking: { count: 0, min: 0, max: 0, avg: 0, p95: 0 },
  uniqueTables: []
}
[stress] Failure details {
  iteration: 1,
  correlationId: '99d10d79-b6ea-49c9-a45f-1cdc7662bd32',
  status: 'failed_background_timeout',
  failureReason: 'timeout',
  bookingId: '7b322d19-e892-4658-8c54-3fa5ffaeb2e1'
}
❌ Stress run halted after 0 successes; see summary above.
 ELIFECYCLE  Command failed with exit code 1.
__EXIT_CODE=1
