> pnpm booking:flow --restaurant-slug white-horse-pub-waterbeach --date 2026-07-05 --time 12:45 --stress --stress-max 40 --pretty --timeout-ms 180000 --base-url http://localhost:3000

> ship-fast-code@0.1.0 booking:flow /Users/amankumarshrestha/Downloads/SajiloReserveX
> tsx -r tsconfig-paths/register scripts/run-booking-flow.ts --restaurant-slug white-horse-pub-waterbeach --date 2026-07-05 --time 12\:45 --stress --stress-max 40 --pretty --timeout-ms 180000 --base-url http\://localhost\:3000

[dotenv@17.2.2] injecting env (0) from .env.local -- tip: 📡 version env with Radar: https://dotenvx.com/radar
[dotenv@17.2.2] injecting env (0) from .env.development -- tip: 🔐 prevent committing .env to code: https://dotenvx.com/precommit
[dotenv@17.2.2] injecting env (0) from .env -- tip: 📡 version env with Radar: https://dotenvx.com/radar
[2025-11-14T21:56:12.888Z] [INFO] [bootstrap] Starting booking flow {"correlationId":"22f0f83c-11ed-4892-a08f-4ef455e6bfdb","bookingId":null,"iteration":1,"totalRuns":"stress","timeoutMs":180000,"inlineWindowMs":25000,"pollIntervalMs":2000}
[2025-11-14T21:56:12.889Z] [INFO] [submit] Submitting booking request {"correlationId":"22f0f83c-11ed-4892-a08f-4ef455e6bfdb","bookingId":null,"url":"http://localhost:3000/api/bookings","restaurantSlug":"white-horse-pub-waterbeach","restaurantId":null,"date":"2026-07-05","time":"12:45","party":2,"bookingType":"dinner","seating":"any","marketingOptIn":false}
[supabase] strict hold enforcement active
[2025-11-14T21:56:24.543Z] [INFO] [submit] Booking created {"correlationId":"22f0f83c-11ed-4892-a08f-4ef455e6bfdb","bookingId":"c107d07d-f5bc-400d-9617-ce64fb0150b0","duplicate":false,"initialStatus":"pending","durationMs":11653,"maskedEmail":"bo***c@example.com","maskedPhone":"********5832"}
[2025-11-14T21:56:25.211Z] [INFO] [inline_poll] Status update {"correlationId":"22f0f83c-11ed-4892-a08f-4ef455e6bfdb","bookingId":"c107d07d-f5bc-400d-9617-ce64fb0150b0","attempt":1,"status":"pending","assignments":0,"elapsedMs":668}
[2025-11-14T21:56:50.860Z] [WARN] [inline_poll] Inline window expired without confirmation {"correlationId":"22f0f83c-11ed-4892-a08f-4ef455e6bfdb","bookingId":"c107d07d-f5bc-400d-9617-ce64fb0150b0","state":"timeout","attempts":11}
[2025-11-14T21:56:50.861Z] [INFO] [background_job] Triggering autoAssignAndConfirmIfPossible {"correlationId":"22f0f83c-11ed-4892-a08f-4ef455e6bfdb","bookingId":"c107d07d-f5bc-400d-9617-ce64fb0150b0"}
[auto-assign][job] scheduled {
  bookingId: 'c107d07d-f5bc-400d-9617-ce64fb0150b0',
  reason: 'creation',
  emailVariant: 'standard',
  bypass: true
}
[auto-assign][job] attempts.reduced.inline_no_capacity {
  bookingId: 'c107d07d-f5bc-400d-9617-ce64fb0150b0',
  inlineAttemptId: '43c182a0-d76d-43cc-81b6-ec3cb3a2d778',
  inlineReason: 'No tables available for requested window'
}
[auto-assign][job] attempt.start {
  bookingId: 'c107d07d-f5bc-400d-9617-ce64fb0150b0',
  attempt: 0,
  maxAttempts: 1
}
[auto-assign][job] attempt.no_hold {
  bookingId: 'c107d07d-f5bc-400d-9617-ce64fb0150b0',
  attempt: 0,
  reason: 'No tables available for requested window',
  alternates: 0
}
[auto-assign][job] exhausted {
  bookingId: 'c107d07d-f5bc-400d-9617-ce64fb0150b0',
  attempts: 1,
  maxAttempts: 1
}
[2025-11-14T21:56:54.580Z] [INFO] [background_job] Background auto-assign invoked {"correlationId":"22f0f83c-11ed-4892-a08f-4ef455e6bfdb","bookingId":"c107d07d-f5bc-400d-9617-ce64fb0150b0","durationMs":3719}
[2025-11-14T21:56:54.905Z] [INFO] [post_job_poll] Status update {"correlationId":"22f0f83c-11ed-4892-a08f-4ef455e6bfdb","bookingId":"c107d07d-f5bc-400d-9617-ce64fb0150b0","attempt":1,"status":"pending","assignments":0,"elapsedMs":325}
[2025-11-14T21:59:17.450Z] [ERROR] [diagnostics] Assignment diagnostics {"correlationId":"22f0f83c-11ed-4892-a08f-4ef455e6bfdb","bookingId":"c107d07d-f5bc-400d-9617-ce64fb0150b0","bookingStatus":"pending","assignments":[],"partySize":2,"totalCapacity":0,"seatWaste":0,"lastAutoAssignResult":{"source":"inline","lastAttemptAt":"2025-11-14T21:56:21.768Z","success":false,"reason":"No tables available for requested window","strategy":{"maxTables":null,"requireAdjacency":null},"trigger":"inline_creation","alternates":0,"durationMs":1646,"attemptId":"43c182a0-d76d-43cc-81b6-ec3cb3a2d778","emailSent":false,"emailVariant":"standard"},"assignmentStateHistory":[]}
[2025-11-14T21:59:17.450Z] [ERROR] [final_summary] Booking failed to confirm {"correlationId":"22f0f83c-11ed-4892-a08f-4ef455e6bfdb","bookingId":"c107d07d-f5bc-400d-9617-ce64fb0150b0","state":"timeout","durationMs":184165}
[stress] Summary {
  totalRuns: 1,
  successes: 0,
  failures: 1,
  maxRuns: 40,
  completedTarget: false,
  durationMs: { count: 0, min: 0, max: 0, avg: 0, p95: 0 },
  seatWaste: { count: 0, min: 0, max: 0, avg: 0, p95: 0 },
  tablesPerBooking: { count: 0, min: 0, max: 0, avg: 0, p95: 0 },
  uniqueTables: []
}
[stress] Failure details {
  iteration: 1,
  correlationId: '22f0f83c-11ed-4892-a08f-4ef455e6bfdb',
  status: 'failed_background_timeout',
  failureReason: 'timeout',
  bookingId: 'c107d07d-f5bc-400d-9617-ce64fb0150b0'
}
❌ Stress run halted after 0 successes; see summary above.
 ELIFECYCLE  Command failed with exit code 1.
__EXIT_CODE=1
