> pnpm booking:flow --restaurant-slug white-horse-pub-waterbeach --date 2026-07-05 --time 13:30 --stress --stress-max 6 --pretty --timeout-ms 180000 --base-url http://localhost:3000

> ship-fast-code@0.1.0 booking:flow /Users/amankumarshrestha/Downloads/SajiloReserveX
> tsx -r tsconfig-paths/register scripts/run-booking-flow.ts --restaurant-slug white-horse-pub-waterbeach --date 2026-07-05 --time 13\:30 --stress --stress-max 6 --pretty --timeout-ms 180000 --base-url http\://localhost\:3000

[dotenv@17.2.2] injecting env (0) from .env.local -- tip: 🛠️  run anywhere with `dotenvx run -- yourcommand`
[dotenv@17.2.2] injecting env (0) from .env.development -- tip: 📡 version env with Radar: https://dotenvx.com/radar
[dotenv@17.2.2] injecting env (0) from .env -- tip: 🔐 encrypt with Dotenvx: https://dotenvx.com
[2025-11-14T22:15:58.888Z] [INFO] [bootstrap] Starting booking flow {"correlationId":"3437f435-41b9-4a73-8120-48ffa3c86ee0","bookingId":null,"iteration":1,"totalRuns":"stress","timeoutMs":180000,"inlineWindowMs":25000,"pollIntervalMs":2000}
[2025-11-14T22:15:58.888Z] [INFO] [submit] Submitting booking request {"correlationId":"3437f435-41b9-4a73-8120-48ffa3c86ee0","bookingId":null,"url":"http://localhost:3000/api/bookings","restaurantSlug":"white-horse-pub-waterbeach","restaurantId":null,"date":"2026-07-05","time":"13:30","party":2,"bookingType":"dinner","seating":"any","marketingOptIn":false}
[supabase] strict hold enforcement active
[2025-11-14T22:16:09.724Z] [INFO] [submit] Booking created {"correlationId":"3437f435-41b9-4a73-8120-48ffa3c86ee0","bookingId":"13aa8144-91d5-44e7-a958-fb4d57110f35","duplicate":false,"initialStatus":"pending","durationMs":10834,"maskedEmail":"bo***5@example.com","maskedPhone":"********5435"}
[2025-11-14T22:16:10.368Z] [INFO] [inline_poll] Status update {"correlationId":"3437f435-41b9-4a73-8120-48ffa3c86ee0","bookingId":"13aa8144-91d5-44e7-a958-fb4d57110f35","attempt":1,"status":"pending","assignments":0,"elapsedMs":644}
[2025-11-14T22:16:36.055Z] [WARN] [inline_poll] Inline window expired without confirmation {"correlationId":"3437f435-41b9-4a73-8120-48ffa3c86ee0","bookingId":"13aa8144-91d5-44e7-a958-fb4d57110f35","state":"timeout","attempts":11}
[2025-11-14T22:16:36.056Z] [INFO] [background_job] Triggering autoAssignAndConfirmIfPossible {"correlationId":"3437f435-41b9-4a73-8120-48ffa3c86ee0","bookingId":"13aa8144-91d5-44e7-a958-fb4d57110f35"}
[auto-assign][job] scheduled {
  bookingId: '13aa8144-91d5-44e7-a958-fb4d57110f35',
  reason: 'creation',
  emailVariant: 'standard',
  bypass: true
}
[auto-assign][job] attempts.reduced.inline_no_capacity {
  bookingId: '13aa8144-91d5-44e7-a958-fb4d57110f35',
  inlineAttemptId: '586df933-14f9-4541-988f-177bf647c4a9',
  inlineReason: 'No tables available for requested window'
}
[auto-assign][job] attempt.start {
  bookingId: '13aa8144-91d5-44e7-a958-fb4d57110f35',
  attempt: 0,
  maxAttempts: 1
}
[auto-assign][job] attempt.no_hold {
  bookingId: '13aa8144-91d5-44e7-a958-fb4d57110f35',
  attempt: 0,
  reason: 'No tables available for requested window',
  alternates: 0
}
[auto-assign][job] exhausted {
  bookingId: '13aa8144-91d5-44e7-a958-fb4d57110f35',
  attempts: 1,
  maxAttempts: 1
}
[2025-11-14T22:16:39.948Z] [INFO] [background_job] Background auto-assign invoked {"correlationId":"3437f435-41b9-4a73-8120-48ffa3c86ee0","bookingId":"13aa8144-91d5-44e7-a958-fb4d57110f35","durationMs":3892}
[2025-11-14T22:16:40.266Z] [INFO] [post_job_poll] Status update {"correlationId":"3437f435-41b9-4a73-8120-48ffa3c86ee0","bookingId":"13aa8144-91d5-44e7-a958-fb4d57110f35","attempt":1,"status":"pending","assignments":0,"elapsedMs":318}
[2025-11-14T22:19:03.532Z] [ERROR] [diagnostics] Assignment diagnostics {"correlationId":"3437f435-41b9-4a73-8120-48ffa3c86ee0","bookingId":"13aa8144-91d5-44e7-a958-fb4d57110f35","bookingStatus":"pending","assignments":[],"partySize":2,"totalCapacity":0,"seatWaste":0,"lastAutoAssignResult":{"source":"inline","lastAttemptAt":"2025-11-14T22:16:07.117Z","success":false,"reason":"No tables available for requested window","strategy":{"maxTables":null,"requireAdjacency":null},"trigger":"inline_creation","alternates":0,"durationMs":1607,"attemptId":"586df933-14f9-4541-988f-177bf647c4a9","emailSent":false,"emailVariant":"standard"},"assignmentStateHistory":[]}
[2025-11-14T22:19:03.532Z] [ERROR] [final_summary] Booking failed to confirm {"correlationId":"3437f435-41b9-4a73-8120-48ffa3c86ee0","bookingId":"13aa8144-91d5-44e7-a958-fb4d57110f35","state":"timeout","durationMs":184319}
[stress] Summary {
  totalRuns: 1,
  successes: 0,
  failures: 1,
  maxRuns: 6,
  completedTarget: false,
  durationMs: { count: 0, min: 0, max: 0, avg: 0, p95: 0 },
  seatWaste: { count: 0, min: 0, max: 0, avg: 0, p95: 0 },
  tablesPerBooking: { count: 0, min: 0, max: 0, avg: 0, p95: 0 },
  uniqueTables: []
}
[stress] Failure details {
  iteration: 1,
  correlationId: '3437f435-41b9-4a73-8120-48ffa3c86ee0',
  status: 'failed_background_timeout',
  failureReason: 'timeout',
  bookingId: '13aa8144-91d5-44e7-a958-fb4d57110f35'
}
❌ Stress run halted after 0 successes; see summary above.
 ELIFECYCLE  Command failed with exit code 1.
__EXIT_CODE=1
