> pnpm booking:flow --restaurant-slug white-horse-pub-waterbeach --date 2026-07-05 --time 13:45 --stress --stress-max 40 --pretty --timeout-ms 180000 --base-url http://localhost:3000

> ship-fast-code@0.1.0 booking:flow /Users/amankumarshrestha/Downloads/SajiloReserveX
> tsx -r tsconfig-paths/register scripts/run-booking-flow.ts --restaurant-slug white-horse-pub-waterbeach --date 2026-07-05 --time 13\:45 --stress --stress-max 40 --pretty --timeout-ms 180000 --base-url http\://localhost\:3000

[dotenv@17.2.2] injecting env (0) from .env.local -- tip: 📡 version env with Radar: https://dotenvx.com/radar
[dotenv@17.2.2] injecting env (0) from .env.development -- tip: ⚙️  specify custom .env file path with { path: '/custom/path/.env' }
[dotenv@17.2.2] injecting env (0) from .env -- tip: ⚙️  override existing env vars with { override: true }
[2025-11-14T22:20:27.525Z] [INFO] [bootstrap] Starting booking flow {"correlationId":"d41a2567-1a15-436b-a5a1-af553cd3cbf0","bookingId":null,"iteration":1,"totalRuns":"stress","timeoutMs":180000,"inlineWindowMs":25000,"pollIntervalMs":2000}
[2025-11-14T22:20:27.525Z] [INFO] [submit] Submitting booking request {"correlationId":"d41a2567-1a15-436b-a5a1-af553cd3cbf0","bookingId":null,"url":"http://localhost:3000/api/bookings","restaurantSlug":"white-horse-pub-waterbeach","restaurantId":null,"date":"2026-07-05","time":"13:45","party":2,"bookingType":"dinner","seating":"any","marketingOptIn":false}
[supabase] strict hold enforcement active
[2025-11-14T22:20:39.442Z] [INFO] [submit] Booking created {"correlationId":"d41a2567-1a15-436b-a5a1-af553cd3cbf0","bookingId":"f80d6146-da6e-40d0-bb91-eb157defc8a5","duplicate":false,"initialStatus":"pending","durationMs":11915,"maskedEmail":"bo***7@example.com","maskedPhone":"********2567"}
[2025-11-14T22:20:40.070Z] [INFO] [inline_poll] Status update {"correlationId":"d41a2567-1a15-436b-a5a1-af553cd3cbf0","bookingId":"f80d6146-da6e-40d0-bb91-eb157defc8a5","attempt":1,"status":"pending","assignments":0,"elapsedMs":627}
[2025-11-14T22:21:05.397Z] [WARN] [inline_poll] Inline window expired without confirmation {"correlationId":"d41a2567-1a15-436b-a5a1-af553cd3cbf0","bookingId":"f80d6146-da6e-40d0-bb91-eb157defc8a5","state":"timeout","attempts":11}
[2025-11-14T22:21:05.397Z] [INFO] [background_job] Triggering autoAssignAndConfirmIfPossible {"correlationId":"d41a2567-1a15-436b-a5a1-af553cd3cbf0","bookingId":"f80d6146-da6e-40d0-bb91-eb157defc8a5"}
[auto-assign][job] scheduled {
  bookingId: 'f80d6146-da6e-40d0-bb91-eb157defc8a5',
  reason: 'creation',
  emailVariant: 'standard',
  bypass: true
}
[auto-assign][job] attempts.reduced.inline_no_capacity {
  bookingId: 'f80d6146-da6e-40d0-bb91-eb157defc8a5',
  inlineAttemptId: '1151a8b5-2abb-45e7-80f2-f128561fbd9c',
  inlineReason: 'No tables available for requested window'
}
[auto-assign][job] attempt.start {
  bookingId: 'f80d6146-da6e-40d0-bb91-eb157defc8a5',
  attempt: 0,
  maxAttempts: 1
}
[auto-assign][job] attempt.no_hold {
  bookingId: 'f80d6146-da6e-40d0-bb91-eb157defc8a5',
  attempt: 0,
  reason: 'No tables available for requested window',
  alternates: 0
}
[auto-assign][job] exhausted {
  bookingId: 'f80d6146-da6e-40d0-bb91-eb157defc8a5',
  attempts: 1,
  maxAttempts: 1
}
[2025-11-14T22:21:09.161Z] [INFO] [background_job] Background auto-assign invoked {"correlationId":"d41a2567-1a15-436b-a5a1-af553cd3cbf0","bookingId":"f80d6146-da6e-40d0-bb91-eb157defc8a5","durationMs":3764}
[2025-11-14T22:21:09.483Z] [INFO] [post_job_poll] Status update {"correlationId":"d41a2567-1a15-436b-a5a1-af553cd3cbf0","bookingId":"f80d6146-da6e-40d0-bb91-eb157defc8a5","attempt":1,"status":"pending","assignments":0,"elapsedMs":322}
[2025-11-14T22:23:31.943Z] [ERROR] [diagnostics] Assignment diagnostics {"correlationId":"d41a2567-1a15-436b-a5a1-af553cd3cbf0","bookingId":"f80d6146-da6e-40d0-bb91-eb157defc8a5","bookingStatus":"pending","assignments":[],"partySize":2,"totalCapacity":0,"seatWaste":0,"lastAutoAssignResult":{"source":"inline","lastAttemptAt":"2025-11-14T22:20:36.609Z","success":false,"reason":"No tables available for requested window","strategy":{"maxTables":null,"requireAdjacency":null},"trigger":"inline_creation","alternates":0,"durationMs":1577,"attemptId":"1151a8b5-2abb-45e7-80f2-f128561fbd9c","emailSent":false,"emailVariant":"standard"},"assignmentStateHistory":[]}
[2025-11-14T22:23:31.944Z] [ERROR] [final_summary] Booking failed to confirm {"correlationId":"d41a2567-1a15-436b-a5a1-af553cd3cbf0","bookingId":"f80d6146-da6e-40d0-bb91-eb157defc8a5","state":"timeout","durationMs":184096}
[stress] Summary {
  totalRuns: 1,
  successes: 0,
  failures: 1,
  maxRuns: 40,
  completedTarget: false,
  durationMs: { count: 0, min: 0, max: 0, avg: 0, p95: 0 },
  seatWaste: { count: 0, min: 0, max: 0, avg: 0, p95: 0 },
  tablesPerBooking: { count: 0, min: 0, max: 0, avg: 0, p95: 0 },
  uniqueTables: []
}
[stress] Failure details {
  iteration: 1,
  correlationId: 'd41a2567-1a15-436b-a5a1-af553cd3cbf0',
  status: 'failed_background_timeout',
  failureReason: 'timeout',
  bookingId: 'f80d6146-da6e-40d0-bb91-eb157defc8a5'
}
❌ Stress run halted after 0 successes; see summary above.
 ELIFECYCLE  Command failed with exit code 1.
__EXIT_CODE=1
