> pnpm booking:flow --restaurant-slug white-horse-pub-waterbeach --date 2026-07-05 --time 12:00 --stress --pretty --timeout-ms 180000

> ship-fast-code@0.1.0 booking:flow /Users/amankumarshrestha/Downloads/SajiloReserveX
> tsx -r tsconfig-paths/register scripts/run-booking-flow.ts --restaurant-slug white-horse-pub-waterbeach --date 2026-07-05 --time 12\:00 --stress --pretty --timeout-ms 180000


node:internal/modules/run_main:122
    triggerUncaughtException(
    ^
Error: Transform failed with 1 error:
/Users/amankumarshrestha/Downloads/SajiloReserveX/scripts/run-booking-flow.ts:40:22: ERROR: Unexpected "="
    at failureErrorWithLog (/Users/amankumarshrestha/Downloads/SajiloReserveX/node_modules/.pnpm/esbuild@0.25.10/node_modules/esbuild/lib/main.js:1467:15)
    at /Users/amankumarshrestha/Downloads/SajiloReserveX/node_modules/.pnpm/esbuild@0.25.10/node_modules/esbuild/lib/main.js:736:50
    at responseCallbacks.<computed> (/Users/amankumarshrestha/Downloads/SajiloReserveX/node_modules/.pnpm/esbuild@0.25.10/node_modules/esbuild/lib/main.js:603:9)
    at handleIncomingPacket (/Users/amankumarshrestha/Downloads/SajiloReserveX/node_modules/.pnpm/esbuild@0.25.10/node_modules/esbuild/lib/main.js:658:12)
    at Socket.readFromStdout (/Users/amankumarshrestha/Downloads/SajiloReserveX/node_modules/.pnpm/esbuild@0.25.10/node_modules/esbuild/lib/main.js:581:7)
    at Socket.emit (node:events:524:28)
    at addChunk (node:internal/streams/readable:561:12)
    at readableAddChunkPushByteMode (node:internal/streams/readable:512:3)
    at Readable.push (node:internal/streams/readable:392:5)
    at Pipe.onStreamRead (node:internal/stream_base_commons:189:23) {
  name: 'TransformError'
}

Node.js v22.12.0
 ELIFECYCLE  Command failed with exit code 1.
