Output format is aligned.
Pager usage is off.
Booking table assignment overlaps
 table_id | conflicting_pairs 
----------+-------------------
(0 rows)

Assignment rows with NULL/invalid windows
 null_or_invalid_assignments | missing_start_at | missing_end_at | non_positive_window 
-----------------------------+------------------+----------------+---------------------
                           1 |                0 |              0 |                   0
(1 row)

Hold overlaps
 table_id | conflicting_pairs 
----------+-------------------
(0 rows)

Hold rows with NULL/invalid windows
 null_or_invalid_holds | missing_start_at | missing_end_at | non_positive_window | expires_before_end 
-----------------------+------------------+----------------+---------------------+--------------------
                     0 |                  |                |                     |                   
(1 row)

