> pnpm booking:flow --restaurant-slug white-horse-pub-waterbeach --date 2026-02-07 --time 12:30 --stress --stress-max 13 --pretty --timeout-ms 180000 --base-url http://localhost:3000

> ship-fast-code@0.1.0 booking:flow /Users/amankumarshrestha/Downloads/SajiloReserveX
> tsx -r tsconfig-paths/register scripts/run-booking-flow.ts --restaurant-slug white-horse-pub-waterbeach --date 2026-02-07 --time 12\:30 --stress --stress-max 13 --pretty --timeout-ms 180000 --base-url http\://localhost\:3000

[dotenv@17.2.2] injecting env (0) from .env.local -- tip: 📡 auto-backup env with Radar: https://dotenvx.com/radar
[dotenv@17.2.2] injecting env (0) from .env.development -- tip: 📡 version env with Radar: https://dotenvx.com/radar
[dotenv@17.2.2] injecting env (0) from .env -- tip: 🛠️  run anywhere with `dotenvx run -- yourcommand`
[2025-11-15T08:29:12.727Z] [INFO] [bootstrap] Starting booking flow {"correlationId":"8d3dcd30-2b88-4871-9ef2-123ff601e8ae","bookingId":null,"iteration":1,"totalRuns":"stress","timeoutMs":180000,"inlineWindowMs":25000,"pollIntervalMs":2000}
[2025-11-15T08:29:12.727Z] [INFO] [submit] Submitting booking request {"correlationId":"8d3dcd30-2b88-4871-9ef2-123ff601e8ae","bookingId":null,"url":"http://localhost:3000/api/bookings","restaurantSlug":"white-horse-pub-waterbeach","restaurantId":null,"date":"2026-02-07","time":"12:30","party":2,"bookingType":"dinner","seating":"any","marketingOptIn":false}
[supabase] strict hold enforcement active
[2025-11-15T08:29:21.357Z] [INFO] [submit] Booking created {"correlationId":"8d3dcd30-2b88-4871-9ef2-123ff601e8ae","bookingId":"855931ca-1584-49ce-8f0d-a81c63910a0c","duplicate":false,"initialStatus":"pending","durationMs":8629,"maskedEmail":"bo***0@example.com","maskedPhone":"********2330"}
[2025-11-15T08:29:22.298Z] [INFO] [inline_poll] Status update {"correlationId":"8d3dcd30-2b88-4871-9ef2-123ff601e8ae","bookingId":"855931ca-1584-49ce-8f0d-a81c63910a0c","attempt":1,"status":"pending","assignments":0,"elapsedMs":940}
[2025-11-15T08:29:48.497Z] [WARN] [inline_poll] Inline window expired without confirmation {"correlationId":"8d3dcd30-2b88-4871-9ef2-123ff601e8ae","bookingId":"855931ca-1584-49ce-8f0d-a81c63910a0c","state":"timeout","attempts":11}
[2025-11-15T08:29:48.498Z] [INFO] [background_job] Triggering autoAssignAndConfirmIfPossible {"correlationId":"8d3dcd30-2b88-4871-9ef2-123ff601e8ae","bookingId":"855931ca-1584-49ce-8f0d-a81c63910a0c"}
[auto-assign][job] scheduled {
  bookingId: '855931ca-1584-49ce-8f0d-a81c63910a0c',
  reason: 'creation',
  emailVariant: 'standard',
  bypass: true
}
[auto-assign][job] attempts.reduced.inline_no_capacity {
  bookingId: '855931ca-1584-49ce-8f0d-a81c63910a0c',
  inlineAttemptId: '364e184a-c208-49ed-8a73-bb68999abcb9',
  inlineReason: 'No tables available for requested window'
}
[auto-assign][job] attempt.start {
  bookingId: '855931ca-1584-49ce-8f0d-a81c63910a0c',
  attempt: 0,
  maxAttempts: 1
}
[auto-assign][job] attempt.no_hold {
  bookingId: '855931ca-1584-49ce-8f0d-a81c63910a0c',
  attempt: 0,
  reason: 'No tables available for requested window',
  alternates: 0
}
[auto-assign][job] exhausted {
  bookingId: '855931ca-1584-49ce-8f0d-a81c63910a0c',
  attempts: 1,
  maxAttempts: 1
}
[2025-11-15T08:29:52.046Z] [INFO] [background_job] Background auto-assign invoked {"correlationId":"8d3dcd30-2b88-4871-9ef2-123ff601e8ae","bookingId":"855931ca-1584-49ce-8f0d-a81c63910a0c","durationMs":3548}
[2025-11-15T08:29:52.359Z] [INFO] [post_job_poll] Status update {"correlationId":"8d3dcd30-2b88-4871-9ef2-123ff601e8ae","bookingId":"855931ca-1584-49ce-8f0d-a81c63910a0c","attempt":1,"status":"pending","assignments":0,"elapsedMs":313}
