Filling 5 slots on 2025-11-25 (stress-max=4)

>>> [worker 1] Slot 17:30 (party 8)

>>> [worker 2] Slot 17:45 (party 8)

>>> [worker 3] Slot 18:00 (party 4)

>>> [worker 4] Slot 18:15 (party 5)

> ship-fast-code@0.1.0 booking:flow /Users/amankumarshrestha/Downloads/SajiloReserveX
> tsx -r tsconfig-paths/register scripts/run-booking-flow.ts --restaurant-slug white-horse-pub-waterbeach --date 2025-11-25 --time 17\:45 --party-size 8 --stress --stress-max 4 --timeout-ms 180000 --base-url http\://localhost\:3020 --pretty


> ship-fast-code@0.1.0 booking:flow /Users/amankumarshrestha/Downloads/SajiloReserveX
> tsx -r tsconfig-paths/register scripts/run-booking-flow.ts --restaurant-slug white-horse-pub-waterbeach --date 2025-11-25 --time 18\:15 --party-size 5 --stress --stress-max 4 --timeout-ms 180000 --base-url http\://localhost\:3020 --pretty


> ship-fast-code@0.1.0 booking:flow /Users/amankumarshrestha/Downloads/SajiloReserveX
> tsx -r tsconfig-paths/register scripts/run-booking-flow.ts --restaurant-slug white-horse-pub-waterbeach --date 2025-11-25 --time 17\:30 --party-size 8 --stress --stress-max 4 --timeout-ms 180000 --base-url http\://localhost\:3020 --pretty


> ship-fast-code@0.1.0 booking:flow /Users/amankumarshrestha/Downloads/SajiloReserveX
> tsx -r tsconfig-paths/register scripts/run-booking-flow.ts --restaurant-slug white-horse-pub-waterbeach --date 2025-11-25 --time 18\:00 --party-size 4 --stress --stress-max 4 --timeout-ms 180000 --base-url http\://localhost\:3020 --pretty

[dotenv@17.2.2] injecting env (0) from .env.local -- tip: ⚙️  enable debug logging with { debug: true }
[dotenv@17.2.2] injecting env (0) from .env.development -- tip: ⚙️  write to custom object with { processEnv: myObject }
[dotenv@17.2.2] injecting env (0) from .env -- tip: ⚙️  suppress all logs with { quiet: true }
[dotenv@17.2.2] injecting env (0) from .env.local -- tip: 📡 version env with Radar: https://dotenvx.com/radar
[dotenv@17.2.2] injecting env (0) from .env.development -- tip: ⚙️  write to custom object with { processEnv: myObject }
[dotenv@17.2.2] injecting env (0) from .env -- tip: 📡 auto-backup env with Radar: https://dotenvx.com/radar
[dotenv@17.2.2] injecting env (0) from .env.local -- tip: 📡 version env with Radar: https://dotenvx.com/radar
[dotenv@17.2.2] injecting env (0) from .env.development -- tip: 🛠️  run anywhere with `dotenvx run -- yourcommand`
[dotenv@17.2.2] injecting env (0) from .env -- tip: ⚙️  suppress all logs with { quiet: true }
[dotenv@17.2.2] injecting env (0) from .env.local -- tip: 📡 version env with Radar: https://dotenvx.com/radar
[dotenv@17.2.2] injecting env (0) from .env.development -- tip: 🛠️  run anywhere with `dotenvx run -- yourcommand`
[dotenv@17.2.2] injecting env (0) from .env -- tip: 🛠️  run anywhere with `dotenvx run -- yourcommand`
[2025-11-15T12:19:30.520Z] [INFO] [bootstrap] Starting booking flow {"correlationId":"04528348-6839-4351-87c3-ee4ed05ceb74","bookingId":null,"iteration":1,"totalRuns":"stress","timeoutMs":180000,"inlineWindowMs":25000,"pollIntervalMs":2000}
[2025-11-15T12:19:30.520Z] [INFO] [bootstrap] Starting booking flow {"correlationId":"6b8fe973-0a17-4841-8dfb-ee6437d62f27","bookingId":null,"iteration":1,"totalRuns":"stress","timeoutMs":180000,"inlineWindowMs":25000,"pollIntervalMs":2000}
[2025-11-15T12:19:30.520Z] [INFO] [submit] Submitting booking request {"correlationId":"6b8fe973-0a17-4841-8dfb-ee6437d62f27","bookingId":null,"url":"http://localhost:3020/api/bookings","restaurantSlug":"white-horse-pub-waterbeach","restaurantId":null,"date":"2025-11-25","time":"17:30","party":8,"bookingType":"dinner","seating":"any","marketingOptIn":false}
[2025-11-15T12:19:30.520Z] [INFO] [bootstrap] Starting booking flow {"correlationId":"904fd4c8-a537-4cdc-b291-262229551a74","bookingId":null,"iteration":1,"totalRuns":"stress","timeoutMs":180000,"inlineWindowMs":25000,"pollIntervalMs":2000}
[2025-11-15T12:19:30.520Z] [INFO] [submit] Submitting booking request {"correlationId":"904fd4c8-a537-4cdc-b291-262229551a74","bookingId":null,"url":"http://localhost:3020/api/bookings","restaurantSlug":"white-horse-pub-waterbeach","restaurantId":null,"date":"2025-11-25","time":"17:45","party":8,"bookingType":"dinner","seating":"any","marketingOptIn":false}
[2025-11-15T12:19:30.520Z] [INFO] [submit] Submitting booking request {"correlationId":"04528348-6839-4351-87c3-ee4ed05ceb74","bookingId":null,"url":"http://localhost:3020/api/bookings","restaurantSlug":"white-horse-pub-waterbeach","restaurantId":null,"date":"2025-11-25","time":"18:00","party":4,"bookingType":"dinner","seating":"any","marketingOptIn":false}
[2025-11-15T12:19:30.527Z] [INFO] [bootstrap] Starting booking flow {"correlationId":"55276968-fe16-440f-922a-d9827aab590c","bookingId":null,"iteration":1,"totalRuns":"stress","timeoutMs":180000,"inlineWindowMs":25000,"pollIntervalMs":2000}
[2025-11-15T12:19:30.527Z] [INFO] [submit] Submitting booking request {"correlationId":"55276968-fe16-440f-922a-d9827aab590c","bookingId":null,"url":"http://localhost:3020/api/bookings","restaurantSlug":"white-horse-pub-waterbeach","restaurantId":null,"date":"2025-11-25","time":"18:15","party":5,"bookingType":"dinner","seating":"any","marketingOptIn":false}
[supabase] strict hold enforcement active
[supabase] strict hold enforcement active
[supabase] strict hold enforcement active
[supabase] strict hold enforcement active
[2025-11-15T12:19:50.987Z] [INFO] [submit] Booking created {"correlationId":"04528348-6839-4351-87c3-ee4ed05ceb74","bookingId":"3eccf6d7-5ffb-4176-86b0-8018ac6a83b8","duplicate":false,"initialStatus":"confirmed","durationMs":20465,"maskedEmail":"bo***8@example.com","maskedPhone":"********8348"}
[2025-11-15T12:19:51.306Z] [INFO] [submit] Booking created {"correlationId":"55276968-fe16-440f-922a-d9827aab590c","bookingId":"e878e887-070e-48bf-a29f-60e88dad74cc","duplicate":false,"initialStatus":"confirmed","durationMs":20777,"maskedEmail":"bo***8@example.com","maskedPhone":"********6968"}
[2025-11-15T12:19:51.330Z] [INFO] [submit] Booking created {"correlationId":"6b8fe973-0a17-4841-8dfb-ee6437d62f27","bookingId":"c7384b3e-3856-4847-b90c-ade86ec01911","duplicate":false,"initialStatus":"pending","durationMs":20809,"maskedEmail":"bo***3@example.com","maskedPhone":"********4973"}
[2025-11-15T12:19:51.682Z] [INFO] [submit] Booking created {"correlationId":"904fd4c8-a537-4cdc-b291-262229551a74","bookingId":"e78f8bbf-3a8f-42b4-aeb4-e7c281dbed8d","duplicate":false,"initialStatus":"confirmed","durationMs":21161,"maskedEmail":"bo***8@example.com","maskedPhone":"********3428"}
[2025-11-15T12:19:51.697Z] [INFO] [final_summary] Booking confirmed inline (API response) {"correlationId":"04528348-6839-4351-87c3-ee4ed05ceb74","bookingId":"3eccf6d7-5ffb-4176-86b0-8018ac6a83b8","reference":"EJZ3T8DX4E","bookingDate":"2025-11-25","startTime":"18:00:00","endTime":"20:00:00","autoAssignLastResult":{"source":"inline","lastAttemptAt":"2025-11-15T12:19:50.173Z","success":true,"reason":null,"strategy":{"maxTables":null,"requireAdjacency":null},"trigger":"inline_creation","alternates":0,"durationMs":5954,"attemptId":"a49f099f-df1a-4233-a3cc-5ae0bdaad022","emailSent":true,"emailVariant":"standard"},"iteration":1,"submitDurationMs":20465,"inlineAttempts":0,"inlineDurationMs":0,"postJobAttempts":0,"postJobDurationMs":0,"backgroundInvoked":false,"backgroundDurationMs":null,"totalDurationMs":21177,"tablesAssigned":1,"totalCapacity":4,"seatWaste":0,"tableNumbers":["BA-03"],"partySize":4,"duplicateRequest":false,"status":"confirmed_inline_api","assignments":[{"id":"639f6246-6b38-4668-8299-cf1f0b602555","tableId":"55795b3d-9aec-475e-a8b9-380de8774325","tableNumber":"BA-03","zoneId":"14915a10-e151-4a4d-a2af-9557f57e9c9b","capacity":4,"startAt":null,"endAt":null}]}
[2025-11-15T12:19:51.697Z] [INFO] [bootstrap] Starting booking flow {"correlationId":"9ebedb20-e121-43ee-846f-ad6b5e59f3ca","bookingId":null,"iteration":2,"totalRuns":"stress","timeoutMs":180000,"inlineWindowMs":25000,"pollIntervalMs":2000}
[2025-11-15T12:19:51.697Z] [INFO] [submit] Submitting booking request {"correlationId":"9ebedb20-e121-43ee-846f-ad6b5e59f3ca","bookingId":null,"url":"http://localhost:3020/api/bookings","restaurantSlug":"white-horse-pub-waterbeach","restaurantId":null,"date":"2025-11-25","time":"18:00","party":4,"bookingType":"dinner","seating":"any","marketingOptIn":false}
[2025-11-15T12:19:51.990Z] [INFO] [final_summary] Booking confirmed inline (API response) {"correlationId":"55276968-fe16-440f-922a-d9827aab590c","bookingId":"e878e887-070e-48bf-a29f-60e88dad74cc","reference":"XMQJUZVDGN","bookingDate":"2025-11-25","startTime":"18:15:00","endTime":"20:15:00","autoAssignLastResult":{"source":"inline","lastAttemptAt":"2025-11-15T12:19:50.144Z","success":true,"reason":null,"strategy":{"maxTables":null,"requireAdjacency":null},"trigger":"inline_creation","alternates":0,"durationMs":5652,"attemptId":"dcf4e3e9-200d-4255-a2b5-50fc46a71949","emailSent":true,"emailVariant":"standard"},"iteration":1,"submitDurationMs":20777,"inlineAttempts":0,"inlineDurationMs":0,"postJobAttempts":0,"postJobDurationMs":0,"backgroundInvoked":false,"backgroundDurationMs":null,"totalDurationMs":21462,"tablesAssigned":1,"totalCapacity":6,"seatWaste":1,"tableNumbers":["BA-07"],"partySize":5,"duplicateRequest":false,"status":"confirmed_inline_api","assignments":[{"id":"39dda217-aaff-425f-bf89-e04b61dbb8fc","tableId":"f9eda902-6239-4e36-8233-c102a458027d","tableNumber":"BA-07","zoneId":"14915a10-e151-4a4d-a2af-9557f57e9c9b","capacity":6,"startAt":null,"endAt":null}]}
[2025-11-15T12:19:51.990Z] [INFO] [bootstrap] Starting booking flow {"correlationId":"e097a3a6-f0ed-4c92-9290-cfad363c8f46","bookingId":null,"iteration":2,"totalRuns":"stress","timeoutMs":180000,"inlineWindowMs":25000,"pollIntervalMs":2000}
[2025-11-15T12:19:51.990Z] [INFO] [submit] Submitting booking request {"correlationId":"e097a3a6-f0ed-4c92-9290-cfad363c8f46","bookingId":null,"url":"http://localhost:3020/api/bookings","restaurantSlug":"white-horse-pub-waterbeach","restaurantId":null,"date":"2025-11-25","time":"18:15","party":5,"bookingType":"dinner","seating":"any","marketingOptIn":false}
[2025-11-15T12:19:52.008Z] [INFO] [inline_poll] Status update {"correlationId":"6b8fe973-0a17-4841-8dfb-ee6437d62f27","bookingId":"c7384b3e-3856-4847-b90c-ade86ec01911","attempt":1,"status":"pending","assignments":0,"elapsedMs":677}
[2025-11-15T12:19:52.313Z] [INFO] [final_summary] Booking confirmed inline (API response) {"correlationId":"904fd4c8-a537-4cdc-b291-262229551a74","bookingId":"e78f8bbf-3a8f-42b4-aeb4-e7c281dbed8d","reference":"E5H2X6SVUS","bookingDate":"2025-11-25","startTime":"17:45:00","endTime":"19:45:00","autoAssignLastResult":{"source":"inline","lastAttemptAt":"2025-11-15T12:19:49.442Z","success":false,"reason":"INLINE_TIMEOUT","strategy":{"maxTables":null,"requireAdjacency":null},"trigger":"inline_creation","alternates":0,"durationMs":12004,"attemptId":"b9fba9e1-a0c5-4c77-8757-bbeeed4af851","emailSent":false,"emailVariant":"standard"},"iteration":1,"submitDurationMs":21161,"inlineAttempts":0,"inlineDurationMs":0,"postJobAttempts":0,"postJobDurationMs":0,"backgroundInvoked":false,"backgroundDurationMs":null,"totalDurationMs":21792,"tablesAssigned":1,"totalCapacity":8,"seatWaste":0,"tableNumbers":["MD-09"],"partySize":8,"duplicateRequest":false,"status":"confirmed_inline_api","assignments":[{"id":"431338b3-5102-4198-a632-4127c07d3ad4","tableId":"7ede1619-b3d0-4d7c-a722-01db7cd3bcbe","tableNumber":"MD-09","zoneId":"9666080e-8d18-416c-815e-5d5e29f7ad54","capacity":8,"startAt":null,"endAt":null}]}
[2025-11-15T12:19:52.314Z] [INFO] [bootstrap] Starting booking flow {"correlationId":"2c33a7d4-997c-49ee-b8ad-7963612201e1","bookingId":null,"iteration":2,"totalRuns":"stress","timeoutMs":180000,"inlineWindowMs":25000,"pollIntervalMs":2000}
[2025-11-15T12:19:52.314Z] [INFO] [submit] Submitting booking request {"correlationId":"2c33a7d4-997c-49ee-b8ad-7963612201e1","bookingId":null,"url":"http://localhost:3020/api/bookings","restaurantSlug":"white-horse-pub-waterbeach","restaurantId":null,"date":"2025-11-25","time":"17:45","party":8,"bookingType":"dinner","seating":"any","marketingOptIn":false}
[2025-11-15T12:20:01.321Z] [INFO] [inline_poll] Status update {"correlationId":"6b8fe973-0a17-4841-8dfb-ee6437d62f27","bookingId":"c7384b3e-3856-4847-b90c-ade86ec01911","attempt":5,"status":"confirmed","assignments":1,"elapsedMs":9990}
[2025-11-15T12:20:01.322Z] [INFO] [final_summary] Booking confirmed via inline flow {"correlationId":"6b8fe973-0a17-4841-8dfb-ee6437d62f27","bookingId":"c7384b3e-3856-4847-b90c-ade86ec01911","reference":"EEUSLVWXG9","bookingDate":"2025-11-25","startTime":"17:30:00","endTime":"19:30:00","autoAssignLastResult":{"source":"inline","lastAttemptAt":"2025-11-15T12:19:49.422Z","success":false,"reason":"INLINE_TIMEOUT","strategy":{"maxTables":null,"requireAdjacency":null},"trigger":"inline_creation","alternates":0,"durationMs":12001,"attemptId":"e1f1e47b-55e1-4c1d-8034-077f480c569f","emailSent":false,"emailVariant":"standard"},"iteration":1,"submitDurationMs":20809,"inlineAttempts":5,"inlineDurationMs":9990,"postJobAttempts":0,"postJobDurationMs":0,"backgroundInvoked":false,"backgroundDurationMs":null,"totalDurationMs":30801,"tablesAssigned":1,"totalCapacity":8,"seatWaste":0,"tableNumbers":["MD-10"],"partySize":8,"duplicateRequest":false,"status":"confirmed_inline_poll","assignments":[{"id":"b1572169-777f-43c4-a7e8-7dad117f2109","tableId":"e2cf02cc-d1ad-4e8a-82eb-b1afaeaab1c9","tableNumber":"MD-10","zoneId":"9666080e-8d18-416c-815e-5d5e29f7ad54","capacity":8,"startAt":null,"endAt":null}]}
[2025-11-15T12:20:01.323Z] [INFO] [bootstrap] Starting booking flow {"correlationId":"e68f761c-2088-4d51-975b-cce18373d82e","bookingId":null,"iteration":2,"totalRuns":"stress","timeoutMs":180000,"inlineWindowMs":25000,"pollIntervalMs":2000}
[2025-11-15T12:20:01.323Z] [INFO] [submit] Submitting booking request {"correlationId":"e68f761c-2088-4d51-975b-cce18373d82e","bookingId":null,"url":"http://localhost:3020/api/bookings","restaurantSlug":"white-horse-pub-waterbeach","restaurantId":null,"date":"2025-11-25","time":"17:30","party":8,"bookingType":"dinner","seating":"any","marketingOptIn":false}
[2025-11-15T12:20:10.636Z] [INFO] [submit] Booking created {"correlationId":"9ebedb20-e121-43ee-846f-ad6b5e59f3ca","bookingId":"ffd4ddec-d874-437e-a11e-f2a980a90e8a","duplicate":false,"initialStatus":"confirmed","durationMs":18938,"maskedEmail":"bo***0@example.com","maskedPhone":"********3120"}
[2025-11-15T12:20:10.693Z] [INFO] [submit] Booking created {"correlationId":"e097a3a6-f0ed-4c92-9290-cfad363c8f46","bookingId":"c5c3ef49-4245-4d4b-bbc7-361891c08d8f","duplicate":false,"initialStatus":"confirmed","durationMs":18702,"maskedEmail":"bo***6@example.com","maskedPhone":"********0306"}
[2025-11-15T12:20:11.352Z] [INFO] [submit] Booking created {"correlationId":"2c33a7d4-997c-49ee-b8ad-7963612201e1","bookingId":"9e38187f-a006-4c8a-b7d1-56ec8ead032c","duplicate":false,"initialStatus":"confirmed","durationMs":19037,"maskedEmail":"bo***4@example.com","maskedPhone":"********0734"}
[2025-11-15T12:20:11.357Z] [INFO] [final_summary] Booking confirmed inline (API response) {"correlationId":"e097a3a6-f0ed-4c92-9290-cfad363c8f46","bookingId":"c5c3ef49-4245-4d4b-bbc7-361891c08d8f","reference":"WA3VWLXXA9","bookingDate":"2025-11-25","startTime":"18:15:00","endTime":"20:15:00","autoAssignLastResult":{"source":"inline","lastAttemptAt":"2025-11-15T12:20:09.540Z","success":true,"reason":null,"strategy":{"maxTables":null,"requireAdjacency":null},"trigger":"inline_creation","alternates":0,"durationMs":5639,"attemptId":"bf928028-2e1d-4313-a326-a327cb25f6e6","emailSent":true,"emailVariant":"standard"},"iteration":2,"submitDurationMs":18702,"inlineAttempts":0,"inlineDurationMs":0,"postJobAttempts":0,"postJobDurationMs":0,"backgroundInvoked":false,"backgroundDurationMs":null,"totalDurationMs":19367,"tablesAssigned":1,"totalCapacity":6,"seatWaste":1,"tableNumbers":["BA-08"],"partySize":5,"duplicateRequest":false,"status":"confirmed_inline_api","assignments":[{"id":"d23680e7-770b-4c16-804e-8aef9b38ff01","tableId":"56c51845-ece9-4804-af63-ed68084180de","tableNumber":"BA-08","zoneId":"14915a10-e151-4a4d-a2af-9557f57e9c9b","capacity":6,"startAt":null,"endAt":null}]}
[2025-11-15T12:20:11.359Z] [INFO] [bootstrap] Starting booking flow {"correlationId":"fddc2cf9-99a6-4156-a467-d1ce451293cb","bookingId":null,"iteration":3,"totalRuns":"stress","timeoutMs":180000,"inlineWindowMs":25000,"pollIntervalMs":2000}
[2025-11-15T12:20:11.359Z] [INFO] [submit] Submitting booking request {"correlationId":"fddc2cf9-99a6-4156-a467-d1ce451293cb","bookingId":null,"url":"http://localhost:3020/api/bookings","restaurantSlug":"white-horse-pub-waterbeach","restaurantId":null,"date":"2025-11-25","time":"18:15","party":5,"bookingType":"dinner","seating":"any","marketingOptIn":false}
[2025-11-15T12:20:11.359Z] [INFO] [final_summary] Booking confirmed inline (API response) {"correlationId":"9ebedb20-e121-43ee-846f-ad6b5e59f3ca","bookingId":"ffd4ddec-d874-437e-a11e-f2a980a90e8a","reference":"G4FDYLJR8Y","bookingDate":"2025-11-25","startTime":"18:00:00","endTime":"20:00:00","autoAssignLastResult":{"source":"inline","lastAttemptAt":"2025-11-15T12:20:09.469Z","success":true,"reason":null,"strategy":{"maxTables":null,"requireAdjacency":null},"trigger":"inline_creation","alternates":0,"durationMs":5777,"attemptId":"845183aa-e884-46d4-8fdf-0b5ae78e50ec","emailSent":true,"emailVariant":"standard"},"iteration":2,"submitDurationMs":18938,"inlineAttempts":0,"inlineDurationMs":0,"postJobAttempts":0,"postJobDurationMs":0,"backgroundInvoked":false,"backgroundDurationMs":null,"totalDurationMs":19662,"tablesAssigned":1,"totalCapacity":4,"seatWaste":0,"tableNumbers":["BA-04"],"partySize":4,"duplicateRequest":false,"status":"confirmed_inline_api","assignments":[{"id":"3d0c958e-f858-4db9-943e-8a7444c83b4d","tableId":"11a2e334-fe76-46c8-8a21-e4394fe94812","tableNumber":"BA-04","zoneId":"14915a10-e151-4a4d-a2af-9557f57e9c9b","capacity":4,"startAt":null,"endAt":null}]}
[2025-11-15T12:20:11.360Z] [INFO] [bootstrap] Starting booking flow {"correlationId":"03d5a75a-5133-48f2-be97-64e39a7cdb08","bookingId":null,"iteration":3,"totalRuns":"stress","timeoutMs":180000,"inlineWindowMs":25000,"pollIntervalMs":2000}
[2025-11-15T12:20:11.360Z] [INFO] [submit] Submitting booking request {"correlationId":"03d5a75a-5133-48f2-be97-64e39a7cdb08","bookingId":null,"url":"http://localhost:3020/api/bookings","restaurantSlug":"white-horse-pub-waterbeach","restaurantId":null,"date":"2025-11-25","time":"18:00","party":4,"bookingType":"dinner","seating":"any","marketingOptIn":false}
[2025-11-15T12:20:12.003Z] [INFO] [final_summary] Booking confirmed inline (API response) {"correlationId":"2c33a7d4-997c-49ee-b8ad-7963612201e1","bookingId":"9e38187f-a006-4c8a-b7d1-56ec8ead032c","reference":"GCNV4VKCR9","bookingDate":"2025-11-25","startTime":"17:45:00","endTime":"19:45:00","autoAssignLastResult":{"source":"inline","lastAttemptAt":"2025-11-15T12:20:09.811Z","success":true,"reason":null,"strategy":{"maxTables":null,"requireAdjacency":null},"trigger":"inline_creation","alternates":0,"durationMs":5511,"attemptId":"7b295410-ec60-4348-a16d-bfc5b1f2fd88","emailSent":true,"emailVariant":"standard"},"iteration":2,"submitDurationMs":19037,"inlineAttempts":0,"inlineDurationMs":0,"postJobAttempts":0,"postJobDurationMs":0,"backgroundInvoked":false,"backgroundDurationMs":null,"totalDurationMs":19689,"tablesAssigned":1,"totalCapacity":8,"seatWaste":0,"tableNumbers":["OG-06"],"partySize":8,"duplicateRequest":false,"status":"confirmed_inline_api","assignments":[{"id":"411cffd6-2d42-4683-9290-141971943a29","tableId":"9d3478f1-dc09-4b8e-bea9-303e1d52f980","tableNumber":"OG-06","zoneId":"eb340f0f-df1e-46fd-a236-f6c128205dbf","capacity":8,"startAt":null,"endAt":null}]}
[2025-11-15T12:20:12.005Z] [INFO] [bootstrap] Starting booking flow {"correlationId":"05858f57-a0a8-4bc4-9a04-4ee9d89d45c7","bookingId":null,"iteration":3,"totalRuns":"stress","timeoutMs":180000,"inlineWindowMs":25000,"pollIntervalMs":2000}
[2025-11-15T12:20:12.005Z] [INFO] [submit] Submitting booking request {"correlationId":"05858f57-a0a8-4bc4-9a04-4ee9d89d45c7","bookingId":null,"url":"http://localhost:3020/api/bookings","restaurantSlug":"white-horse-pub-waterbeach","restaurantId":null,"date":"2025-11-25","time":"17:45","party":8,"bookingType":"dinner","seating":"any","marketingOptIn":false}
[2025-11-15T12:20:21.233Z] [INFO] [submit] Booking created {"correlationId":"e68f761c-2088-4d51-975b-cce18373d82e","bookingId":"a5a809ec-e521-41fe-8d90-0e27f7eba9ca","duplicate":false,"initialStatus":"confirmed","durationMs":19908,"maskedEmail":"bo***c@example.com","maskedPhone":"********7612"}
[2025-11-15T12:20:21.910Z] [INFO] [final_summary] Booking confirmed inline (API response) {"correlationId":"e68f761c-2088-4d51-975b-cce18373d82e","bookingId":"a5a809ec-e521-41fe-8d90-0e27f7eba9ca","reference":"46GGG7TR63","bookingDate":"2025-11-25","startTime":"17:30:00","endTime":"19:30:00","autoAssignLastResult":{"source":"inline","lastAttemptAt":"2025-11-15T12:20:19.073Z","success":true,"reason":null,"strategy":{"maxTables":null,"requireAdjacency":null},"trigger":"inline_creation","alternates":0,"durationMs":5572,"attemptId":"a5cf2943-2111-4f84-a4ad-2200e6244e06","emailSent":true,"emailVariant":"standard"},"iteration":2,"submitDurationMs":19908,"inlineAttempts":0,"inlineDurationMs":0,"postJobAttempts":0,"postJobDurationMs":0,"backgroundInvoked":false,"backgroundDurationMs":null,"totalDurationMs":20587,"tablesAssigned":1,"totalCapacity":8,"seatWaste":0,"tableNumbers":["PT-07"],"partySize":8,"duplicateRequest":false,"status":"confirmed_inline_api","assignments":[{"id":"0a2a40d3-1539-4430-8dbb-21fd65dc4d8a","tableId":"9c978987-4749-4d2c-b98b-ec853aeafbd7","tableNumber":"PT-07","zoneId":"ac2bb419-063a-4997-87a6-f0cbf29d7150","capacity":8,"startAt":null,"endAt":null}]}
[2025-11-15T12:20:21.911Z] [INFO] [bootstrap] Starting booking flow {"correlationId":"2fff374f-94ed-4915-b456-f7a223a7fe2c","bookingId":null,"iteration":3,"totalRuns":"stress","timeoutMs":180000,"inlineWindowMs":25000,"pollIntervalMs":2000}
[2025-11-15T12:20:21.911Z] [INFO] [submit] Submitting booking request {"correlationId":"2fff374f-94ed-4915-b456-f7a223a7fe2c","bookingId":null,"url":"http://localhost:3020/api/bookings","restaurantSlug":"white-horse-pub-waterbeach","restaurantId":null,"date":"2025-11-25","time":"17:30","party":8,"bookingType":"dinner","seating":"any","marketingOptIn":false}
[2025-11-15T12:20:31.236Z] [INFO] [submit] Booking created {"correlationId":"03d5a75a-5133-48f2-be97-64e39a7cdb08","bookingId":"b29432bf-65f2-4ca9-af64-d8de19093e08","duplicate":false,"initialStatus":"confirmed","durationMs":19875,"maskedEmail":"bo***a@example.com","maskedPhone":"********0750"}
[2025-11-15T12:20:31.565Z] [INFO] [submit] Booking created {"correlationId":"fddc2cf9-99a6-4156-a467-d1ce451293cb","bookingId":"89965eb4-47bd-4658-95ba-c2945a9890c3","duplicate":false,"initialStatus":"confirmed","durationMs":20204,"maskedEmail":"bo***9@example.com","maskedPhone":"********2259"}
[2025-11-15T12:20:31.872Z] [INFO] [final_summary] Booking confirmed inline (API response) {"correlationId":"03d5a75a-5133-48f2-be97-64e39a7cdb08","bookingId":"b29432bf-65f2-4ca9-af64-d8de19093e08","reference":"XESNQC24WR","bookingDate":"2025-11-25","startTime":"18:00:00","endTime":"20:00:00","autoAssignLastResult":{"source":"inline","lastAttemptAt":"2025-11-15T12:20:28.431Z","success":false,"reason":"INLINE_TIMEOUT","strategy":{"maxTables":null,"requireAdjacency":null},"trigger":"inline_creation","alternates":0,"durationMs":12004,"attemptId":"567ce710-0b93-42ab-a8dc-fed0bfe926cb","emailSent":false,"emailVariant":"standard"},"iteration":3,"submitDurationMs":19875,"inlineAttempts":0,"inlineDurationMs":0,"postJobAttempts":0,"postJobDurationMs":0,"backgroundInvoked":false,"backgroundDurationMs":null,"totalDurationMs":20511,"tablesAssigned":1,"totalCapacity":4,"seatWaste":0,"tableNumbers":["BA-05"],"partySize":4,"duplicateRequest":false,"status":"confirmed_inline_api","assignments":[{"id":"8aff48e7-dd24-4919-964d-dea9f84043e0","tableId":"b28fd031-e789-41e1-8dfc-5c29c514d40e","tableNumber":"BA-05","zoneId":"14915a10-e151-4a4d-a2af-9557f57e9c9b","capacity":4,"startAt":null,"endAt":null}]}
[2025-11-15T12:20:31.873Z] [INFO] [bootstrap] Starting booking flow {"correlationId":"dc87bb04-1533-4c49-849f-cd6026d0f59c","bookingId":null,"iteration":4,"totalRuns":"stress","timeoutMs":180000,"inlineWindowMs":25000,"pollIntervalMs":2000}
[2025-11-15T12:20:31.873Z] [INFO] [submit] Submitting booking request {"correlationId":"dc87bb04-1533-4c49-849f-cd6026d0f59c","bookingId":null,"url":"http://localhost:3020/api/bookings","restaurantSlug":"white-horse-pub-waterbeach","restaurantId":null,"date":"2025-11-25","time":"18:00","party":4,"bookingType":"dinner","seating":"any","marketingOptIn":false}
[2025-11-15T12:20:31.889Z] [INFO] [submit] Booking created {"correlationId":"05858f57-a0a8-4bc4-9a04-4ee9d89d45c7","bookingId":"13054429-ee3d-4fda-8e4e-0fd3f584feaa","duplicate":false,"initialStatus":"confirmed","durationMs":19883,"maskedEmail":"bo***7@example.com","maskedPhone":"********8557"}
[2025-11-15T12:20:32.286Z] [INFO] [final_summary] Booking confirmed inline (API response) {"correlationId":"fddc2cf9-99a6-4156-a467-d1ce451293cb","bookingId":"89965eb4-47bd-4658-95ba-c2945a9890c3","reference":"X7VC5GUNCB","bookingDate":"2025-11-25","startTime":"18:15:00","endTime":"20:15:00","autoAssignLastResult":{"source":"inline","lastAttemptAt":"2025-11-15T12:20:29.697Z","success":false,"reason":"INLINE_TIMEOUT","strategy":{"maxTables":null,"requireAdjacency":null},"trigger":"inline_creation","alternates":0,"durationMs":12005,"attemptId":"6e2d37cd-7d53-4afb-ba53-950ea146b699","emailSent":false,"emailVariant":"standard"},"iteration":3,"submitDurationMs":20204,"inlineAttempts":0,"inlineDurationMs":0,"postJobAttempts":0,"postJobDurationMs":0,"backgroundInvoked":false,"backgroundDurationMs":null,"totalDurationMs":20927,"tablesAssigned":1,"totalCapacity":6,"seatWaste":1,"tableNumbers":["MD-07"],"partySize":5,"duplicateRequest":false,"status":"confirmed_inline_api","assignments":[{"id":"1358f209-e7ce-4362-bfc5-95b4f8217e13","tableId":"483402e2-877c-4b85-b96b-c1db23cd3f23","tableNumber":"MD-07","zoneId":"9666080e-8d18-416c-815e-5d5e29f7ad54","capacity":6,"startAt":null,"endAt":null}]}
[2025-11-15T12:20:32.287Z] [INFO] [bootstrap] Starting booking flow {"correlationId":"8830115d-b98c-47ad-bd2c-4113fda8caa4","bookingId":null,"iteration":4,"totalRuns":"stress","timeoutMs":180000,"inlineWindowMs":25000,"pollIntervalMs":2000}
[2025-11-15T12:20:32.287Z] [INFO] [submit] Submitting booking request {"correlationId":"8830115d-b98c-47ad-bd2c-4113fda8caa4","bookingId":null,"url":"http://localhost:3020/api/bookings","restaurantSlug":"white-horse-pub-waterbeach","restaurantId":null,"date":"2025-11-25","time":"18:15","party":5,"bookingType":"dinner","seating":"any","marketingOptIn":false}
[2025-11-15T12:20:32.622Z] [INFO] [final_summary] Booking confirmed inline (API response) {"correlationId":"05858f57-a0a8-4bc4-9a04-4ee9d89d45c7","bookingId":"13054429-ee3d-4fda-8e4e-0fd3f584feaa","reference":"SDFCWKA9KR","bookingDate":"2025-11-25","startTime":"17:45:00","endTime":"19:45:00","autoAssignLastResult":{"source":"inline","lastAttemptAt":"2025-11-15T12:20:31.578Z","success":true,"reason":null,"strategy":{"maxTables":null,"requireAdjacency":null},"trigger":"inline_creation","alternates":0,"durationMs":5912,"attemptId":"f90aeb4e-de48-41da-8cb5-f47fa3bca522","emailSent":true,"emailVariant":"standard"},"iteration":3,"submitDurationMs":19883,"inlineAttempts":0,"inlineDurationMs":0,"postJobAttempts":0,"postJobDurationMs":0,"backgroundInvoked":false,"backgroundDurationMs":null,"totalDurationMs":20617,"tablesAssigned":1,"totalCapacity":8,"seatWaste":0,"tableNumbers":["PT-08"],"partySize":8,"duplicateRequest":false,"status":"confirmed_inline_api","assignments":[{"id":"33a873ac-f8cf-4269-be7b-c089601dda07","tableId":"5c480ff3-3fcc-4db1-abc1-ae87f53259a5","tableNumber":"PT-08","zoneId":"ac2bb419-063a-4997-87a6-f0cbf29d7150","capacity":8,"startAt":null,"endAt":null}]}
[2025-11-15T12:20:32.623Z] [INFO] [bootstrap] Starting booking flow {"correlationId":"57bb4556-69f4-45ee-8b62-672e146e9f99","bookingId":null,"iteration":4,"totalRuns":"stress","timeoutMs":180000,"inlineWindowMs":25000,"pollIntervalMs":2000}
[2025-11-15T12:20:32.623Z] [INFO] [submit] Submitting booking request {"correlationId":"57bb4556-69f4-45ee-8b62-672e146e9f99","bookingId":null,"url":"http://localhost:3020/api/bookings","restaurantSlug":"white-horse-pub-waterbeach","restaurantId":null,"date":"2025-11-25","time":"17:45","party":8,"bookingType":"dinner","seating":"any","marketingOptIn":false}
[2025-11-15T12:20:41.805Z] [INFO] [submit] Booking created {"correlationId":"2fff374f-94ed-4915-b456-f7a223a7fe2c","bookingId":"bb0615eb-2935-4e5a-8c6d-d798a056645f","duplicate":false,"initialStatus":"confirmed","durationMs":19894,"maskedEmail":"bo***f@example.com","maskedPhone":"********3745"}
[2025-11-15T12:20:42.431Z] [INFO] [final_summary] Booking confirmed inline (API response) {"correlationId":"2fff374f-94ed-4915-b456-f7a223a7fe2c","bookingId":"bb0615eb-2935-4e5a-8c6d-d798a056645f","reference":"RYKBG5F9CX","bookingDate":"2025-11-25","startTime":"17:30:00","endTime":"19:30:00","autoAssignLastResult":{"source":"inline","lastAttemptAt":"2025-11-15T12:20:40.928Z","success":true,"reason":null,"strategy":{"maxTables":null,"requireAdjacency":null},"trigger":"inline_creation","alternates":0,"durationMs":5601,"attemptId":"7f207451-3699-4796-8931-cfcb61cccc16","emailSent":true,"emailVariant":"standard"},"iteration":3,"submitDurationMs":19894,"inlineAttempts":0,"inlineDurationMs":0,"postJobAttempts":0,"postJobDurationMs":0,"backgroundInvoked":false,"backgroundDurationMs":null,"totalDurationMs":20520,"tablesAssigned":2,"totalCapacity":8,"seatWaste":0,"tableNumbers":["MD-03","MD-04"],"partySize":8,"duplicateRequest":false,"status":"confirmed_inline_api","assignments":[{"id":"c05c80f5-74e6-4e19-8446-959dcf505722","tableId":"4aba580b-9649-4b54-a267-431077c6cff9","tableNumber":"MD-03","zoneId":"9666080e-8d18-416c-815e-5d5e29f7ad54","capacity":4,"startAt":null,"endAt":null},{"id":"c54af71d-6270-484f-beba-13f6624c7271","tableId":"59a623b8-43fa-4b17-a4d5-347218580b3d","tableNumber":"MD-04","zoneId":"9666080e-8d18-416c-815e-5d5e29f7ad54","capacity":4,"startAt":null,"endAt":null}]}
[2025-11-15T12:20:42.432Z] [INFO] [bootstrap] Starting booking flow {"correlationId":"81070da0-0b6a-4248-b25e-f63d6ef76635","bookingId":null,"iteration":4,"totalRuns":"stress","timeoutMs":180000,"inlineWindowMs":25000,"pollIntervalMs":2000}
[2025-11-15T12:20:42.432Z] [INFO] [submit] Submitting booking request {"correlationId":"81070da0-0b6a-4248-b25e-f63d6ef76635","bookingId":null,"url":"http://localhost:3020/api/bookings","restaurantSlug":"white-horse-pub-waterbeach","restaurantId":null,"date":"2025-11-25","time":"17:30","party":8,"bookingType":"dinner","seating":"any","marketingOptIn":false}
[2025-11-15T12:20:51.442Z] [INFO] [submit] Booking created {"correlationId":"dc87bb04-1533-4c49-849f-cd6026d0f59c","bookingId":"bd40c5b9-ae9f-4c63-8140-8cd969110852","duplicate":false,"initialStatus":"confirmed","durationMs":19569,"maskedEmail":"bo***4@example.com","maskedPhone":"********1104"}
[2025-11-15T12:20:51.502Z] [INFO] [submit] Booking created {"correlationId":"57bb4556-69f4-45ee-8b62-672e146e9f99","bookingId":"d5acb67b-e4da-4d64-a928-5be4bc38ba6c","duplicate":false,"initialStatus":"confirmed","durationMs":18878,"maskedEmail":"bo***6@example.com","maskedPhone":"********4556"}
[2025-11-15T12:20:51.821Z] [INFO] [submit] Booking created {"correlationId":"8830115d-b98c-47ad-bd2c-4113fda8caa4","bookingId":"e4c419a6-f6e6-4e0f-9ce0-15b73e0d992f","duplicate":false,"initialStatus":"confirmed","durationMs":19533,"maskedEmail":"bo***d@example.com","maskedPhone":"********1153"}
[2025-11-15T12:20:52.044Z] [INFO] [final_summary] Booking confirmed inline (API response) {"correlationId":"dc87bb04-1533-4c49-849f-cd6026d0f59c","bookingId":"bd40c5b9-ae9f-4c63-8140-8cd969110852","reference":"4Z2JTWYSBE","bookingDate":"2025-11-25","startTime":"18:00:00","endTime":"20:00:00","autoAssignLastResult":{"source":"inline","lastAttemptAt":"2025-11-15T12:20:49.839Z","success":true,"reason":null,"strategy":{"maxTables":null,"requireAdjacency":null},"trigger":"inline_creation","alternates":0,"durationMs":5499,"attemptId":"2fd7e9cb-5137-47c4-ac93-ce4cbf2c5fcd","emailSent":true,"emailVariant":"standard"},"iteration":4,"submitDurationMs":19569,"inlineAttempts":0,"inlineDurationMs":0,"postJobAttempts":0,"postJobDurationMs":0,"backgroundInvoked":false,"backgroundDurationMs":null,"totalDurationMs":20171,"tablesAssigned":1,"totalCapacity":4,"seatWaste":0,"tableNumbers":["BA-06"],"partySize":4,"duplicateRequest":false,"status":"confirmed_inline_api","assignments":[{"id":"3bd4e0df-cc75-44b3-ba35-0868c088cf31","tableId":"61646669-c785-4d58-9c73-bddf03abe775","tableNumber":"BA-06","zoneId":"14915a10-e151-4a4d-a2af-9557f57e9c9b","capacity":4,"startAt":null,"endAt":null}]}
[stress] Summary {
  totalRuns: 4,
  successes: 4,
  failures: 0,
  maxRuns: 4,
  completedTarget: true,
  durationMs: { count: 4, min: 19662, max: 21177, avg: 20380.25, p95: 20511 },
  seatWaste: { count: 4, min: 0, max: 0, avg: 0, p95: 0 },
  tablesPerBooking: { count: 4, min: 1, max: 1, avg: 1, p95: 1 },
  uniqueTables: [ 'BA-03', 'BA-04', 'BA-05', 'BA-06' ]
}
✅ Stress run completed 4 booking(s) without failure.

>>> [worker 3] Slot 18:30 (party 7)
[2025-11-15T12:20:52.122Z] [INFO] [final_summary] Booking confirmed inline (API response) {"correlationId":"57bb4556-69f4-45ee-8b62-672e146e9f99","bookingId":"d5acb67b-e4da-4d64-a928-5be4bc38ba6c","reference":"LV8762LASY","bookingDate":"2025-11-25","startTime":"17:45:00","endTime":"19:45:00","autoAssignLastResult":{"source":"inline","lastAttemptAt":"2025-11-15T12:20:50.173Z","success":true,"reason":null,"strategy":{"maxTables":null,"requireAdjacency":null},"trigger":"inline_creation","alternates":0,"durationMs":5202,"attemptId":"aa121424-06b4-4aa0-b3fb-9a8d208bffe4","emailSent":true,"emailVariant":"standard"},"iteration":4,"submitDurationMs":18878,"inlineAttempts":0,"inlineDurationMs":0,"postJobAttempts":0,"postJobDurationMs":0,"backgroundInvoked":false,"backgroundDurationMs":null,"totalDurationMs":19499,"tablesAssigned":2,"totalCapacity":8,"seatWaste":0,"tableNumbers":["MD-05","MD-06"],"partySize":8,"duplicateRequest":false,"status":"confirmed_inline_api","assignments":[{"id":"7ee7e146-e25e-4b82-a5c9-fcbc4d0ff79b","tableId":"49b9edd0-f47e-481e-a888-f663f8ba2ce5","tableNumber":"MD-05","zoneId":"9666080e-8d18-416c-815e-5d5e29f7ad54","capacity":4,"startAt":null,"endAt":null},{"id":"49f28699-dbed-4ef4-9188-d504dae53871","tableId":"ee257a77-f86a-4400-9f69-f2ef78896fb4","tableNumber":"MD-06","zoneId":"9666080e-8d18-416c-815e-5d5e29f7ad54","capacity":4,"startAt":null,"endAt":null}]}
[stress] Summary {
  totalRuns: 4,
  successes: 4,
  failures: 0,
  maxRuns: 4,
  completedTarget: true,
  durationMs: { count: 4, min: 19499, max: 21792, avg: 20399.25, p95: 20617 },
  seatWaste: { count: 4, min: 0, max: 0, avg: 0, p95: 0 },
  tablesPerBooking: { count: 4, min: 1, max: 2, avg: 1.25, p95: 1 },
  uniqueTables: [ 'MD-05', 'MD-06', 'MD-09', 'OG-06', 'PT-08' ]
}
✅ Stress run completed 4 booking(s) without failure.

> ship-fast-code@0.1.0 booking:flow /Users/amankumarshrestha/Downloads/SajiloReserveX
> tsx -r tsconfig-paths/register scripts/run-booking-flow.ts --restaurant-slug white-horse-pub-waterbeach --date 2025-11-25 --time 18\:30 --party-size 7 --stress --stress-max 4 --timeout-ms 180000 --base-url http\://localhost\:3020 --pretty

[2025-11-15T12:20:52.432Z] [INFO] [final_summary] Booking confirmed inline (API response) {"correlationId":"8830115d-b98c-47ad-bd2c-4113fda8caa4","bookingId":"e4c419a6-f6e6-4e0f-9ce0-15b73e0d992f","reference":"ABVLXGZVZK","bookingDate":"2025-11-25","startTime":"18:15:00","endTime":"20:15:00","autoAssignLastResult":{"source":"inline","lastAttemptAt":"2025-11-15T12:20:50.783Z","success":true,"reason":null,"strategy":{"maxTables":null,"requireAdjacency":null},"trigger":"inline_creation","alternates":0,"durationMs":5631,"attemptId":"9dca4adf-6ba3-4ff6-a729-1e946a0eecec","emailSent":true,"emailVariant":"standard"},"iteration":4,"submitDurationMs":19533,"inlineAttempts":0,"inlineDurationMs":0,"postJobAttempts":0,"postJobDurationMs":0,"backgroundInvoked":false,"backgroundDurationMs":null,"totalDurationMs":20145,"tablesAssigned":1,"totalCapacity":6,"seatWaste":1,"tableNumbers":["MD-08"],"partySize":5,"duplicateRequest":false,"status":"confirmed_inline_api","assignments":[{"id":"6abddd1e-6c56-4377-b06c-8d5fe8a13251","tableId":"54aed07b-5079-4785-9386-ff133c5584e4","tableNumber":"MD-08","zoneId":"9666080e-8d18-416c-815e-5d5e29f7ad54","capacity":6,"startAt":null,"endAt":null}]}
[stress] Summary {
  totalRuns: 4,
  successes: 4,
  failures: 0,
  maxRuns: 4,
  completedTarget: true,
  durationMs: { count: 4, min: 19367, max: 21462, avg: 20475.25, p95: 20927 },
  seatWaste: { count: 4, min: 1, max: 1, avg: 1, p95: 1 },
  tablesPerBooking: { count: 4, min: 1, max: 1, avg: 1, p95: 1 },
  uniqueTables: [ 'BA-07', 'BA-08', 'MD-07', 'MD-08' ]
}
✅ Stress run completed 4 booking(s) without failure.
[dotenv@17.2.2] injecting env (0) from .env.local -- tip: 🔐 encrypt with Dotenvx: https://dotenvx.com
[dotenv@17.2.2] injecting env (0) from .env.development -- tip: 🔐 prevent committing .env to code: https://dotenvx.com/precommit
[dotenv@17.2.2] injecting env (0) from .env -- tip: 📡 observe env with Radar: https://dotenvx.com/radar
[2025-11-15T12:20:52.672Z] [INFO] [bootstrap] Starting booking flow {"correlationId":"985ca455-bc1d-414c-b5f7-1aa9bfab6937","bookingId":null,"iteration":1,"totalRuns":"stress","timeoutMs":180000,"inlineWindowMs":25000,"pollIntervalMs":2000}
[2025-11-15T12:20:52.672Z] [INFO] [submit] Submitting booking request {"correlationId":"985ca455-bc1d-414c-b5f7-1aa9bfab6937","bookingId":null,"url":"http://localhost:3020/api/bookings","restaurantSlug":"white-horse-pub-waterbeach","restaurantId":null,"date":"2025-11-25","time":"18:30","party":7,"bookingType":"dinner","seating":"any","marketingOptIn":false}
[supabase] strict hold enforcement active
[2025-11-15T12:21:01.496Z] [INFO] [submit] Booking created {"correlationId":"81070da0-0b6a-4248-b25e-f63d6ef76635","bookingId":"fd544c6d-9d23-4101-a750-045431349271","duplicate":false,"initialStatus":"confirmed","durationMs":19063,"maskedEmail":"bo***0@example.com","maskedPhone":"********0300"}
[2025-11-15T12:21:02.135Z] [INFO] [final_summary] Booking confirmed inline (API response) {"correlationId":"81070da0-0b6a-4248-b25e-f63d6ef76635","bookingId":"fd544c6d-9d23-4101-a750-045431349271","reference":"4LL3JWK3F6","bookingDate":"2025-11-25","startTime":"17:30:00","endTime":"19:30:00","autoAssignLastResult":{"source":"inline","lastAttemptAt":"2025-11-15T12:20:59.792Z","success":true,"reason":null,"strategy":{"maxTables":null,"requireAdjacency":null},"trigger":"inline_creation","alternates":0,"durationMs":5496,"attemptId":"03579109-c3cc-43f4-a818-1cd39374d6d2","emailSent":true,"emailVariant":"standard"},"iteration":4,"submitDurationMs":19063,"inlineAttempts":0,"inlineDurationMs":0,"postJobAttempts":0,"postJobDurationMs":0,"backgroundInvoked":false,"backgroundDurationMs":null,"totalDurationMs":19703,"tablesAssigned":2,"totalCapacity":8,"seatWaste":0,"tableNumbers":["PT-04","PT-03"],"partySize":8,"duplicateRequest":false,"status":"confirmed_inline_api","assignments":[{"id":"b1c468b8-8a6d-4463-add5-58c84948bbce","tableId":"76e0fce4-dfce-4a32-921d-12aed10ce250","tableNumber":"PT-04","zoneId":"ac2bb419-063a-4997-87a6-f0cbf29d7150","capacity":4,"startAt":null,"endAt":null},{"id":"25bbc1c0-8f61-4562-86ba-fbb8d24a741a","tableId":"a3762343-4afd-4990-aa32-bb04e37bfebb","tableNumber":"PT-03","zoneId":"ac2bb419-063a-4997-87a6-f0cbf29d7150","capacity":4,"startAt":null,"endAt":null}]}
[stress] Summary {
  totalRuns: 4,
  successes: 4,
  failures: 0,
  maxRuns: 4,
  completedTarget: true,
  durationMs: { count: 4, min: 19703, max: 30801, avg: 22902.75, p95: 20587 },
  seatWaste: { count: 4, min: 0, max: 0, avg: 0, p95: 0 },
  tablesPerBooking: { count: 4, min: 1, max: 2, avg: 1.5, p95: 2 },
  uniqueTables: [ 'MD-03', 'MD-04', 'MD-10', 'PT-03', 'PT-04', 'PT-07' ]
}
✅ Stress run completed 4 booking(s) without failure.
[2025-11-15T12:21:11.404Z] [INFO] [submit] Booking created {"correlationId":"985ca455-bc1d-414c-b5f7-1aa9bfab6937","bookingId":"fc9b08a7-2088-415d-8ed3-92e60e307604","duplicate":false,"initialStatus":"confirmed","durationMs":18731,"maskedEmail":"bo***5@example.com","maskedPhone":"********0455"}
[2025-11-15T12:21:12.054Z] [INFO] [final_summary] Booking confirmed inline (API response) {"correlationId":"985ca455-bc1d-414c-b5f7-1aa9bfab6937","bookingId":"fc9b08a7-2088-415d-8ed3-92e60e307604","reference":"CBMQ4MHX2Z","bookingDate":"2025-11-25","startTime":"18:30:00","endTime":"20:30:00","autoAssignLastResult":{"source":"inline","lastAttemptAt":"2025-11-15T12:21:10.485Z","success":true,"reason":null,"strategy":{"maxTables":null,"requireAdjacency":null},"trigger":"inline_creation","alternates":0,"durationMs":5447,"attemptId":"898a3b51-e9f3-407d-82df-a6ac7e4d469c","emailSent":true,"emailVariant":"standard"},"iteration":1,"submitDurationMs":18731,"inlineAttempts":0,"inlineDurationMs":0,"postJobAttempts":0,"postJobDurationMs":0,"backgroundInvoked":false,"backgroundDurationMs":null,"totalDurationMs":19382,"tablesAssigned":2,"totalCapacity":8,"seatWaste":1,"tableNumbers":["OG-02","OG-03"],"partySize":7,"duplicateRequest":false,"status":"confirmed_inline_api","assignments":[{"id":"40170c50-795e-4db3-9bce-8852ef363675","tableId":"7b4972a3-21b5-4a8e-9113-da46fec51e73","tableNumber":"OG-02","zoneId":"eb340f0f-df1e-46fd-a236-f6c128205dbf","capacity":4,"startAt":null,"endAt":null},{"id":"a44bf130-f8aa-472d-8559-e4932c88d7e9","tableId":"a9cc452e-a792-4b5a-9f0b-c6c8157bd6f4","tableNumber":"OG-03","zoneId":"eb340f0f-df1e-46fd-a236-f6c128205dbf","capacity":4,"startAt":null,"endAt":null}]}
[2025-11-15T12:21:12.055Z] [INFO] [bootstrap] Starting booking flow {"correlationId":"94aeb7bf-111b-4655-a349-81743f88accf","bookingId":null,"iteration":2,"totalRuns":"stress","timeoutMs":180000,"inlineWindowMs":25000,"pollIntervalMs":2000}
[2025-11-15T12:21:12.055Z] [INFO] [submit] Submitting booking request {"correlationId":"94aeb7bf-111b-4655-a349-81743f88accf","bookingId":null,"url":"http://localhost:3020/api/bookings","restaurantSlug":"white-horse-pub-waterbeach","restaurantId":null,"date":"2025-11-25","time":"18:30","party":7,"bookingType":"dinner","seating":"any","marketingOptIn":false}
[2025-11-15T12:21:31.222Z] [INFO] [submit] Booking created {"correlationId":"94aeb7bf-111b-4655-a349-81743f88accf","bookingId":"2edddff4-510c-4f02-9575-ddfc91b67b8f","duplicate":false,"initialStatus":"confirmed","durationMs":19165,"maskedEmail":"bo***f@example.com","maskedPhone":"********1715"}
[2025-11-15T12:21:31.942Z] [INFO] [final_summary] Booking confirmed inline (API response) {"correlationId":"94aeb7bf-111b-4655-a349-81743f88accf","bookingId":"2edddff4-510c-4f02-9575-ddfc91b67b8f","reference":"BQCDWFD776","bookingDate":"2025-11-25","startTime":"18:30:00","endTime":"20:30:00","autoAssignLastResult":{"source":"inline","lastAttemptAt":"2025-11-15T12:21:30.031Z","success":true,"reason":null,"strategy":{"maxTables":null,"requireAdjacency":null},"trigger":"inline_creation","alternates":0,"durationMs":5444,"attemptId":"40bbbd6a-92e7-4d91-931f-e06662aeb726","emailSent":true,"emailVariant":"standard"},"iteration":2,"submitDurationMs":19165,"inlineAttempts":0,"inlineDurationMs":0,"postJobAttempts":0,"postJobDurationMs":0,"backgroundInvoked":false,"backgroundDurationMs":null,"totalDurationMs":19886,"tablesAssigned":1,"totalCapacity":10,"seatWaste":3,"tableNumbers":["MD-11"],"partySize":7,"duplicateRequest":false,"status":"confirmed_inline_api","assignments":[{"id":"53cd74c8-80cc-49ba-ab4d-fb44fd013a5f","tableId":"2afd4a15-e96f-433c-a184-742110c92ce0","tableNumber":"MD-11","zoneId":"9666080e-8d18-416c-815e-5d5e29f7ad54","capacity":10,"startAt":null,"endAt":null}]}
[2025-11-15T12:21:31.943Z] [INFO] [bootstrap] Starting booking flow {"correlationId":"7c190c73-dc13-4faa-b250-a6ca1b2a4c72","bookingId":null,"iteration":3,"totalRuns":"stress","timeoutMs":180000,"inlineWindowMs":25000,"pollIntervalMs":2000}
[2025-11-15T12:21:31.943Z] [INFO] [submit] Submitting booking request {"correlationId":"7c190c73-dc13-4faa-b250-a6ca1b2a4c72","bookingId":null,"url":"http://localhost:3020/api/bookings","restaurantSlug":"white-horse-pub-waterbeach","restaurantId":null,"date":"2025-11-25","time":"18:30","party":7,"bookingType":"dinner","seating":"any","marketingOptIn":false}
[2025-11-15T12:21:52.642Z] [INFO] [submit] Booking created {"correlationId":"7c190c73-dc13-4faa-b250-a6ca1b2a4c72","bookingId":"5665431b-4923-45e3-a663-638b57891cb0","duplicate":false,"initialStatus":"confirmed","durationMs":20697,"maskedEmail":"bo***3@example.com","maskedPhone":"********0273"}
[2025-11-15T12:21:53.271Z] [INFO] [final_summary] Booking confirmed inline (API response) {"correlationId":"7c190c73-dc13-4faa-b250-a6ca1b2a4c72","bookingId":"5665431b-4923-45e3-a663-638b57891cb0","reference":"UR339N8VF5","bookingDate":"2025-11-25","startTime":"18:30:00","endTime":"20:30:00","autoAssignLastResult":{"source":"inline","lastAttemptAt":"2025-11-15T12:21:50.115Z","success":false,"reason":"INLINE_TIMEOUT","strategy":{"maxTables":null,"requireAdjacency":null},"trigger":"inline_creation","alternates":0,"durationMs":12003,"attemptId":"ca6f3f65-0ed0-4622-ac59-d028e71de792","emailSent":false,"emailVariant":"standard"},"iteration":3,"submitDurationMs":20697,"inlineAttempts":0,"inlineDurationMs":0,"postJobAttempts":0,"postJobDurationMs":0,"backgroundInvoked":false,"backgroundDurationMs":null,"totalDurationMs":21328,"tablesAssigned":1,"totalCapacity":10,"seatWaste":3,"tableNumbers":["MD-12"],"partySize":7,"duplicateRequest":false,"status":"confirmed_inline_api","assignments":[{"id":"e11db896-f4c6-49fe-9820-a41df7bcdcbb","tableId":"15a52a19-3636-49f4-ac8c-773d2ba69171","tableNumber":"MD-12","zoneId":"9666080e-8d18-416c-815e-5d5e29f7ad54","capacity":10,"startAt":null,"endAt":null}]}
[2025-11-15T12:21:53.271Z] [INFO] [bootstrap] Starting booking flow {"correlationId":"5ee9c64b-5b3f-4e4f-91c9-fa1f275f4707","bookingId":null,"iteration":4,"totalRuns":"stress","timeoutMs":180000,"inlineWindowMs":25000,"pollIntervalMs":2000}
[2025-11-15T12:21:53.271Z] [INFO] [submit] Submitting booking request {"correlationId":"5ee9c64b-5b3f-4e4f-91c9-fa1f275f4707","bookingId":null,"url":"http://localhost:3020/api/bookings","restaurantSlug":"white-horse-pub-waterbeach","restaurantId":null,"date":"2025-11-25","time":"18:30","party":7,"bookingType":"dinner","seating":"any","marketingOptIn":false}
[2025-11-15T12:22:13.179Z] [INFO] [submit] Booking created {"correlationId":"5ee9c64b-5b3f-4e4f-91c9-fa1f275f4707","bookingId":"70f159e8-bed4-4878-80b4-3d236766ce57","duplicate":false,"initialStatus":"pending","durationMs":19908,"maskedEmail":"bo***b@example.com","maskedPhone":"********2641"}
[2025-11-15T12:22:13.807Z] [INFO] [inline_poll] Status update {"correlationId":"5ee9c64b-5b3f-4e4f-91c9-fa1f275f4707","bookingId":"70f159e8-bed4-4878-80b4-3d236766ce57","attempt":1,"status":"pending","assignments":0,"elapsedMs":627}
[2025-11-15T12:22:23.129Z] [INFO] [inline_poll] Status update {"correlationId":"5ee9c64b-5b3f-4e4f-91c9-fa1f275f4707","bookingId":"70f159e8-bed4-4878-80b4-3d236766ce57","attempt":5,"status":"confirmed","assignments":2,"elapsedMs":9949}
[2025-11-15T12:22:23.130Z] [INFO] [final_summary] Booking confirmed via inline flow {"correlationId":"5ee9c64b-5b3f-4e4f-91c9-fa1f275f4707","bookingId":"70f159e8-bed4-4878-80b4-3d236766ce57","reference":"CU4A3YZPW2","bookingDate":"2025-11-25","startTime":"18:30:00","endTime":"20:30:00","autoAssignLastResult":{"source":"inline","lastAttemptAt":"2025-11-15T12:22:10.808Z","success":false,"reason":"INLINE_TIMEOUT","strategy":{"maxTables":null,"requireAdjacency":null},"trigger":"inline_creation","alternates":0,"durationMs":12002,"attemptId":"55120cf4-5201-43c0-b656-973002382974","emailSent":false,"emailVariant":"standard"},"iteration":4,"submitDurationMs":19908,"inlineAttempts":5,"inlineDurationMs":9949,"postJobAttempts":0,"postJobDurationMs":0,"backgroundInvoked":false,"backgroundDurationMs":null,"totalDurationMs":29858,"tablesAssigned":2,"totalCapacity":8,"seatWaste":1,"tableNumbers":["PR-02","PR-01"],"partySize":7,"duplicateRequest":false,"status":"confirmed_inline_poll","assignments":[{"id":"39446949-b8dd-4780-937b-ac5e82896a47","tableId":"591ae989-0754-41eb-a93c-481b772aa422","tableNumber":"PR-02","zoneId":"cbbf85cd-fdfe-4f67-87a4-b3155007c474","capacity":4,"startAt":null,"endAt":null},{"id":"d9ff3c35-6f19-4a47-9c6c-6bae88b83a87","tableId":"71eaed57-5049-4d31-9aba-224618cf281c","tableNumber":"PR-01","zoneId":"cbbf85cd-fdfe-4f67-87a4-b3155007c474","capacity":4,"startAt":null,"endAt":null}]}
[stress] Summary {
  totalRuns: 4,
  successes: 4,
  failures: 0,
  maxRuns: 4,
  completedTarget: true,
  durationMs: { count: 4, min: 19382, max: 29858, avg: 22613.5, p95: 21328 },
  seatWaste: { count: 4, min: 1, max: 3, avg: 2, p95: 3 },
  tablesPerBooking: { count: 4, min: 1, max: 2, avg: 1.5, p95: 2 },
  uniqueTables: [ 'MD-11', 'MD-12', 'OG-02', 'OG-03', 'PR-01', 'PR-02' ]
}
✅ Stress run completed 4 booking(s) without failure.
