Filling 5 slots on 2025-11-25 (stress-max=4)

>>> [worker 1] Slot 17:30 (party 4)

>>> [worker 2] Slot 17:45 (party 3)

>>> [worker 3] Slot 18:00 (party 7)

>>> [worker 4] Slot 18:15 (party 7)

> ship-fast-code@0.1.0 booking:flow /Users/amankumarshrestha/Downloads/SajiloReserveX
> tsx -r tsconfig-paths/register scripts/run-booking-flow.ts --restaurant-slug white-horse-pub-waterbeach --date 2025-11-25 --time 18\:00 --party-size 7 --stress --stress-max 4 --timeout-ms 180000 --base-url http\://localhost\:3020 --pretty


> ship-fast-code@0.1.0 booking:flow /Users/amankumarshrestha/Downloads/SajiloReserveX
> tsx -r tsconfig-paths/register scripts/run-booking-flow.ts --restaurant-slug white-horse-pub-waterbeach --date 2025-11-25 --time 17\:45 --party-size 3 --stress --stress-max 4 --timeout-ms 180000 --base-url http\://localhost\:3020 --pretty


> ship-fast-code@0.1.0 booking:flow /Users/amankumarshrestha/Downloads/SajiloReserveX
> tsx -r tsconfig-paths/register scripts/run-booking-flow.ts --restaurant-slug white-horse-pub-waterbeach --date 2025-11-25 --time 17\:30 --party-size 4 --stress --stress-max 4 --timeout-ms 180000 --base-url http\://localhost\:3020 --pretty


> ship-fast-code@0.1.0 booking:flow /Users/amankumarshrestha/Downloads/SajiloReserveX
> tsx -r tsconfig-paths/register scripts/run-booking-flow.ts --restaurant-slug white-horse-pub-waterbeach --date 2025-11-25 --time 18\:15 --party-size 7 --stress --stress-max 4 --timeout-ms 180000 --base-url http\://localhost\:3020 --pretty

[dotenv@17.2.2] injecting env (0) from .env.local -- tip: 📡 observe env with Radar: https://dotenvx.com/radar
[dotenv@17.2.2] injecting env (0) from .env.development -- tip: ⚙️  enable debug logging with { debug: true }
[dotenv@17.2.2] injecting env (0) from .env -- tip: ⚙️  override existing env vars with { override: true }
[dotenv@17.2.2] injecting env (0) from .env.local -- tip: ⚙️  suppress all logs with { quiet: true }
[dotenv@17.2.2] injecting env (0) from .env.development -- tip: 📡 observe env with Radar: https://dotenvx.com/radar
[dotenv@17.2.2] injecting env (0) from .env -- tip: 📡 observe env with Radar: https://dotenvx.com/radar
[dotenv@17.2.2] injecting env (0) from .env.local -- tip: ⚙️  load multiple .env files with { path: ['.env.local', '.env'] }
[dotenv@17.2.2] injecting env (0) from .env.development -- tip: ⚙️  override existing env vars with { override: true }
[dotenv@17.2.2] injecting env (0) from .env -- tip: 🛠️  run anywhere with `dotenvx run -- yourcommand`
[dotenv@17.2.2] injecting env (0) from .env.local -- tip: ⚙️  override existing env vars with { override: true }
[dotenv@17.2.2] injecting env (0) from .env.development -- tip: 🔐 prevent committing .env to code: https://dotenvx.com/precommit
[dotenv@17.2.2] injecting env (0) from .env -- tip: 📡 auto-backup env with Radar: https://dotenvx.com/radar
[2025-11-15T10:38:12.095Z] [INFO] [bootstrap] Starting booking flow {"correlationId":"4a7aef37-74b0-4af0-bd8a-19e7d69f42b0","bookingId":null,"iteration":1,"totalRuns":"stress","timeoutMs":180000,"inlineWindowMs":25000,"pollIntervalMs":2000}
[2025-11-15T10:38:12.095Z] [INFO] [bootstrap] Starting booking flow {"correlationId":"3f7e4772-7576-419a-86b0-eddcad391738","bookingId":null,"iteration":1,"totalRuns":"stress","timeoutMs":180000,"inlineWindowMs":25000,"pollIntervalMs":2000}
[2025-11-15T10:38:12.095Z] [INFO] [bootstrap] Starting booking flow {"correlationId":"f4d08cf0-90c0-4b98-9f38-07547686d62d","bookingId":null,"iteration":1,"totalRuns":"stress","timeoutMs":180000,"inlineWindowMs":25000,"pollIntervalMs":2000}
[2025-11-15T10:38:12.095Z] [INFO] [submit] Submitting booking request {"correlationId":"f4d08cf0-90c0-4b98-9f38-07547686d62d","bookingId":null,"url":"http://localhost:3020/api/bookings","restaurantSlug":"white-horse-pub-waterbeach","restaurantId":null,"date":"2025-11-25","time":"17:45","party":3,"bookingType":"dinner","seating":"any","marketingOptIn":false}
[2025-11-15T10:38:12.095Z] [INFO] [bootstrap] Starting booking flow {"correlationId":"af2ab233-326e-4961-b535-cab855edd374","bookingId":null,"iteration":1,"totalRuns":"stress","timeoutMs":180000,"inlineWindowMs":25000,"pollIntervalMs":2000}
[2025-11-15T10:38:12.095Z] [INFO] [submit] Submitting booking request {"correlationId":"af2ab233-326e-4961-b535-cab855edd374","bookingId":null,"url":"http://localhost:3020/api/bookings","restaurantSlug":"white-horse-pub-waterbeach","restaurantId":null,"date":"2025-11-25","time":"18:00","party":7,"bookingType":"dinner","seating":"any","marketingOptIn":false}
[2025-11-15T10:38:12.095Z] [INFO] [submit] Submitting booking request {"correlationId":"4a7aef37-74b0-4af0-bd8a-19e7d69f42b0","bookingId":null,"url":"http://localhost:3020/api/bookings","restaurantSlug":"white-horse-pub-waterbeach","restaurantId":null,"date":"2025-11-25","time":"18:15","party":7,"bookingType":"dinner","seating":"any","marketingOptIn":false}
[2025-11-15T10:38:12.095Z] [INFO] [submit] Submitting booking request {"correlationId":"3f7e4772-7576-419a-86b0-eddcad391738","bookingId":null,"url":"http://localhost:3020/api/bookings","restaurantSlug":"white-horse-pub-waterbeach","restaurantId":null,"date":"2025-11-25","time":"17:30","party":4,"bookingType":"dinner","seating":"any","marketingOptIn":false}
[supabase] strict hold enforcement active
[supabase] strict hold enforcement active
[supabase] strict hold enforcement active
[supabase] strict hold enforcement active
[2025-11-15T10:38:33.581Z] [INFO] [submit] Booking created {"correlationId":"4a7aef37-74b0-4af0-bd8a-19e7d69f42b0","bookingId":"4c7c45cf-0abb-4f49-adf9-6cd3aa4cd4f2","duplicate":false,"initialStatus":"pending","durationMs":21485,"maskedEmail":"bo***7@example.com","maskedPhone":"********4537"}
[2025-11-15T10:38:34.074Z] [INFO] [submit] Booking created {"correlationId":"af2ab233-326e-4961-b535-cab855edd374","bookingId":"55db241c-cbda-4198-861c-d097cff097ff","duplicate":false,"initialStatus":"confirmed","durationMs":21978,"maskedEmail":"bo***3@example.com","maskedPhone":"********1233"}
[2025-11-15T10:38:34.208Z] [INFO] [submit] Booking created {"correlationId":"f4d08cf0-90c0-4b98-9f38-07547686d62d","bookingId":"594ff6e5-b242-4c31-a239-8a62a5c564e8","duplicate":false,"initialStatus":"pending","durationMs":22111,"maskedEmail":"bo***0@example.com","maskedPhone":"********8250"}
[2025-11-15T10:38:34.242Z] [INFO] [submit] Booking created {"correlationId":"3f7e4772-7576-419a-86b0-eddcad391738","bookingId":"653e8372-d09b-4572-8338-4abf4c835a9b","duplicate":false,"initialStatus":"confirmed","durationMs":22146,"maskedEmail":"bo***2@example.com","maskedPhone":"********4772"}
[2025-11-15T10:38:34.245Z] [INFO] [inline_poll] Status update {"correlationId":"4a7aef37-74b0-4af0-bd8a-19e7d69f42b0","bookingId":"4c7c45cf-0abb-4f49-adf9-6cd3aa4cd4f2","attempt":1,"status":"pending","assignments":0,"elapsedMs":663}
[2025-11-15T10:38:34.714Z] [INFO] [final_summary] Booking confirmed inline (API response) {"correlationId":"af2ab233-326e-4961-b535-cab855edd374","bookingId":"55db241c-cbda-4198-861c-d097cff097ff","reference":"BFQ7RXSM4Y","bookingDate":"2025-11-25","startTime":"18:00:00","endTime":"20:00:00","autoAssignLastResult":{"source":"inline","lastAttemptAt":"2025-11-15T10:38:31.961Z","success":false,"reason":"INLINE_TIMEOUT","strategy":{"maxTables":null,"requireAdjacency":null},"trigger":"inline_creation","alternates":0,"durationMs":12009,"attemptId":"d2dd9667-2a1a-4965-965e-3373cc65ff49","emailSent":false,"emailVariant":"standard"},"iteration":1,"submitDurationMs":21978,"inlineAttempts":0,"inlineDurationMs":0,"postJobAttempts":0,"postJobDurationMs":0,"backgroundInvoked":false,"backgroundDurationMs":null,"totalDurationMs":22619,"tablesAssigned":1,"totalCapacity":8,"seatWaste":1,"tableNumbers":["MD-09"],"partySize":7,"duplicateRequest":false,"status":"confirmed_inline_api","assignments":[{"id":"06b60eec-ead8-4c38-9e58-6c40c9c0fc39","tableId":"d536b980-474c-4f0c-a00a-76376805915a","tableNumber":"MD-09","zoneId":"33da1acf-fc1c-40da-9dfb-497617c8b592","capacity":8,"startAt":null,"endAt":null}]}
[2025-11-15T10:38:34.716Z] [INFO] [bootstrap] Starting booking flow {"correlationId":"84b081e1-67b8-475e-9645-54b1fa5dd425","bookingId":null,"iteration":2,"totalRuns":"stress","timeoutMs":180000,"inlineWindowMs":25000,"pollIntervalMs":2000}
[2025-11-15T10:38:34.716Z] [INFO] [submit] Submitting booking request {"correlationId":"84b081e1-67b8-475e-9645-54b1fa5dd425","bookingId":null,"url":"http://localhost:3020/api/bookings","restaurantSlug":"white-horse-pub-waterbeach","restaurantId":null,"date":"2025-11-25","time":"18:00","party":7,"bookingType":"dinner","seating":"any","marketingOptIn":false}
[2025-11-15T10:38:34.805Z] [INFO] [inline_poll] Status update {"correlationId":"f4d08cf0-90c0-4b98-9f38-07547686d62d","bookingId":"594ff6e5-b242-4c31-a239-8a62a5c564e8","attempt":1,"status":"pending","assignments":0,"elapsedMs":597}
[2025-11-15T10:38:34.868Z] [INFO] [final_summary] Booking confirmed inline (API response) {"correlationId":"3f7e4772-7576-419a-86b0-eddcad391738","bookingId":"653e8372-d09b-4572-8338-4abf4c835a9b","reference":"5JWVEMNDSJ","bookingDate":"2025-11-25","startTime":"17:30:00","endTime":"19:30:00","autoAssignLastResult":{"source":"inline","lastAttemptAt":"2025-11-15T10:38:31.622Z","success":false,"reason":"INLINE_TIMEOUT","strategy":{"maxTables":null,"requireAdjacency":null},"trigger":"inline_creation","alternates":0,"durationMs":12005,"attemptId":"6c677831-5fd5-4d62-838f-e7d41a342249","emailSent":false,"emailVariant":"standard"},"iteration":1,"submitDurationMs":22146,"inlineAttempts":0,"inlineDurationMs":0,"postJobAttempts":0,"postJobDurationMs":0,"backgroundInvoked":false,"backgroundDurationMs":null,"totalDurationMs":22773,"tablesAssigned":1,"totalCapacity":4,"seatWaste":0,"tableNumbers":["BA-03"],"partySize":4,"duplicateRequest":false,"status":"confirmed_inline_api","assignments":[{"id":"e232fe20-2714-49a8-89af-595fe0d1347b","tableId":"77fd0e5b-c0e5-42af-85a8-eed73371d318","tableNumber":"BA-03","zoneId":"4dcdc847-1f57-4cc8-8b5d-4ee86f17dc20","capacity":4,"startAt":null,"endAt":null}]}
[2025-11-15T10:38:34.869Z] [INFO] [bootstrap] Starting booking flow {"correlationId":"927e1489-8d17-4375-94b0-e8468ce03068","bookingId":null,"iteration":2,"totalRuns":"stress","timeoutMs":180000,"inlineWindowMs":25000,"pollIntervalMs":2000}
[2025-11-15T10:38:34.869Z] [INFO] [submit] Submitting booking request {"correlationId":"927e1489-8d17-4375-94b0-e8468ce03068","bookingId":null,"url":"http://localhost:3020/api/bookings","restaurantSlug":"white-horse-pub-waterbeach","restaurantId":null,"date":"2025-11-25","time":"17:30","party":4,"bookingType":"dinner","seating":"any","marketingOptIn":false}
[2025-11-15T10:38:43.512Z] [INFO] [inline_poll] Status update {"correlationId":"4a7aef37-74b0-4af0-bd8a-19e7d69f42b0","bookingId":"4c7c45cf-0abb-4f49-adf9-6cd3aa4cd4f2","attempt":5,"status":"confirmed","assignments":1,"elapsedMs":9930}
[2025-11-15T10:38:43.513Z] [INFO] [final_summary] Booking confirmed via inline flow {"correlationId":"4a7aef37-74b0-4af0-bd8a-19e7d69f42b0","bookingId":"4c7c45cf-0abb-4f49-adf9-6cd3aa4cd4f2","reference":"E89XZNX7WP","bookingDate":"2025-11-25","startTime":"18:15:00","endTime":"20:15:00","autoAssignLastResult":{"source":"inline","lastAttemptAt":"2025-11-15T10:38:30.653Z","success":false,"reason":"INLINE_TIMEOUT","strategy":{"maxTables":null,"requireAdjacency":null},"trigger":"inline_creation","alternates":0,"durationMs":12005,"attemptId":"105d2617-66e4-4b53-aa10-a8b2665b5de3","emailSent":false,"emailVariant":"standard"},"iteration":1,"submitDurationMs":21485,"inlineAttempts":5,"inlineDurationMs":9930,"postJobAttempts":0,"postJobDurationMs":0,"backgroundInvoked":false,"backgroundDurationMs":null,"totalDurationMs":31417,"tablesAssigned":1,"totalCapacity":8,"seatWaste":1,"tableNumbers":["MD-10"],"partySize":7,"duplicateRequest":false,"status":"confirmed_inline_poll","assignments":[{"id":"8ce90593-7b80-4806-aea5-8f4a6081f731","tableId":"f617e4a0-0cf7-45cb-999b-2630d1e564ca","tableNumber":"MD-10","zoneId":"33da1acf-fc1c-40da-9dfb-497617c8b592","capacity":8,"startAt":null,"endAt":null}]}
[2025-11-15T10:38:43.514Z] [INFO] [bootstrap] Starting booking flow {"correlationId":"8ba0f1f8-9c25-4277-bcef-3818c0fab9b7","bookingId":null,"iteration":2,"totalRuns":"stress","timeoutMs":180000,"inlineWindowMs":25000,"pollIntervalMs":2000}
[2025-11-15T10:38:43.514Z] [INFO] [submit] Submitting booking request {"correlationId":"8ba0f1f8-9c25-4277-bcef-3818c0fab9b7","bookingId":null,"url":"http://localhost:3020/api/bookings","restaurantSlug":"white-horse-pub-waterbeach","restaurantId":null,"date":"2025-11-25","time":"18:15","party":7,"bookingType":"dinner","seating":"any","marketingOptIn":false}
[2025-11-15T10:38:44.064Z] [INFO] [inline_poll] Status update {"correlationId":"f4d08cf0-90c0-4b98-9f38-07547686d62d","bookingId":"594ff6e5-b242-4c31-a239-8a62a5c564e8","attempt":5,"status":"confirmed","assignments":1,"elapsedMs":9856}
[2025-11-15T10:38:44.065Z] [INFO] [final_summary] Booking confirmed via inline flow {"correlationId":"f4d08cf0-90c0-4b98-9f38-07547686d62d","bookingId":"594ff6e5-b242-4c31-a239-8a62a5c564e8","reference":"T56U55LC9B","bookingDate":"2025-11-25","startTime":"17:45:00","endTime":"19:45:00","autoAssignLastResult":{"source":"inline","lastAttemptAt":"2025-11-15T10:38:31.737Z","success":false,"reason":"INLINE_TIMEOUT","strategy":{"maxTables":null,"requireAdjacency":null},"trigger":"inline_creation","alternates":0,"durationMs":12004,"attemptId":"b1336773-e348-4cfb-9d8c-0ead9992518c","emailSent":false,"emailVariant":"standard"},"iteration":1,"submitDurationMs":22111,"inlineAttempts":5,"inlineDurationMs":9857,"postJobAttempts":0,"postJobDurationMs":0,"backgroundInvoked":false,"backgroundDurationMs":null,"totalDurationMs":31970,"tablesAssigned":1,"totalCapacity":4,"seatWaste":1,"tableNumbers":["BA-04"],"partySize":3,"duplicateRequest":false,"status":"confirmed_inline_poll","assignments":[{"id":"4f8d0c01-c659-4013-a8c3-bc224b6ae6e6","tableId":"9294561d-9467-4189-8c5a-29b40dd3a524","tableNumber":"BA-04","zoneId":"4dcdc847-1f57-4cc8-8b5d-4ee86f17dc20","capacity":4,"startAt":null,"endAt":null}]}
[2025-11-15T10:38:44.066Z] [INFO] [bootstrap] Starting booking flow {"correlationId":"31e020e6-e5d5-4e82-a58c-4ce58dc81bbf","bookingId":null,"iteration":2,"totalRuns":"stress","timeoutMs":180000,"inlineWindowMs":25000,"pollIntervalMs":2000}
[2025-11-15T10:38:44.066Z] [INFO] [submit] Submitting booking request {"correlationId":"31e020e6-e5d5-4e82-a58c-4ce58dc81bbf","bookingId":null,"url":"http://localhost:3020/api/bookings","restaurantSlug":"white-horse-pub-waterbeach","restaurantId":null,"date":"2025-11-25","time":"17:45","party":3,"bookingType":"dinner","seating":"any","marketingOptIn":false}
[2025-11-15T10:38:53.093Z] [INFO] [submit] Booking created {"correlationId":"84b081e1-67b8-475e-9645-54b1fa5dd425","bookingId":"a79d4418-e2e0-41f1-9444-3cc7c9f52e7f","duplicate":false,"initialStatus":"confirmed","durationMs":18377,"maskedEmail":"bo***1@example.com","maskedPhone":"********8141"}
[2025-11-15T10:38:53.547Z] [INFO] [submit] Booking created {"correlationId":"927e1489-8d17-4375-94b0-e8468ce03068","bookingId":"db795556-f17d-4117-b94c-9e7faecdb7c4","duplicate":false,"initialStatus":"confirmed","durationMs":18677,"maskedEmail":"bo***9@example.com","maskedPhone":"********1489"}
[2025-11-15T10:38:53.716Z] [INFO] [final_summary] Booking confirmed inline (API response) {"correlationId":"84b081e1-67b8-475e-9645-54b1fa5dd425","bookingId":"a79d4418-e2e0-41f1-9444-3cc7c9f52e7f","reference":"NJ8JWHS7XC","bookingDate":"2025-11-25","startTime":"18:00:00","endTime":"20:00:00","autoAssignLastResult":{"source":"inline","lastAttemptAt":"2025-11-15T10:38:51.380Z","success":false,"reason":"INLINE_TIMEOUT","strategy":{"maxTables":null,"requireAdjacency":null},"trigger":"inline_creation","alternates":0,"durationMs":12003,"attemptId":"c451108f-9aa0-4d5e-9185-eefd896a9aa6","emailSent":false,"emailVariant":"standard"},"iteration":2,"submitDurationMs":18377,"inlineAttempts":0,"inlineDurationMs":0,"postJobAttempts":0,"postJobDurationMs":0,"backgroundInvoked":false,"backgroundDurationMs":null,"totalDurationMs":19000,"tablesAssigned":1,"totalCapacity":8,"seatWaste":1,"tableNumbers":["OG-06"],"partySize":7,"duplicateRequest":false,"status":"confirmed_inline_api","assignments":[{"id":"d7f7a294-5eee-4ceb-8cde-c0ca9793c3c4","tableId":"9cba3503-f92c-491b-8b76-d0ac0e6f77d6","tableNumber":"OG-06","zoneId":"a0054ae3-ce64-4899-b8f2-acbf470266f4","capacity":8,"startAt":null,"endAt":null}]}
[2025-11-15T10:38:53.717Z] [INFO] [bootstrap] Starting booking flow {"correlationId":"2369bb81-04ab-447a-b7a1-0bb212b04e8d","bookingId":null,"iteration":3,"totalRuns":"stress","timeoutMs":180000,"inlineWindowMs":25000,"pollIntervalMs":2000}
[2025-11-15T10:38:53.717Z] [INFO] [submit] Submitting booking request {"correlationId":"2369bb81-04ab-447a-b7a1-0bb212b04e8d","bookingId":null,"url":"http://localhost:3020/api/bookings","restaurantSlug":"white-horse-pub-waterbeach","restaurantId":null,"date":"2025-11-25","time":"18:00","party":7,"bookingType":"dinner","seating":"any","marketingOptIn":false}
[2025-11-15T10:38:54.151Z] [INFO] [final_summary] Booking confirmed inline (API response) {"correlationId":"927e1489-8d17-4375-94b0-e8468ce03068","bookingId":"db795556-f17d-4117-b94c-9e7faecdb7c4","reference":"87V86S25BR","bookingDate":"2025-11-25","startTime":"17:30:00","endTime":"19:30:00","autoAssignLastResult":{"source":"inline","lastAttemptAt":"2025-11-15T10:38:51.942Z","success":true,"reason":null,"strategy":{"maxTables":null,"requireAdjacency":null},"trigger":"inline_creation","alternates":0,"durationMs":5240,"attemptId":"01759120-61f8-4722-85d9-b9c98980a9b7","emailSent":true,"emailVariant":"standard"},"iteration":2,"submitDurationMs":18677,"inlineAttempts":0,"inlineDurationMs":0,"postJobAttempts":0,"postJobDurationMs":0,"backgroundInvoked":false,"backgroundDurationMs":null,"totalDurationMs":19282,"tablesAssigned":1,"totalCapacity":4,"seatWaste":0,"tableNumbers":["BA-05"],"partySize":4,"duplicateRequest":false,"status":"confirmed_inline_api","assignments":[{"id":"cf28a68b-832b-42b9-bdb3-91b4586ab028","tableId":"e9e67acd-e6d4-4c41-8429-2c95c43b5f50","tableNumber":"BA-05","zoneId":"4dcdc847-1f57-4cc8-8b5d-4ee86f17dc20","capacity":4,"startAt":null,"endAt":null}]}
[2025-11-15T10:38:54.153Z] [INFO] [bootstrap] Starting booking flow {"correlationId":"299a9472-0ea5-4e0f-b64f-770c716417b4","bookingId":null,"iteration":3,"totalRuns":"stress","timeoutMs":180000,"inlineWindowMs":25000,"pollIntervalMs":2000}
[2025-11-15T10:38:54.153Z] [INFO] [submit] Submitting booking request {"correlationId":"299a9472-0ea5-4e0f-b64f-770c716417b4","bookingId":null,"url":"http://localhost:3020/api/bookings","restaurantSlug":"white-horse-pub-waterbeach","restaurantId":null,"date":"2025-11-25","time":"17:30","party":4,"bookingType":"dinner","seating":"any","marketingOptIn":false}
[2025-11-15T10:39:02.729Z] [INFO] [submit] Booking created {"correlationId":"8ba0f1f8-9c25-4277-bcef-3818c0fab9b7","bookingId":"ee664c73-581d-4618-b47f-e0b39649df67","duplicate":false,"initialStatus":"confirmed","durationMs":19215,"maskedEmail":"bo***8@example.com","maskedPhone":"********5158"}
[2025-11-15T10:39:03.212Z] [INFO] [submit] Booking created {"correlationId":"31e020e6-e5d5-4e82-a58c-4ce58dc81bbf","bookingId":"0a85dca8-ce01-4269-afdf-1b64ad0924b9","duplicate":false,"initialStatus":"confirmed","durationMs":19145,"maskedEmail":"bo***6@example.com","maskedPhone":"********2046"}
[2025-11-15T10:39:03.366Z] [INFO] [final_summary] Booking confirmed inline (API response) {"correlationId":"8ba0f1f8-9c25-4277-bcef-3818c0fab9b7","bookingId":"ee664c73-581d-4618-b47f-e0b39649df67","reference":"6WKU8LVRCU","bookingDate":"2025-11-25","startTime":"18:15:00","endTime":"20:15:00","autoAssignLastResult":{"source":"inline","lastAttemptAt":"2025-11-15T10:39:01.112Z","success":true,"reason":null,"strategy":{"maxTables":null,"requireAdjacency":null},"trigger":"inline_creation","alternates":0,"durationMs":5152,"attemptId":"74419cc7-9fd6-4993-b066-73fdc9243a18","emailSent":true,"emailVariant":"standard"},"iteration":2,"submitDurationMs":19215,"inlineAttempts":0,"inlineDurationMs":0,"postJobAttempts":0,"postJobDurationMs":0,"backgroundInvoked":false,"backgroundDurationMs":null,"totalDurationMs":19852,"tablesAssigned":1,"totalCapacity":8,"seatWaste":1,"tableNumbers":["PT-07"],"partySize":7,"duplicateRequest":false,"status":"confirmed_inline_api","assignments":[{"id":"04aab6e5-b606-41f4-addd-84c301be7b77","tableId":"3dad5e93-1368-494a-92c6-7c8d80c60718","tableNumber":"PT-07","zoneId":"76587174-fe9d-4a91-ba00-1f3eef97930c","capacity":8,"startAt":null,"endAt":null}]}
[2025-11-15T10:39:03.368Z] [INFO] [bootstrap] Starting booking flow {"correlationId":"ba2c4e75-5117-4aeb-8d53-168d9b33de78","bookingId":null,"iteration":3,"totalRuns":"stress","timeoutMs":180000,"inlineWindowMs":25000,"pollIntervalMs":2000}
[2025-11-15T10:39:03.368Z] [INFO] [submit] Submitting booking request {"correlationId":"ba2c4e75-5117-4aeb-8d53-168d9b33de78","bookingId":null,"url":"http://localhost:3020/api/bookings","restaurantSlug":"white-horse-pub-waterbeach","restaurantId":null,"date":"2025-11-25","time":"18:15","party":7,"bookingType":"dinner","seating":"any","marketingOptIn":false}
[2025-11-15T10:39:03.853Z] [INFO] [final_summary] Booking confirmed inline (API response) {"correlationId":"31e020e6-e5d5-4e82-a58c-4ce58dc81bbf","bookingId":"0a85dca8-ce01-4269-afdf-1b64ad0924b9","reference":"ZEHAGTW246","bookingDate":"2025-11-25","startTime":"17:45:00","endTime":"19:45:00","autoAssignLastResult":{"source":"inline","lastAttemptAt":"2025-11-15T10:39:01.385Z","success":true,"reason":null,"strategy":{"maxTables":null,"requireAdjacency":null},"trigger":"inline_creation","alternates":0,"durationMs":5294,"attemptId":"01053cb3-0a61-4ce9-899a-ab411ddaf78f","emailSent":true,"emailVariant":"standard"},"iteration":2,"submitDurationMs":19145,"inlineAttempts":0,"inlineDurationMs":0,"postJobAttempts":0,"postJobDurationMs":0,"backgroundInvoked":false,"backgroundDurationMs":null,"totalDurationMs":19787,"tablesAssigned":1,"totalCapacity":4,"seatWaste":1,"tableNumbers":["BA-06"],"partySize":3,"duplicateRequest":false,"status":"confirmed_inline_api","assignments":[{"id":"ffdb6d81-cf21-4e1a-ba3b-d9d06c1b95b6","tableId":"9ecc802b-54a1-45e8-acf1-93d9be5da4f4","tableNumber":"BA-06","zoneId":"4dcdc847-1f57-4cc8-8b5d-4ee86f17dc20","capacity":4,"startAt":null,"endAt":null}]}
[2025-11-15T10:39:03.854Z] [INFO] [bootstrap] Starting booking flow {"correlationId":"6124dabc-b539-4ad7-a292-63ff5326c9ad","bookingId":null,"iteration":3,"totalRuns":"stress","timeoutMs":180000,"inlineWindowMs":25000,"pollIntervalMs":2000}
[2025-11-15T10:39:03.855Z] [INFO] [submit] Submitting booking request {"correlationId":"6124dabc-b539-4ad7-a292-63ff5326c9ad","bookingId":null,"url":"http://localhost:3020/api/bookings","restaurantSlug":"white-horse-pub-waterbeach","restaurantId":null,"date":"2025-11-25","time":"17:45","party":3,"bookingType":"dinner","seating":"any","marketingOptIn":false}
[2025-11-15T10:39:12.607Z] [INFO] [submit] Booking created {"correlationId":"2369bb81-04ab-447a-b7a1-0bb212b04e8d","bookingId":"eaabc5ad-2963-4d6a-8ce4-9c28047dd100","duplicate":false,"initialStatus":"confirmed","durationMs":18889,"maskedEmail":"bo***1@example.com","maskedPhone":"********1181"}
[2025-11-15T10:39:12.644Z] [INFO] [submit] Booking created {"correlationId":"299a9472-0ea5-4e0f-b64f-770c716417b4","bookingId":"8e340dd9-b2b6-4294-a4d4-095ba7851a0f","duplicate":false,"initialStatus":"confirmed","durationMs":18491,"maskedEmail":"bo***2@example.com","maskedPhone":"********9472"}
[2025-11-15T10:39:13.262Z] [INFO] [final_summary] Booking confirmed inline (API response) {"correlationId":"299a9472-0ea5-4e0f-b64f-770c716417b4","bookingId":"8e340dd9-b2b6-4294-a4d4-095ba7851a0f","reference":"9UGTZNPGV3","bookingDate":"2025-11-25","startTime":"17:30:00","endTime":"19:30:00","autoAssignLastResult":{"source":"inline","lastAttemptAt":"2025-11-15T10:39:10.930Z","success":true,"reason":null,"strategy":{"maxTables":null,"requireAdjacency":null},"trigger":"inline_creation","alternates":0,"durationMs":5026,"attemptId":"cc60e7ed-4fe2-48d1-bbc1-3d00b3c698d0","emailSent":true,"emailVariant":"standard"},"iteration":3,"submitDurationMs":18491,"inlineAttempts":0,"inlineDurationMs":0,"postJobAttempts":0,"postJobDurationMs":0,"backgroundInvoked":false,"backgroundDurationMs":null,"totalDurationMs":19108,"tablesAssigned":1,"totalCapacity":4,"seatWaste":0,"tableNumbers":["MD-03"],"partySize":4,"duplicateRequest":false,"status":"confirmed_inline_api","assignments":[{"id":"d700d2da-7dd6-4fb4-9d52-2d746bebaed3","tableId":"df200ef4-a7a5-4050-b200-58801b2f7e4b","tableNumber":"MD-03","zoneId":"33da1acf-fc1c-40da-9dfb-497617c8b592","capacity":4,"startAt":null,"endAt":null}]}
[2025-11-15T10:39:13.262Z] [INFO] [bootstrap] Starting booking flow {"correlationId":"078c9615-35b1-4508-9d8b-1d43ffd3ab52","bookingId":null,"iteration":4,"totalRuns":"stress","timeoutMs":180000,"inlineWindowMs":25000,"pollIntervalMs":2000}
[2025-11-15T10:39:13.262Z] [INFO] [submit] Submitting booking request {"correlationId":"078c9615-35b1-4508-9d8b-1d43ffd3ab52","bookingId":null,"url":"http://localhost:3020/api/bookings","restaurantSlug":"white-horse-pub-waterbeach","restaurantId":null,"date":"2025-11-25","time":"17:30","party":4,"bookingType":"dinner","seating":"any","marketingOptIn":false}
[2025-11-15T10:39:13.271Z] [INFO] [final_summary] Booking confirmed inline (API response) {"correlationId":"2369bb81-04ab-447a-b7a1-0bb212b04e8d","bookingId":"eaabc5ad-2963-4d6a-8ce4-9c28047dd100","reference":"G8LBRUJ7R4","bookingDate":"2025-11-25","startTime":"18:00:00","endTime":"20:00:00","autoAssignLastResult":{"source":"inline","lastAttemptAt":"2025-11-15T10:39:11.035Z","success":true,"reason":null,"strategy":{"maxTables":null,"requireAdjacency":null},"trigger":"inline_creation","alternates":0,"durationMs":5631,"attemptId":"6cec5f7c-93ce-4d07-81cb-57ef7d56b04a","emailSent":true,"emailVariant":"standard"},"iteration":3,"submitDurationMs":18889,"inlineAttempts":0,"inlineDurationMs":0,"postJobAttempts":0,"postJobDurationMs":0,"backgroundInvoked":false,"backgroundDurationMs":null,"totalDurationMs":19554,"tablesAssigned":1,"totalCapacity":8,"seatWaste":1,"tableNumbers":["PT-08"],"partySize":7,"duplicateRequest":false,"status":"confirmed_inline_api","assignments":[{"id":"8ac21606-fe93-4766-bd0a-8f597da8995b","tableId":"0b9598bb-87d5-4e45-b0cf-588aefbd0e62","tableNumber":"PT-08","zoneId":"76587174-fe9d-4a91-ba00-1f3eef97930c","capacity":8,"startAt":null,"endAt":null}]}
[2025-11-15T10:39:13.272Z] [INFO] [bootstrap] Starting booking flow {"correlationId":"df7ace65-f439-42f6-9100-3d4c1edbbbdf","bookingId":null,"iteration":4,"totalRuns":"stress","timeoutMs":180000,"inlineWindowMs":25000,"pollIntervalMs":2000}
[2025-11-15T10:39:13.272Z] [INFO] [submit] Submitting booking request {"correlationId":"df7ace65-f439-42f6-9100-3d4c1edbbbdf","bookingId":null,"url":"http://localhost:3020/api/bookings","restaurantSlug":"white-horse-pub-waterbeach","restaurantId":null,"date":"2025-11-25","time":"18:00","party":7,"bookingType":"dinner","seating":"any","marketingOptIn":false}
[2025-11-15T10:39:22.471Z] [INFO] [submit] Booking created {"correlationId":"ba2c4e75-5117-4aeb-8d53-168d9b33de78","bookingId":"792a3815-abbe-4a6e-8860-dae18b63c7c6","duplicate":false,"initialStatus":"confirmed","durationMs":19102,"maskedEmail":"bo***5@example.com","maskedPhone":"********4475"}
[2025-11-15T10:39:22.685Z] [INFO] [submit] Booking created {"correlationId":"6124dabc-b539-4ad7-a292-63ff5326c9ad","bookingId":"32fcd5b7-faba-436b-b045-d768092f9fe9","duplicate":false,"initialStatus":"confirmed","durationMs":18829,"maskedEmail":"bo***c@example.com","maskedPhone":"********3012"}
[2025-11-15T10:39:23.107Z] [INFO] [final_summary] Booking confirmed inline (API response) {"correlationId":"ba2c4e75-5117-4aeb-8d53-168d9b33de78","bookingId":"792a3815-abbe-4a6e-8860-dae18b63c7c6","reference":"MPEFN25NDG","bookingDate":"2025-11-25","startTime":"18:15:00","endTime":"20:15:00","autoAssignLastResult":{"source":"inline","lastAttemptAt":"2025-11-15T10:39:20.156Z","success":false,"reason":"INLINE_TIMEOUT","strategy":{"maxTables":null,"requireAdjacency":null},"trigger":"inline_creation","alternates":0,"durationMs":12003,"attemptId":"4549164b-8f5a-4fa4-9c18-f943ece86fb3","emailSent":false,"emailVariant":"standard"},"iteration":3,"submitDurationMs":19102,"inlineAttempts":0,"inlineDurationMs":0,"postJobAttempts":0,"postJobDurationMs":0,"backgroundInvoked":false,"backgroundDurationMs":null,"totalDurationMs":19739,"tablesAssigned":1,"totalCapacity":10,"seatWaste":3,"tableNumbers":["MD-11"],"partySize":7,"duplicateRequest":false,"status":"confirmed_inline_api","assignments":[{"id":"d7d0b932-2af1-4e9b-b030-c3fed60a53e9","tableId":"558754ba-86b0-4f2f-956c-5ee581a0b58b","tableNumber":"MD-11","zoneId":"33da1acf-fc1c-40da-9dfb-497617c8b592","capacity":10,"startAt":null,"endAt":null}]}
[2025-11-15T10:39:23.108Z] [INFO] [bootstrap] Starting booking flow {"correlationId":"38e8e765-a4aa-4581-9121-6eaa39613558","bookingId":null,"iteration":4,"totalRuns":"stress","timeoutMs":180000,"inlineWindowMs":25000,"pollIntervalMs":2000}
[2025-11-15T10:39:23.108Z] [INFO] [submit] Submitting booking request {"correlationId":"38e8e765-a4aa-4581-9121-6eaa39613558","bookingId":null,"url":"http://localhost:3020/api/bookings","restaurantSlug":"white-horse-pub-waterbeach","restaurantId":null,"date":"2025-11-25","time":"18:15","party":7,"bookingType":"dinner","seating":"any","marketingOptIn":false}
[2025-11-15T10:39:23.316Z] [INFO] [final_summary] Booking confirmed inline (API response) {"correlationId":"6124dabc-b539-4ad7-a292-63ff5326c9ad","bookingId":"32fcd5b7-faba-436b-b045-d768092f9fe9","reference":"AN96N8A8BK","bookingDate":"2025-11-25","startTime":"17:45:00","endTime":"19:45:00","autoAssignLastResult":{"source":"inline","lastAttemptAt":"2025-11-15T10:39:20.643Z","success":false,"reason":"INLINE_TIMEOUT","strategy":{"maxTables":null,"requireAdjacency":null},"trigger":"inline_creation","alternates":0,"durationMs":12003,"attemptId":"97b58077-0b60-4e55-91de-59ffd3c1355e","emailSent":false,"emailVariant":"standard"},"iteration":3,"submitDurationMs":18829,"inlineAttempts":0,"inlineDurationMs":0,"postJobAttempts":0,"postJobDurationMs":0,"backgroundInvoked":false,"backgroundDurationMs":null,"totalDurationMs":19462,"tablesAssigned":1,"totalCapacity":4,"seatWaste":1,"tableNumbers":["MD-04"],"partySize":3,"duplicateRequest":false,"status":"confirmed_inline_api","assignments":[{"id":"79952810-fea8-4c09-97d4-4a439f0b0d6f","tableId":"61eb28ec-dd80-4207-ae91-efd3ca1c803a","tableNumber":"MD-04","zoneId":"33da1acf-fc1c-40da-9dfb-497617c8b592","capacity":4,"startAt":null,"endAt":null}]}
[2025-11-15T10:39:23.316Z] [INFO] [bootstrap] Starting booking flow {"correlationId":"b4d1b883-0e5b-41c7-8e22-eaa5bf07e189","bookingId":null,"iteration":4,"totalRuns":"stress","timeoutMs":180000,"inlineWindowMs":25000,"pollIntervalMs":2000}
[2025-11-15T10:39:23.317Z] [INFO] [submit] Submitting booking request {"correlationId":"b4d1b883-0e5b-41c7-8e22-eaa5bf07e189","bookingId":null,"url":"http://localhost:3020/api/bookings","restaurantSlug":"white-horse-pub-waterbeach","restaurantId":null,"date":"2025-11-25","time":"17:45","party":3,"bookingType":"dinner","seating":"any","marketingOptIn":false}
[2025-11-15T10:39:33.051Z] [INFO] [submit] Booking created {"correlationId":"df7ace65-f439-42f6-9100-3d4c1edbbbdf","bookingId":"c3753131-a61a-4aca-b158-31fe823c2e57","duplicate":false,"initialStatus":"confirmed","durationMs":19778,"maskedEmail":"bo***5@example.com","maskedPhone":"********2465"}
[2025-11-15T10:39:33.535Z] [INFO] [submit] Booking created {"correlationId":"078c9615-35b1-4508-9d8b-1d43ffd3ab52","bookingId":"82f29a49-3665-4669-9055-1d2ce1697e1b","duplicate":false,"initialStatus":"confirmed","durationMs":20272,"maskedEmail":"bo***5@example.com","maskedPhone":"********9615"}
[2025-11-15T10:39:33.860Z] [INFO] [final_summary] Booking confirmed inline (API response) {"correlationId":"df7ace65-f439-42f6-9100-3d4c1edbbbdf","bookingId":"c3753131-a61a-4aca-b158-31fe823c2e57","reference":"8CJHT6CQFS","bookingDate":"2025-11-25","startTime":"18:00:00","endTime":"20:00:00","autoAssignLastResult":{"source":"inline","lastAttemptAt":"2025-11-15T10:39:32.093Z","success":true,"reason":null,"strategy":{"maxTables":null,"requireAdjacency":null},"trigger":"inline_creation","alternates":0,"durationMs":5225,"attemptId":"0610db60-03ff-4fe0-b354-7d87dee40ded","emailSent":true,"emailVariant":"standard"},"iteration":4,"submitDurationMs":19778,"inlineAttempts":0,"inlineDurationMs":0,"postJobAttempts":0,"postJobDurationMs":0,"backgroundInvoked":false,"backgroundDurationMs":null,"totalDurationMs":20588,"tablesAssigned":1,"totalCapacity":10,"seatWaste":3,"tableNumbers":["MD-12"],"partySize":7,"duplicateRequest":false,"status":"confirmed_inline_api","assignments":[{"id":"7a17028a-47df-4ccd-93f4-ac10e5775c36","tableId":"9a37cae1-ac7f-4bfc-8fd2-e46a24bb880b","tableNumber":"MD-12","zoneId":"33da1acf-fc1c-40da-9dfb-497617c8b592","capacity":10,"startAt":null,"endAt":null}]}
[stress] Summary {
  totalRuns: 4,
  successes: 4,
  failures: 0,
  maxRuns: 4,
  completedTarget: true,
  durationMs: { count: 4, min: 19000, max: 22619, avg: 20440.25, p95: 20588 },
  seatWaste: { count: 4, min: 1, max: 3, avg: 1.5, p95: 1 },
  tablesPerBooking: { count: 4, min: 1, max: 1, avg: 1, p95: 1 },
  uniqueTables: [ 'MD-09', 'MD-12', 'OG-06', 'PT-08' ]
}
✅ Stress run completed 4 booking(s) without failure.

>>> [worker 3] Slot 18:30 (party 4)

> ship-fast-code@0.1.0 booking:flow /Users/amankumarshrestha/Downloads/SajiloReserveX
> tsx -r tsconfig-paths/register scripts/run-booking-flow.ts --restaurant-slug white-horse-pub-waterbeach --date 2025-11-25 --time 18\:30 --party-size 4 --stress --stress-max 4 --timeout-ms 180000 --base-url http\://localhost\:3020 --pretty

[2025-11-15T10:39:34.430Z] [INFO] [final_summary] Booking confirmed inline (API response) {"correlationId":"078c9615-35b1-4508-9d8b-1d43ffd3ab52","bookingId":"82f29a49-3665-4669-9055-1d2ce1697e1b","reference":"2L9Y2VP6LN","bookingDate":"2025-11-25","startTime":"17:30:00","endTime":"19:30:00","autoAssignLastResult":{"source":"inline","lastAttemptAt":"2025-11-15T10:39:31.294Z","success":false,"reason":"INLINE_TIMEOUT","strategy":{"maxTables":null,"requireAdjacency":null},"trigger":"inline_creation","alternates":0,"durationMs":12006,"attemptId":"8e7d3e15-2327-434e-a589-b4a3e5694791","emailSent":false,"emailVariant":"standard"},"iteration":4,"submitDurationMs":20272,"inlineAttempts":0,"inlineDurationMs":0,"postJobAttempts":0,"postJobDurationMs":0,"backgroundInvoked":false,"backgroundDurationMs":null,"totalDurationMs":21168,"tablesAssigned":1,"totalCapacity":4,"seatWaste":0,"tableNumbers":["MD-05"],"partySize":4,"duplicateRequest":false,"status":"confirmed_inline_api","assignments":[{"id":"e0d36127-d1aa-4431-a003-faee77049fa1","tableId":"caa0d4ee-8e1a-432c-9a27-d01fc8296221","tableNumber":"MD-05","zoneId":"33da1acf-fc1c-40da-9dfb-497617c8b592","capacity":4,"startAt":null,"endAt":null}]}
[stress] Summary {
  totalRuns: 4,
  successes: 4,
  failures: 0,
  maxRuns: 4,
  completedTarget: true,
  durationMs: { count: 4, min: 19108, max: 22773, avg: 20582.75, p95: 21168 },
  seatWaste: { count: 4, min: 0, max: 0, avg: 0, p95: 0 },
  tablesPerBooking: { count: 4, min: 1, max: 1, avg: 1, p95: 1 },
  uniqueTables: [ 'BA-03', 'BA-05', 'MD-03', 'MD-05' ]
}
✅ Stress run completed 4 booking(s) without failure.
[dotenv@17.2.2] injecting env (0) from .env.local -- tip: 🔐 prevent building .env in docker: https://dotenvx.com/prebuild
[dotenv@17.2.2] injecting env (0) from .env.development -- tip: ⚙️  write to custom object with { processEnv: myObject }
[dotenv@17.2.2] injecting env (0) from .env -- tip: 🛠️  run anywhere with `dotenvx run -- yourcommand`
[2025-11-15T10:39:34.543Z] [INFO] [bootstrap] Starting booking flow {"correlationId":"99b3d659-79e4-49af-aeb0-ef132ceb1373","bookingId":null,"iteration":1,"totalRuns":"stress","timeoutMs":180000,"inlineWindowMs":25000,"pollIntervalMs":2000}
[2025-11-15T10:39:34.543Z] [INFO] [submit] Submitting booking request {"correlationId":"99b3d659-79e4-49af-aeb0-ef132ceb1373","bookingId":null,"url":"http://localhost:3020/api/bookings","restaurantSlug":"white-horse-pub-waterbeach","restaurantId":null,"date":"2025-11-25","time":"18:30","party":4,"bookingType":"dinner","seating":"any","marketingOptIn":false}
[supabase] strict hold enforcement active
[2025-11-15T10:39:42.595Z] [INFO] [submit] Booking created {"correlationId":"38e8e765-a4aa-4581-9121-6eaa39613558","bookingId":"e39b6cfc-89e7-4c2c-b207-3f7748db4af3","duplicate":false,"initialStatus":"confirmed","durationMs":19486,"maskedEmail":"bo***5@example.com","maskedPhone":"********4765"}
[2025-11-15T10:39:43.300Z] [INFO] [final_summary] Booking confirmed inline (API response) {"correlationId":"38e8e765-a4aa-4581-9121-6eaa39613558","bookingId":"e39b6cfc-89e7-4c2c-b207-3f7748db4af3","reference":"3CRFVUBR6T","bookingDate":"2025-11-25","startTime":"18:15:00","endTime":"20:15:00","autoAssignLastResult":{"source":"inline","lastAttemptAt":"2025-11-15T10:39:40.245Z","success":false,"reason":"INLINE_TIMEOUT","strategy":{"maxTables":null,"requireAdjacency":null},"trigger":"inline_creation","alternates":0,"durationMs":12003,"attemptId":"bc2b7c66-8567-48b0-8582-c08c53f41747","emailSent":false,"emailVariant":"standard"},"iteration":4,"submitDurationMs":19486,"inlineAttempts":0,"inlineDurationMs":0,"postJobAttempts":0,"postJobDurationMs":0,"backgroundInvoked":false,"backgroundDurationMs":null,"totalDurationMs":20192,"tablesAssigned":1,"totalCapacity":10,"seatWaste":3,"tableNumbers":["PR-05"],"partySize":7,"duplicateRequest":false,"status":"confirmed_inline_api","assignments":[{"id":"b22d4e59-33ab-4f23-9efd-79dc4f8619b9","tableId":"88686edd-efe3-4928-8c1e-1597ec8dc8cd","tableNumber":"PR-05","zoneId":"de50aeec-4ee8-48fc-b651-dc21e4273faa","capacity":10,"startAt":null,"endAt":null}]}
[stress] Summary {
  totalRuns: 4,
  successes: 4,
  failures: 0,
  maxRuns: 4,
  completedTarget: true,
  durationMs: { count: 4, min: 19739, max: 31417, avg: 22800, p95: 20192 },
  seatWaste: { count: 4, min: 1, max: 3, avg: 2, p95: 3 },
  tablesPerBooking: { count: 4, min: 1, max: 1, avg: 1, p95: 1 },
  uniqueTables: [ 'MD-10', 'MD-11', 'PR-05', 'PT-07' ]
}
✅ Stress run completed 4 booking(s) without failure.
[2025-11-15T10:39:43.628Z] [INFO] [submit] Booking created {"correlationId":"b4d1b883-0e5b-41c7-8e22-eaa5bf07e189","bookingId":"2002a707-1db6-4d06-be41-4d3813293535","duplicate":false,"initialStatus":"confirmed","durationMs":20311,"maskedEmail":"bo***3@example.com","maskedPhone":"********1883"}
[2025-11-15T10:39:44.324Z] [INFO] [final_summary] Booking confirmed inline (API response) {"correlationId":"b4d1b883-0e5b-41c7-8e22-eaa5bf07e189","bookingId":"2002a707-1db6-4d06-be41-4d3813293535","reference":"PPL7ZG8K8N","bookingDate":"2025-11-25","startTime":"17:45:00","endTime":"19:45:00","autoAssignLastResult":{"source":"inline","lastAttemptAt":"2025-11-15T10:39:41.579Z","success":false,"reason":"INLINE_TIMEOUT","strategy":{"maxTables":null,"requireAdjacency":null},"trigger":"inline_creation","alternates":0,"durationMs":12003,"attemptId":"2951fbee-e621-423d-b8af-130a6e9172c7","emailSent":false,"emailVariant":"standard"},"iteration":4,"submitDurationMs":20311,"inlineAttempts":0,"inlineDurationMs":0,"postJobAttempts":0,"postJobDurationMs":0,"backgroundInvoked":false,"backgroundDurationMs":null,"totalDurationMs":21008,"tablesAssigned":1,"totalCapacity":4,"seatWaste":1,"tableNumbers":["MD-06"],"partySize":3,"duplicateRequest":false,"status":"confirmed_inline_api","assignments":[{"id":"dd6c4b4e-08d0-4666-a5bb-fba03ab1c325","tableId":"16990695-d3a9-4178-88ec-330b2f8a805a","tableNumber":"MD-06","zoneId":"33da1acf-fc1c-40da-9dfb-497617c8b592","capacity":4,"startAt":null,"endAt":null}]}
[stress] Summary {
  totalRuns: 4,
  successes: 4,
  failures: 0,
  maxRuns: 4,
  completedTarget: true,
  durationMs: { count: 4, min: 19462, max: 31970, avg: 23056.75, p95: 21008 },
  seatWaste: { count: 4, min: 1, max: 1, avg: 1, p95: 1 },
  tablesPerBooking: { count: 4, min: 1, max: 1, avg: 1, p95: 1 },
  uniqueTables: [ 'BA-04', 'BA-06', 'MD-04', 'MD-06' ]
}
✅ Stress run completed 4 booking(s) without failure.
[2025-11-15T10:39:54.167Z] [INFO] [submit] Booking created {"correlationId":"99b3d659-79e4-49af-aeb0-ef132ceb1373","bookingId":"5dd173ae-6b79-470b-8a96-2e3b81da2bf9","duplicate":false,"initialStatus":"confirmed","durationMs":19622,"maskedEmail":"bo***9@example.com","maskedPhone":"********3659"}
[2025-11-15T10:39:55.130Z] [INFO] [final_summary] Booking confirmed inline (API response) {"correlationId":"99b3d659-79e4-49af-aeb0-ef132ceb1373","bookingId":"5dd173ae-6b79-470b-8a96-2e3b81da2bf9","reference":"XBSEK2S7X7","bookingDate":"2025-11-25","startTime":"18:30:00","endTime":"20:30:00","autoAssignLastResult":{"source":"inline","lastAttemptAt":"2025-11-15T10:39:53.494Z","success":true,"reason":null,"strategy":{"maxTables":null,"requireAdjacency":null},"trigger":"inline_creation","alternates":0,"durationMs":5563,"attemptId":"136c98da-06c6-4bff-a828-fcfc9e4e07ca","emailSent":true,"emailVariant":"standard"},"iteration":1,"submitDurationMs":19622,"inlineAttempts":0,"inlineDurationMs":0,"postJobAttempts":0,"postJobDurationMs":0,"backgroundInvoked":false,"backgroundDurationMs":null,"totalDurationMs":20587,"tablesAssigned":1,"totalCapacity":4,"seatWaste":0,"tableNumbers":["OG-02"],"partySize":4,"duplicateRequest":false,"status":"confirmed_inline_api","assignments":[{"id":"cbdf2c1a-9e85-40d4-b256-24623b7200aa","tableId":"4245979f-23de-4dd5-9d8a-7c25c692af92","tableNumber":"OG-02","zoneId":"a0054ae3-ce64-4899-b8f2-acbf470266f4","capacity":4,"startAt":null,"endAt":null}]}
[2025-11-15T10:39:55.131Z] [INFO] [bootstrap] Starting booking flow {"correlationId":"ee44e17a-f074-4bb2-bd3e-5556f2b26279","bookingId":null,"iteration":2,"totalRuns":"stress","timeoutMs":180000,"inlineWindowMs":25000,"pollIntervalMs":2000}
[2025-11-15T10:39:55.131Z] [INFO] [submit] Submitting booking request {"correlationId":"ee44e17a-f074-4bb2-bd3e-5556f2b26279","bookingId":null,"url":"http://localhost:3020/api/bookings","restaurantSlug":"white-horse-pub-waterbeach","restaurantId":null,"date":"2025-11-25","time":"18:30","party":4,"bookingType":"dinner","seating":"any","marketingOptIn":false}
[2025-11-15T10:40:13.929Z] [INFO] [submit] Booking created {"correlationId":"ee44e17a-f074-4bb2-bd3e-5556f2b26279","bookingId":"880a29e4-d0c0-4d06-b71b-ce00645142c8","duplicate":false,"initialStatus":"confirmed","durationMs":18797,"maskedEmail":"bo***a@example.com","maskedPhone":"********4170"}
[2025-11-15T10:40:14.639Z] [INFO] [final_summary] Booking confirmed inline (API response) {"correlationId":"ee44e17a-f074-4bb2-bd3e-5556f2b26279","bookingId":"880a29e4-d0c0-4d06-b71b-ce00645142c8","reference":"J74WLHNDM2","bookingDate":"2025-11-25","startTime":"18:30:00","endTime":"20:30:00","autoAssignLastResult":{"source":"inline","lastAttemptAt":"2025-11-15T10:40:13.096Z","success":true,"reason":null,"strategy":{"maxTables":null,"requireAdjacency":null},"trigger":"inline_creation","alternates":0,"durationMs":5403,"attemptId":"8c79d996-4230-4d81-a893-eb22df6e58e9","emailSent":true,"emailVariant":"standard"},"iteration":2,"submitDurationMs":18797,"inlineAttempts":0,"inlineDurationMs":0,"postJobAttempts":0,"postJobDurationMs":0,"backgroundInvoked":false,"backgroundDurationMs":null,"totalDurationMs":19508,"tablesAssigned":1,"totalCapacity":4,"seatWaste":0,"tableNumbers":["OG-03"],"partySize":4,"duplicateRequest":false,"status":"confirmed_inline_api","assignments":[{"id":"6e44b61b-f09c-4497-9a99-e2c1cd73a07d","tableId":"1dc3b79f-72dd-4ccf-a956-ebf52f42716c","tableNumber":"OG-03","zoneId":"a0054ae3-ce64-4899-b8f2-acbf470266f4","capacity":4,"startAt":null,"endAt":null}]}
[2025-11-15T10:40:14.641Z] [INFO] [bootstrap] Starting booking flow {"correlationId":"78fcb697-1e70-4409-ac7d-b3aaec1e3a9e","bookingId":null,"iteration":3,"totalRuns":"stress","timeoutMs":180000,"inlineWindowMs":25000,"pollIntervalMs":2000}
[2025-11-15T10:40:14.642Z] [INFO] [submit] Submitting booking request {"correlationId":"78fcb697-1e70-4409-ac7d-b3aaec1e3a9e","bookingId":null,"url":"http://localhost:3020/api/bookings","restaurantSlug":"white-horse-pub-waterbeach","restaurantId":null,"date":"2025-11-25","time":"18:30","party":4,"bookingType":"dinner","seating":"any","marketingOptIn":false}
[2025-11-15T10:40:35.128Z] [INFO] [submit] Booking created {"correlationId":"78fcb697-1e70-4409-ac7d-b3aaec1e3a9e","bookingId":"c7531dee-4a76-40d7-a05a-addcf4de17a3","duplicate":false,"initialStatus":"confirmed","durationMs":20485,"maskedEmail":"bo***7@example.com","maskedPhone":"********1697"}
[2025-11-15T10:40:35.957Z] [INFO] [final_summary] Booking confirmed inline (API response) {"correlationId":"78fcb697-1e70-4409-ac7d-b3aaec1e3a9e","bookingId":"c7531dee-4a76-40d7-a05a-addcf4de17a3","reference":"PDMS5WR4U4","bookingDate":"2025-11-25","startTime":"18:30:00","endTime":"20:30:00","autoAssignLastResult":{"source":"inline","lastAttemptAt":"2025-11-15T10:40:32.119Z","success":false,"reason":"INLINE_TIMEOUT","strategy":{"maxTables":null,"requireAdjacency":null},"trigger":"inline_creation","alternates":0,"durationMs":12004,"attemptId":"59b0ed95-5ba0-4373-9564-9bd52d530013","emailSent":false,"emailVariant":"standard"},"iteration":3,"submitDurationMs":20485,"inlineAttempts":0,"inlineDurationMs":0,"postJobAttempts":0,"postJobDurationMs":0,"backgroundInvoked":false,"backgroundDurationMs":null,"totalDurationMs":21316,"tablesAssigned":1,"totalCapacity":4,"seatWaste":0,"tableNumbers":["PR-01"],"partySize":4,"duplicateRequest":false,"status":"confirmed_inline_api","assignments":[{"id":"d3dc827a-a47a-4c49-b31b-28045fb789b2","tableId":"c4215e5d-ad39-4af6-a61a-954ae0c350ab","tableNumber":"PR-01","zoneId":"de50aeec-4ee8-48fc-b651-dc21e4273faa","capacity":4,"startAt":null,"endAt":null}]}
[2025-11-15T10:40:35.958Z] [INFO] [bootstrap] Starting booking flow {"correlationId":"27070abb-0d7e-40f4-8707-99021bc1f15c","bookingId":null,"iteration":4,"totalRuns":"stress","timeoutMs":180000,"inlineWindowMs":25000,"pollIntervalMs":2000}
[2025-11-15T10:40:35.958Z] [INFO] [submit] Submitting booking request {"correlationId":"27070abb-0d7e-40f4-8707-99021bc1f15c","bookingId":null,"url":"http://localhost:3020/api/bookings","restaurantSlug":"white-horse-pub-waterbeach","restaurantId":null,"date":"2025-11-25","time":"18:30","party":4,"bookingType":"dinner","seating":"any","marketingOptIn":false}
[2025-11-15T10:40:55.773Z] [INFO] [submit] Booking created {"correlationId":"27070abb-0d7e-40f4-8707-99021bc1f15c","bookingId":"46126c16-2e5f-4667-9149-71fd7a5bb5e9","duplicate":false,"initialStatus":"confirmed","durationMs":19815,"maskedEmail":"bo***b@example.com","maskedPhone":"********0011"}
[2025-11-15T10:40:56.426Z] [INFO] [final_summary] Booking confirmed inline (API response) {"correlationId":"27070abb-0d7e-40f4-8707-99021bc1f15c","bookingId":"46126c16-2e5f-4667-9149-71fd7a5bb5e9","reference":"EU47HBA7UA","bookingDate":"2025-11-25","startTime":"18:30:00","endTime":"20:30:00","autoAssignLastResult":{"source":"inline","lastAttemptAt":"2025-11-15T10:40:53.181Z","success":false,"reason":"INLINE_TIMEOUT","strategy":{"maxTables":null,"requireAdjacency":null},"trigger":"inline_creation","alternates":0,"durationMs":12004,"attemptId":"13a41c79-f077-4a47-a5d7-dd3ad8a08f98","emailSent":false,"emailVariant":"standard"},"iteration":4,"submitDurationMs":19815,"inlineAttempts":0,"inlineDurationMs":0,"postJobAttempts":0,"postJobDurationMs":0,"backgroundInvoked":false,"backgroundDurationMs":null,"totalDurationMs":20468,"tablesAssigned":1,"totalCapacity":4,"seatWaste":0,"tableNumbers":["PR-02"],"partySize":4,"duplicateRequest":false,"status":"confirmed_inline_api","assignments":[{"id":"0b24c6cf-59be-4887-9e7e-12e3e05ac161","tableId":"f4df7b28-e5f6-466a-8256-7019c71bc668","tableNumber":"PR-02","zoneId":"de50aeec-4ee8-48fc-b651-dc21e4273faa","capacity":4,"startAt":null,"endAt":null}]}
[stress] Summary {
  totalRuns: 4,
  successes: 4,
  failures: 0,
  maxRuns: 4,
  completedTarget: true,
  durationMs: { count: 4, min: 19508, max: 21316, avg: 20469.75, p95: 20587 },
  seatWaste: { count: 4, min: 0, max: 0, avg: 0, p95: 0 },
  tablesPerBooking: { count: 4, min: 1, max: 1, avg: 1, p95: 1 },
  uniqueTables: [ 'OG-02', 'OG-03', 'PR-01', 'PR-02' ]
}
✅ Stress run completed 4 booking(s) without failure.
