Filling 5 slots on 2025-11-25 (stress-max=4)

>>> [worker 1] Slot 17:30 (party 7)

> ship-fast-code@0.1.0 booking:flow /Users/amankumarshrestha/Downloads/SajiloReserveX
> tsx -r tsconfig-paths/register scripts/run-booking-flow.ts --restaurant-slug white-horse-pub-waterbeach --date 2025-11-25 --time 17\:30 --party-size 7 --stress --stress-max 4 --timeout-ms 180000 --base-url http\://localhost\:3020 --pretty

[dotenv@17.2.2] injecting env (0) from .env.local -- tip: ⚙️  override existing env vars with { override: true }
[dotenv@17.2.2] injecting env (0) from .env.development -- tip: ⚙️  specify custom .env file path with { path: '/custom/path/.env' }
[dotenv@17.2.2] injecting env (0) from .env -- tip: ⚙️  load multiple .env files with { path: ['.env.local', '.env'] }
[2025-11-15T12:11:55.394Z] [INFO] [bootstrap] Starting booking flow {"correlationId":"583070e8-c03a-40d7-8f37-e51865116fbb","bookingId":null,"iteration":1,"totalRuns":"stress","timeoutMs":180000,"inlineWindowMs":25000,"pollIntervalMs":2000}
[2025-11-15T12:11:55.394Z] [INFO] [submit] Submitting booking request {"correlationId":"583070e8-c03a-40d7-8f37-e51865116fbb","bookingId":null,"url":"http://localhost:3020/api/bookings","restaurantSlug":"white-horse-pub-waterbeach","restaurantId":null,"date":"2025-11-25","time":"17:30","party":7,"bookingType":"dinner","seating":"any","marketingOptIn":false}
[supabase] strict hold enforcement active
[2025-11-15T12:12:17.509Z] [INFO] [submit] Booking created {"correlationId":"583070e8-c03a-40d7-8f37-e51865116fbb","bookingId":"7d54a3ce-22c6-4cfe-afd4-419ff9cb804e","duplicate":false,"initialStatus":"confirmed","durationMs":22115,"maskedEmail":"bo***8@example.com","maskedPhone":"********7048"}
[2025-11-15T12:12:18.207Z] [INFO] [final_summary] Booking confirmed inline (API response) {"correlationId":"583070e8-c03a-40d7-8f37-e51865116fbb","bookingId":"7d54a3ce-22c6-4cfe-afd4-419ff9cb804e","reference":"F9MYAP58ZP","bookingDate":"2025-11-25","startTime":"17:30:00","endTime":"19:30:00","autoAssignLastResult":{"source":"inline","lastAttemptAt":"2025-11-15T12:12:14.736Z","success":false,"reason":"INLINE_TIMEOUT","strategy":{"maxTables":null,"requireAdjacency":null},"trigger":"inline_creation","alternates":0,"durationMs":12010,"attemptId":"0d3b120d-c56b-409c-8781-213525a070e4","emailSent":false,"emailVariant":"standard"},"iteration":1,"submitDurationMs":22115,"inlineAttempts":0,"inlineDurationMs":0,"postJobAttempts":0,"postJobDurationMs":0,"backgroundInvoked":false,"backgroundDurationMs":null,"totalDurationMs":22812,"tablesAssigned":1,"totalCapacity":8,"seatWaste":1,"tableNumbers":["MD-09"],"partySize":7,"duplicateRequest":false,"status":"confirmed_inline_api","assignments":[{"id":"1d9f57b2-f1fb-48a0-954b-b0bf9dc5af1a","tableId":"ac641e9b-181a-4320-906e-f53b1b74d81c","tableNumber":"MD-09","zoneId":"406a6e8e-1e53-4b0b-8a07-abdd953d29fb","capacity":8,"startAt":null,"endAt":null}]}
[2025-11-15T12:12:18.207Z] [INFO] [bootstrap] Starting booking flow {"correlationId":"8e783498-6b67-4655-9b28-f64e3a15d29a","bookingId":null,"iteration":2,"totalRuns":"stress","timeoutMs":180000,"inlineWindowMs":25000,"pollIntervalMs":2000}
[2025-11-15T12:12:18.208Z] [INFO] [submit] Submitting booking request {"correlationId":"8e783498-6b67-4655-9b28-f64e3a15d29a","bookingId":null,"url":"http://localhost:3020/api/bookings","restaurantSlug":"white-horse-pub-waterbeach","restaurantId":null,"date":"2025-11-25","time":"17:30","party":7,"bookingType":"dinner","seating":"any","marketingOptIn":false}
[2025-11-15T12:12:38.763Z] [INFO] [submit] Booking created {"correlationId":"8e783498-6b67-4655-9b28-f64e3a15d29a","bookingId":"8e0936e6-fc90-4b72-8fd0-764319dc3473","duplicate":false,"initialStatus":"confirmed","durationMs":20554,"maskedEmail":"bo***8@example.com","maskedPhone":"********3498"}
[2025-11-15T12:12:39.463Z] [INFO] [final_summary] Booking confirmed inline (API response) {"correlationId":"8e783498-6b67-4655-9b28-f64e3a15d29a","bookingId":"8e0936e6-fc90-4b72-8fd0-764319dc3473","reference":"8LDAUP9QLT","bookingDate":"2025-11-25","startTime":"17:30:00","endTime":"19:30:00","autoAssignLastResult":{"source":"inline","lastAttemptAt":"2025-11-15T12:12:37.924Z","success":true,"reason":null,"strategy":{"maxTables":null,"requireAdjacency":null},"trigger":"inline_creation","alternates":0,"durationMs":5825,"attemptId":"85d1fedf-0488-4245-b33f-83dde95d9540","emailSent":true,"emailVariant":"standard"},"iteration":2,"submitDurationMs":20554,"inlineAttempts":0,"inlineDurationMs":0,"postJobAttempts":0,"postJobDurationMs":0,"backgroundInvoked":false,"backgroundDurationMs":null,"totalDurationMs":21256,"tablesAssigned":1,"totalCapacity":8,"seatWaste":1,"tableNumbers":["MD-10"],"partySize":7,"duplicateRequest":false,"status":"confirmed_inline_api","assignments":[{"id":"29ebc457-954b-4dc7-bb90-2afd549491ea","tableId":"1d22a6be-62e8-47ac-aadd-74f00cf23912","tableNumber":"MD-10","zoneId":"406a6e8e-1e53-4b0b-8a07-abdd953d29fb","capacity":8,"startAt":null,"endAt":null}]}
[2025-11-15T12:12:39.464Z] [INFO] [bootstrap] Starting booking flow {"correlationId":"955ac264-7e0d-4115-aec8-cc637bb47621","bookingId":null,"iteration":3,"totalRuns":"stress","timeoutMs":180000,"inlineWindowMs":25000,"pollIntervalMs":2000}
[2025-11-15T12:12:39.464Z] [INFO] [submit] Submitting booking request {"correlationId":"955ac264-7e0d-4115-aec8-cc637bb47621","bookingId":null,"url":"http://localhost:3020/api/bookings","restaurantSlug":"white-horse-pub-waterbeach","restaurantId":null,"date":"2025-11-25","time":"17:30","party":7,"bookingType":"dinner","seating":"any","marketingOptIn":false}
[2025-11-15T12:12:59.683Z] [INFO] [submit] Booking created {"correlationId":"955ac264-7e0d-4115-aec8-cc637bb47621","bookingId":"2ce45359-2546-4827-98f4-c19e92c340b8","duplicate":false,"initialStatus":"confirmed","durationMs":20218,"maskedEmail":"bo***4@example.com","maskedPhone":"********2264"}
[2025-11-15T12:13:00.315Z] [INFO] [final_summary] Booking confirmed inline (API response) {"correlationId":"955ac264-7e0d-4115-aec8-cc637bb47621","bookingId":"2ce45359-2546-4827-98f4-c19e92c340b8","reference":"2QPGDWPUWD","bookingDate":"2025-11-25","startTime":"17:30:00","endTime":"19:30:00","autoAssignLastResult":{"source":"inline","lastAttemptAt":"2025-11-15T12:12:57.084Z","success":false,"reason":"INLINE_TIMEOUT","strategy":{"maxTables":null,"requireAdjacency":null},"trigger":"inline_creation","alternates":0,"durationMs":12003,"attemptId":"32e20bc9-6780-4e01-874a-772bc8993ad0","emailSent":false,"emailVariant":"standard"},"iteration":3,"submitDurationMs":20218,"inlineAttempts":0,"inlineDurationMs":0,"postJobAttempts":0,"postJobDurationMs":0,"backgroundInvoked":false,"backgroundDurationMs":null,"totalDurationMs":20851,"tablesAssigned":1,"totalCapacity":8,"seatWaste":1,"tableNumbers":["OG-06"],"partySize":7,"duplicateRequest":false,"status":"confirmed_inline_api","assignments":[{"id":"578cf70b-23b3-4505-992a-a2f0beb41c31","tableId":"1fde9a56-d430-4d8f-9bd5-c92086873229","tableNumber":"OG-06","zoneId":"7bd99bc9-d325-417a-b117-fc8d208999bd","capacity":8,"startAt":null,"endAt":null}]}
[2025-11-15T12:13:00.316Z] [INFO] [bootstrap] Starting booking flow {"correlationId":"4c3d56ea-b8ec-4e18-af00-99b595557acd","bookingId":null,"iteration":4,"totalRuns":"stress","timeoutMs":180000,"inlineWindowMs":25000,"pollIntervalMs":2000}
[2025-11-15T12:13:00.316Z] [INFO] [submit] Submitting booking request {"correlationId":"4c3d56ea-b8ec-4e18-af00-99b595557acd","bookingId":null,"url":"http://localhost:3020/api/bookings","restaurantSlug":"white-horse-pub-waterbeach","restaurantId":null,"date":"2025-11-25","time":"17:30","party":7,"bookingType":"dinner","seating":"any","marketingOptIn":false}
[2025-11-15T12:13:19.344Z] [INFO] [submit] Booking created {"correlationId":"4c3d56ea-b8ec-4e18-af00-99b595557acd","bookingId":"ec42a5ab-4ad5-49b4-8001-446cf20540b9","duplicate":false,"initialStatus":"confirmed","durationMs":19027,"maskedEmail":"bo***a@example.com","maskedPhone":"********5640"}
[2025-11-15T12:13:19.974Z] [INFO] [final_summary] Booking confirmed inline (API response) {"correlationId":"4c3d56ea-b8ec-4e18-af00-99b595557acd","bookingId":"ec42a5ab-4ad5-49b4-8001-446cf20540b9","reference":"M5K6FVMY8M","bookingDate":"2025-11-25","startTime":"17:30:00","endTime":"19:30:00","autoAssignLastResult":{"source":"inline","lastAttemptAt":"2025-11-15T12:13:18.318Z","success":true,"reason":null,"strategy":{"maxTables":null,"requireAdjacency":null},"trigger":"inline_creation","alternates":0,"durationMs":5447,"attemptId":"1d1d37d4-9d95-4642-964f-5a0c3632b15a","emailSent":true,"emailVariant":"standard"},"iteration":4,"submitDurationMs":19027,"inlineAttempts":0,"inlineDurationMs":0,"postJobAttempts":0,"postJobDurationMs":0,"backgroundInvoked":false,"backgroundDurationMs":null,"totalDurationMs":19658,"tablesAssigned":1,"totalCapacity":8,"seatWaste":1,"tableNumbers":["PT-07"],"partySize":7,"duplicateRequest":false,"status":"confirmed_inline_api","assignments":[{"id":"da3702e3-0142-4368-bd35-530aaa8cff29","tableId":"10dc8982-66fc-459c-8b0c-fc02d4dcfc4f","tableNumber":"PT-07","zoneId":"450e0e17-f080-40ea-a832-d05c23e1cc44","capacity":8,"startAt":null,"endAt":null}]}
[stress] Summary {
  totalRuns: 4,
  successes: 4,
  failures: 0,
  maxRuns: 4,
  completedTarget: true,
  durationMs: { count: 4, min: 19658, max: 22812, avg: 21144.25, p95: 21256 },
  seatWaste: { count: 4, min: 1, max: 1, avg: 1, p95: 1 },
  tablesPerBooking: { count: 4, min: 1, max: 1, avg: 1, p95: 1 },
  uniqueTables: [ 'MD-09', 'MD-10', 'OG-06', 'PT-07' ]
}
✅ Stress run completed 4 booking(s) without failure.

>>> [worker 1] Slot 17:45 (party 2)

> ship-fast-code@0.1.0 booking:flow /Users/amankumarshrestha/Downloads/SajiloReserveX
> tsx -r tsconfig-paths/register scripts/run-booking-flow.ts --restaurant-slug white-horse-pub-waterbeach --date 2025-11-25 --time 17\:45 --party-size 2 --stress --stress-max 4 --timeout-ms 180000 --base-url http\://localhost\:3020 --pretty

[dotenv@17.2.2] injecting env (0) from .env.local -- tip: 🔐 encrypt with Dotenvx: https://dotenvx.com
[dotenv@17.2.2] injecting env (0) from .env.development -- tip: ⚙️  enable debug logging with { debug: true }
[dotenv@17.2.2] injecting env (0) from .env -- tip: 📡 observe env with Radar: https://dotenvx.com/radar
[2025-11-15T12:13:20.592Z] [INFO] [bootstrap] Starting booking flow {"correlationId":"4db24f3d-8378-45cf-a61d-f6292e1576bb","bookingId":null,"iteration":1,"totalRuns":"stress","timeoutMs":180000,"inlineWindowMs":25000,"pollIntervalMs":2000}
[2025-11-15T12:13:20.592Z] [INFO] [submit] Submitting booking request {"correlationId":"4db24f3d-8378-45cf-a61d-f6292e1576bb","bookingId":null,"url":"http://localhost:3020/api/bookings","restaurantSlug":"white-horse-pub-waterbeach","restaurantId":null,"date":"2025-11-25","time":"17:45","party":2,"bookingType":"dinner","seating":"any","marketingOptIn":false}
[supabase] strict hold enforcement active
[2025-11-15T12:13:39.290Z] [INFO] [submit] Booking created {"correlationId":"4db24f3d-8378-45cf-a61d-f6292e1576bb","bookingId":"d2f88328-1491-4a87-935d-bb580b7f0ce3","duplicate":false,"initialStatus":"confirmed","durationMs":18696,"maskedEmail":"bo***d@example.com","maskedPhone":"********4533"}
[2025-11-15T12:13:39.944Z] [INFO] [final_summary] Booking confirmed inline (API response) {"correlationId":"4db24f3d-8378-45cf-a61d-f6292e1576bb","bookingId":"d2f88328-1491-4a87-935d-bb580b7f0ce3","reference":"DGU9NUDSYR","bookingDate":"2025-11-25","startTime":"17:45:00","endTime":"19:45:00","autoAssignLastResult":{"source":"inline","lastAttemptAt":"2025-11-15T12:13:38.511Z","success":true,"reason":null,"strategy":{"maxTables":null,"requireAdjacency":null},"trigger":"inline_creation","alternates":0,"durationMs":5513,"attemptId":"d15b0f20-308f-464f-953a-6183715140a5","emailSent":true,"emailVariant":"standard"},"iteration":1,"submitDurationMs":18696,"inlineAttempts":0,"inlineDurationMs":0,"postJobAttempts":0,"postJobDurationMs":0,"backgroundInvoked":false,"backgroundDurationMs":null,"totalDurationMs":19352,"tablesAssigned":1,"totalCapacity":2,"seatWaste":0,"tableNumbers":["BA-01"],"partySize":2,"duplicateRequest":false,"status":"confirmed_inline_api","assignments":[{"id":"bd3993e1-a7ae-4f04-bd7a-0bf631882fd0","tableId":"56dc1a3b-e468-4c15-a00a-f6d98b56a58c","tableNumber":"BA-01","zoneId":"92017a89-35a6-483c-bdde-73ba1cc97dae","capacity":2,"startAt":null,"endAt":null}]}
[2025-11-15T12:13:39.945Z] [INFO] [bootstrap] Starting booking flow {"correlationId":"96b4166b-56d3-4c7a-a088-b74899f68939","bookingId":null,"iteration":2,"totalRuns":"stress","timeoutMs":180000,"inlineWindowMs":25000,"pollIntervalMs":2000}
[2025-11-15T12:13:39.945Z] [INFO] [submit] Submitting booking request {"correlationId":"96b4166b-56d3-4c7a-a088-b74899f68939","bookingId":null,"url":"http://localhost:3020/api/bookings","restaurantSlug":"white-horse-pub-waterbeach","restaurantId":null,"date":"2025-11-25","time":"17:45","party":2,"bookingType":"dinner","seating":"any","marketingOptIn":false}
[2025-11-15T12:13:59.778Z] [INFO] [submit] Booking created {"correlationId":"96b4166b-56d3-4c7a-a088-b74899f68939","bookingId":"d960d0b8-17bc-4134-bf69-72deb92fa270","duplicate":false,"initialStatus":"confirmed","durationMs":19830,"maskedEmail":"bo***b@example.com","maskedPhone":"********1661"}
[2025-11-15T12:14:00.695Z] [INFO] [final_summary] Booking confirmed inline (API response) {"correlationId":"96b4166b-56d3-4c7a-a088-b74899f68939","bookingId":"d960d0b8-17bc-4134-bf69-72deb92fa270","reference":"324PFSPBED","bookingDate":"2025-11-25","startTime":"17:45:00","endTime":"19:45:00","autoAssignLastResult":{"source":"inline","lastAttemptAt":"2025-11-15T12:13:58.744Z","success":true,"reason":null,"strategy":{"maxTables":null,"requireAdjacency":null},"trigger":"inline_creation","alternates":0,"durationMs":5739,"attemptId":"ae2c4086-414f-4334-8fd1-ab1df41ea05a","emailSent":true,"emailVariant":"standard"},"iteration":2,"submitDurationMs":19830,"inlineAttempts":0,"inlineDurationMs":0,"postJobAttempts":0,"postJobDurationMs":0,"backgroundInvoked":false,"backgroundDurationMs":null,"totalDurationMs":20750,"tablesAssigned":1,"totalCapacity":2,"seatWaste":0,"tableNumbers":["BA-02"],"partySize":2,"duplicateRequest":false,"status":"confirmed_inline_api","assignments":[{"id":"2ad74621-67e1-41be-9f1e-ee3fd1042ce2","tableId":"ef0c26ed-43b5-48d6-825d-a4ac40e08c44","tableNumber":"BA-02","zoneId":"92017a89-35a6-483c-bdde-73ba1cc97dae","capacity":2,"startAt":null,"endAt":null}]}
[2025-11-15T12:14:00.697Z] [INFO] [bootstrap] Starting booking flow {"correlationId":"01b10c6a-36a6-492e-bbd5-4406abe69add","bookingId":null,"iteration":3,"totalRuns":"stress","timeoutMs":180000,"inlineWindowMs":25000,"pollIntervalMs":2000}
[2025-11-15T12:14:00.697Z] [INFO] [submit] Submitting booking request {"correlationId":"01b10c6a-36a6-492e-bbd5-4406abe69add","bookingId":null,"url":"http://localhost:3020/api/bookings","restaurantSlug":"white-horse-pub-waterbeach","restaurantId":null,"date":"2025-11-25","time":"17:45","party":2,"bookingType":"dinner","seating":"any","marketingOptIn":false}
[2025-11-15T12:14:20.311Z] [INFO] [submit] Booking created {"correlationId":"01b10c6a-36a6-492e-bbd5-4406abe69add","bookingId":"df31842b-2472-4417-8a4a-ba882489521b","duplicate":false,"initialStatus":"confirmed","durationMs":19613,"maskedEmail":"bo***a@example.com","maskedPhone":"********0260"}
[2025-11-15T12:14:20.949Z] [INFO] [final_summary] Booking confirmed inline (API response) {"correlationId":"01b10c6a-36a6-492e-bbd5-4406abe69add","bookingId":"df31842b-2472-4417-8a4a-ba882489521b","reference":"W49LZ5NFSA","bookingDate":"2025-11-25","startTime":"17:45:00","endTime":"19:45:00","autoAssignLastResult":{"source":"inline","lastAttemptAt":"2025-11-15T12:14:19.535Z","success":true,"reason":null,"strategy":{"maxTables":null,"requireAdjacency":null},"trigger":"inline_creation","alternates":0,"durationMs":5756,"attemptId":"ff8956b8-8f4f-48ce-aff6-3f7ca8d872e1","emailSent":true,"emailVariant":"standard"},"iteration":3,"submitDurationMs":19613,"inlineAttempts":0,"inlineDurationMs":0,"postJobAttempts":0,"postJobDurationMs":0,"backgroundInvoked":false,"backgroundDurationMs":null,"totalDurationMs":20251,"tablesAssigned":1,"totalCapacity":2,"seatWaste":0,"tableNumbers":["MD-01"],"partySize":2,"duplicateRequest":false,"status":"confirmed_inline_api","assignments":[{"id":"ebfe06f0-8be9-44d1-9196-467585032501","tableId":"dfb5718a-c200-4222-a61c-5065cc765d33","tableNumber":"MD-01","zoneId":"406a6e8e-1e53-4b0b-8a07-abdd953d29fb","capacity":2,"startAt":null,"endAt":null}]}
[2025-11-15T12:14:20.949Z] [INFO] [bootstrap] Starting booking flow {"correlationId":"d6ce1114-d859-4a3d-80f4-5ac59880e38b","bookingId":null,"iteration":4,"totalRuns":"stress","timeoutMs":180000,"inlineWindowMs":25000,"pollIntervalMs":2000}
[2025-11-15T12:14:20.949Z] [INFO] [submit] Submitting booking request {"correlationId":"d6ce1114-d859-4a3d-80f4-5ac59880e38b","bookingId":null,"url":"http://localhost:3020/api/bookings","restaurantSlug":"white-horse-pub-waterbeach","restaurantId":null,"date":"2025-11-25","time":"17:45","party":2,"bookingType":"dinner","seating":"any","marketingOptIn":false}
[2025-11-15T12:14:39.666Z] [INFO] [submit] Booking created {"correlationId":"d6ce1114-d859-4a3d-80f4-5ac59880e38b","bookingId":"7bbc4e3f-6405-451c-8e63-10ca549230f9","duplicate":false,"initialStatus":"confirmed","durationMs":18716,"maskedEmail":"bo***4@example.com","maskedPhone":"********1114"}
[2025-11-15T12:14:40.316Z] [INFO] [final_summary] Booking confirmed inline (API response) {"correlationId":"d6ce1114-d859-4a3d-80f4-5ac59880e38b","bookingId":"7bbc4e3f-6405-451c-8e63-10ca549230f9","reference":"RJDP5GGD3X","bookingDate":"2025-11-25","startTime":"17:45:00","endTime":"19:45:00","autoAssignLastResult":{"source":"inline","lastAttemptAt":"2025-11-15T12:14:38.819Z","success":true,"reason":null,"strategy":{"maxTables":null,"requireAdjacency":null},"trigger":"inline_creation","alternates":0,"durationMs":5657,"attemptId":"42571899-2ef1-4597-81c5-38aa2d18ddf6","emailSent":true,"emailVariant":"standard"},"iteration":4,"submitDurationMs":18716,"inlineAttempts":0,"inlineDurationMs":0,"postJobAttempts":0,"postJobDurationMs":0,"backgroundInvoked":false,"backgroundDurationMs":null,"totalDurationMs":19366,"tablesAssigned":1,"totalCapacity":2,"seatWaste":0,"tableNumbers":["MD-02"],"partySize":2,"duplicateRequest":false,"status":"confirmed_inline_api","assignments":[{"id":"e38b1019-ff9d-46e3-bc7b-cef5a58322fa","tableId":"46354e5f-05e4-4bb3-a239-489d84024086","tableNumber":"MD-02","zoneId":"406a6e8e-1e53-4b0b-8a07-abdd953d29fb","capacity":2,"startAt":null,"endAt":null}]}
[stress] Summary {
  totalRuns: 4,
  successes: 4,
  failures: 0,
  maxRuns: 4,
  completedTarget: true,
  durationMs: { count: 4, min: 19352, max: 20750, avg: 19929.75, p95: 20251 },
  seatWaste: { count: 4, min: 0, max: 0, avg: 0, p95: 0 },
  tablesPerBooking: { count: 4, min: 1, max: 1, avg: 1, p95: 1 },
  uniqueTables: [ 'BA-01', 'BA-02', 'MD-01', 'MD-02' ]
}
✅ Stress run completed 4 booking(s) without failure.

>>> [worker 1] Slot 18:00 (party 5)

> ship-fast-code@0.1.0 booking:flow /Users/amankumarshrestha/Downloads/SajiloReserveX
> tsx -r tsconfig-paths/register scripts/run-booking-flow.ts --restaurant-slug white-horse-pub-waterbeach --date 2025-11-25 --time 18\:00 --party-size 5 --stress --stress-max 4 --timeout-ms 180000 --base-url http\://localhost\:3020 --pretty

[dotenv@17.2.2] injecting env (0) from .env.local -- tip: ⚙️  load multiple .env files with { path: ['.env.local', '.env'] }
[dotenv@17.2.2] injecting env (0) from .env.development -- tip: ⚙️  override existing env vars with { override: true }
[dotenv@17.2.2] injecting env (0) from .env -- tip: ⚙️  override existing env vars with { override: true }
[2025-11-15T12:14:40.935Z] [INFO] [bootstrap] Starting booking flow {"correlationId":"c58968d3-be71-4ec9-af99-4fef7b390f6c","bookingId":null,"iteration":1,"totalRuns":"stress","timeoutMs":180000,"inlineWindowMs":25000,"pollIntervalMs":2000}
[2025-11-15T12:14:40.935Z] [INFO] [submit] Submitting booking request {"correlationId":"c58968d3-be71-4ec9-af99-4fef7b390f6c","bookingId":null,"url":"http://localhost:3020/api/bookings","restaurantSlug":"white-horse-pub-waterbeach","restaurantId":null,"date":"2025-11-25","time":"18:00","party":5,"bookingType":"dinner","seating":"any","marketingOptIn":false}
[supabase] strict hold enforcement active
[2025-11-15T12:15:00.003Z] [INFO] [submit] Booking created {"correlationId":"c58968d3-be71-4ec9-af99-4fef7b390f6c","bookingId":"c9db7a1f-8a9c-4488-bbd6-8e5c215b53f3","duplicate":false,"initialStatus":"confirmed","durationMs":19067,"maskedEmail":"bo***3@example.com","maskedPhone":"********6833"}
[2025-11-15T12:15:00.641Z] [INFO] [final_summary] Booking confirmed inline (API response) {"correlationId":"c58968d3-be71-4ec9-af99-4fef7b390f6c","bookingId":"c9db7a1f-8a9c-4488-bbd6-8e5c215b53f3","reference":"FJ9AM882ZC","bookingDate":"2025-11-25","startTime":"18:00:00","endTime":"20:00:00","autoAssignLastResult":{"source":"inline","lastAttemptAt":"2025-11-15T12:14:59.353Z","success":true,"reason":null,"strategy":{"maxTables":null,"requireAdjacency":null},"trigger":"inline_creation","alternates":0,"durationMs":5759,"attemptId":"d0cb40ce-00f6-44df-abb2-3338d3080a71","emailSent":true,"emailVariant":"standard"},"iteration":1,"submitDurationMs":19067,"inlineAttempts":0,"inlineDurationMs":0,"postJobAttempts":0,"postJobDurationMs":0,"backgroundInvoked":false,"backgroundDurationMs":null,"totalDurationMs":19706,"tablesAssigned":1,"totalCapacity":6,"seatWaste":1,"tableNumbers":["BA-07"],"partySize":5,"duplicateRequest":false,"status":"confirmed_inline_api","assignments":[{"id":"e953cd57-a004-415e-af31-066b455f9534","tableId":"bfcfee40-b4f0-4629-80f2-c37bde7c9845","tableNumber":"BA-07","zoneId":"92017a89-35a6-483c-bdde-73ba1cc97dae","capacity":6,"startAt":null,"endAt":null}]}
[2025-11-15T12:15:00.642Z] [INFO] [bootstrap] Starting booking flow {"correlationId":"3273d082-3b4e-4f90-b218-5314540dc2c7","bookingId":null,"iteration":2,"totalRuns":"stress","timeoutMs":180000,"inlineWindowMs":25000,"pollIntervalMs":2000}
[2025-11-15T12:15:00.642Z] [INFO] [submit] Submitting booking request {"correlationId":"3273d082-3b4e-4f90-b218-5314540dc2c7","bookingId":null,"url":"http://localhost:3020/api/bookings","restaurantSlug":"white-horse-pub-waterbeach","restaurantId":null,"date":"2025-11-25","time":"18:00","party":5,"bookingType":"dinner","seating":"any","marketingOptIn":false}
[2025-11-15T12:15:19.824Z] [INFO] [submit] Booking created {"correlationId":"3273d082-3b4e-4f90-b218-5314540dc2c7","bookingId":"3449bc50-7242-4fab-8a44-c5739c4a02f4","duplicate":false,"initialStatus":"confirmed","durationMs":19181,"maskedEmail":"bo***2@example.com","maskedPhone":"********3082"}
[2025-11-15T12:15:20.607Z] [INFO] [final_summary] Booking confirmed inline (API response) {"correlationId":"3273d082-3b4e-4f90-b218-5314540dc2c7","bookingId":"3449bc50-7242-4fab-8a44-c5739c4a02f4","reference":"8GRV2LWTGF","bookingDate":"2025-11-25","startTime":"18:00:00","endTime":"20:00:00","autoAssignLastResult":{"source":"inline","lastAttemptAt":"2025-11-15T12:15:18.979Z","success":true,"reason":null,"strategy":{"maxTables":null,"requireAdjacency":null},"trigger":"inline_creation","alternates":0,"durationMs":5679,"attemptId":"07ac630d-dc7e-460e-ad38-4887d4a56876","emailSent":true,"emailVariant":"standard"},"iteration":2,"submitDurationMs":19181,"inlineAttempts":0,"inlineDurationMs":0,"postJobAttempts":0,"postJobDurationMs":0,"backgroundInvoked":false,"backgroundDurationMs":null,"totalDurationMs":19965,"tablesAssigned":1,"totalCapacity":6,"seatWaste":1,"tableNumbers":["BA-08"],"partySize":5,"duplicateRequest":false,"status":"confirmed_inline_api","assignments":[{"id":"5b54e6a4-6cc6-45c8-bc0d-508ca0f0c21d","tableId":"d63141b1-90b7-406a-9fac-27821c9913cb","tableNumber":"BA-08","zoneId":"92017a89-35a6-483c-bdde-73ba1cc97dae","capacity":6,"startAt":null,"endAt":null}]}
[2025-11-15T12:15:20.608Z] [INFO] [bootstrap] Starting booking flow {"correlationId":"2609badb-0c2c-43e7-8354-e4ea57eb60d1","bookingId":null,"iteration":3,"totalRuns":"stress","timeoutMs":180000,"inlineWindowMs":25000,"pollIntervalMs":2000}
[2025-11-15T12:15:20.608Z] [INFO] [submit] Submitting booking request {"correlationId":"2609badb-0c2c-43e7-8354-e4ea57eb60d1","bookingId":null,"url":"http://localhost:3020/api/bookings","restaurantSlug":"white-horse-pub-waterbeach","restaurantId":null,"date":"2025-11-25","time":"18:00","party":5,"bookingType":"dinner","seating":"any","marketingOptIn":false}
[2025-11-15T12:15:41.559Z] [INFO] [submit] Booking created {"correlationId":"2609badb-0c2c-43e7-8354-e4ea57eb60d1","bookingId":"b2463a1c-d894-4a4e-ac29-03a2e7fdcf5d","duplicate":false,"initialStatus":"confirmed","durationMs":20950,"maskedEmail":"bo***b@example.com","maskedPhone":"********1031"}
[2025-11-15T12:15:42.177Z] [INFO] [final_summary] Booking confirmed inline (API response) {"correlationId":"2609badb-0c2c-43e7-8354-e4ea57eb60d1","bookingId":"b2463a1c-d894-4a4e-ac29-03a2e7fdcf5d","reference":"89DGPEYTXH","bookingDate":"2025-11-25","startTime":"18:00:00","endTime":"20:00:00","autoAssignLastResult":{"source":"inline","lastAttemptAt":"2025-11-15T12:15:38.365Z","success":false,"reason":"INLINE_TIMEOUT","strategy":{"maxTables":null,"requireAdjacency":null},"trigger":"inline_creation","alternates":0,"durationMs":12004,"attemptId":"04e0df40-eb45-46e6-ba15-c4e996d17ee6","emailSent":false,"emailVariant":"standard"},"iteration":3,"submitDurationMs":20950,"inlineAttempts":0,"inlineDurationMs":0,"postJobAttempts":0,"postJobDurationMs":0,"backgroundInvoked":false,"backgroundDurationMs":null,"totalDurationMs":21569,"tablesAssigned":1,"totalCapacity":6,"seatWaste":1,"tableNumbers":["MD-07"],"partySize":5,"duplicateRequest":false,"status":"confirmed_inline_api","assignments":[{"id":"e9a8b878-b735-4f22-bcb7-d6f6603e1af7","tableId":"43d95240-9162-4261-bf5b-4a4d22507ec8","tableNumber":"MD-07","zoneId":"406a6e8e-1e53-4b0b-8a07-abdd953d29fb","capacity":6,"startAt":null,"endAt":null}]}
[2025-11-15T12:15:42.178Z] [INFO] [bootstrap] Starting booking flow {"correlationId":"9168e63f-78c5-4163-8b10-b08680f3fcfc","bookingId":null,"iteration":4,"totalRuns":"stress","timeoutMs":180000,"inlineWindowMs":25000,"pollIntervalMs":2000}
[2025-11-15T12:15:42.178Z] [INFO] [submit] Submitting booking request {"correlationId":"9168e63f-78c5-4163-8b10-b08680f3fcfc","bookingId":null,"url":"http://localhost:3020/api/bookings","restaurantSlug":"white-horse-pub-waterbeach","restaurantId":null,"date":"2025-11-25","time":"18:00","party":5,"bookingType":"dinner","seating":"any","marketingOptIn":false}
[2025-11-15T12:16:00.876Z] [INFO] [submit] Booking created {"correlationId":"9168e63f-78c5-4163-8b10-b08680f3fcfc","bookingId":"e61bac8b-160a-4c5c-a36e-8d303cc8a1bb","duplicate":false,"initialStatus":"confirmed","durationMs":18698,"maskedEmail":"bo***f@example.com","maskedPhone":"********4635"}
[2025-11-15T12:16:01.896Z] [INFO] [final_summary] Booking confirmed inline (API response) {"correlationId":"9168e63f-78c5-4163-8b10-b08680f3fcfc","bookingId":"e61bac8b-160a-4c5c-a36e-8d303cc8a1bb","reference":"YLYD3NU6KM","bookingDate":"2025-11-25","startTime":"18:00:00","endTime":"20:00:00","autoAssignLastResult":{"source":"inline","lastAttemptAt":"2025-11-15T12:15:59.970Z","success":true,"reason":null,"strategy":{"maxTables":null,"requireAdjacency":null},"trigger":"inline_creation","alternates":0,"durationMs":5356,"attemptId":"2ef1b7a0-6b57-402d-a125-9bef83454de7","emailSent":true,"emailVariant":"standard"},"iteration":4,"submitDurationMs":18698,"inlineAttempts":0,"inlineDurationMs":0,"postJobAttempts":0,"postJobDurationMs":0,"backgroundInvoked":false,"backgroundDurationMs":null,"totalDurationMs":19718,"tablesAssigned":1,"totalCapacity":6,"seatWaste":1,"tableNumbers":["MD-08"],"partySize":5,"duplicateRequest":false,"status":"confirmed_inline_api","assignments":[{"id":"349013f1-601e-48a4-84c7-c196561f2c1b","tableId":"81246135-6215-4bbf-904b-5dd0ecc1696b","tableNumber":"MD-08","zoneId":"406a6e8e-1e53-4b0b-8a07-abdd953d29fb","capacity":6,"startAt":null,"endAt":null}]}
[stress] Summary {
  totalRuns: 4,
  successes: 4,
  failures: 0,
  maxRuns: 4,
  completedTarget: true,
  durationMs: { count: 4, min: 19706, max: 21569, avg: 20239.5, p95: 19965 },
  seatWaste: { count: 4, min: 1, max: 1, avg: 1, p95: 1 },
  tablesPerBooking: { count: 4, min: 1, max: 1, avg: 1, p95: 1 },
  uniqueTables: [ 'BA-07', 'BA-08', 'MD-07', 'MD-08' ]
}
✅ Stress run completed 4 booking(s) without failure.

>>> [worker 1] Slot 18:15 (party 4)

> ship-fast-code@0.1.0 booking:flow /Users/amankumarshrestha/Downloads/SajiloReserveX
> tsx -r tsconfig-paths/register scripts/run-booking-flow.ts --restaurant-slug white-horse-pub-waterbeach --date 2025-11-25 --time 18\:15 --party-size 4 --stress --stress-max 4 --timeout-ms 180000 --base-url http\://localhost\:3020 --pretty

[dotenv@17.2.2] injecting env (0) from .env.local -- tip: ⚙️  write to custom object with { processEnv: myObject }
[dotenv@17.2.2] injecting env (0) from .env.development -- tip: ⚙️  specify custom .env file path with { path: '/custom/path/.env' }
[dotenv@17.2.2] injecting env (0) from .env -- tip: 📡 auto-backup env with Radar: https://dotenvx.com/radar
[2025-11-15T12:16:02.512Z] [INFO] [bootstrap] Starting booking flow {"correlationId":"b9a34f07-ee9b-4c02-943a-325591aa2d68","bookingId":null,"iteration":1,"totalRuns":"stress","timeoutMs":180000,"inlineWindowMs":25000,"pollIntervalMs":2000}
[2025-11-15T12:16:02.512Z] [INFO] [submit] Submitting booking request {"correlationId":"b9a34f07-ee9b-4c02-943a-325591aa2d68","bookingId":null,"url":"http://localhost:3020/api/bookings","restaurantSlug":"white-horse-pub-waterbeach","restaurantId":null,"date":"2025-11-25","time":"18:15","party":4,"bookingType":"dinner","seating":"any","marketingOptIn":false}
[supabase] strict hold enforcement active
[2025-11-15T12:16:21.202Z] [INFO] [submit] Booking created {"correlationId":"b9a34f07-ee9b-4c02-943a-325591aa2d68","bookingId":"71cd0ecf-8b6a-45bc-856e-65640281571b","duplicate":false,"initialStatus":"confirmed","durationMs":18688,"maskedEmail":"bo***7@example.com","maskedPhone":"********4507"}
[2025-11-15T12:16:21.810Z] [INFO] [final_summary] Booking confirmed inline (API response) {"correlationId":"b9a34f07-ee9b-4c02-943a-325591aa2d68","bookingId":"71cd0ecf-8b6a-45bc-856e-65640281571b","reference":"9B2SZEB5VL","bookingDate":"2025-11-25","startTime":"18:15:00","endTime":"20:15:00","autoAssignLastResult":{"source":"inline","lastAttemptAt":"2025-11-15T12:16:20.344Z","success":true,"reason":null,"strategy":{"maxTables":null,"requireAdjacency":null},"trigger":"inline_creation","alternates":0,"durationMs":5442,"attemptId":"a16006b2-4892-4932-b8c7-63d8242b8382","emailSent":true,"emailVariant":"standard"},"iteration":1,"submitDurationMs":18688,"inlineAttempts":0,"inlineDurationMs":0,"postJobAttempts":0,"postJobDurationMs":0,"backgroundInvoked":false,"backgroundDurationMs":null,"totalDurationMs":19298,"tablesAssigned":1,"totalCapacity":4,"seatWaste":0,"tableNumbers":["BA-03"],"partySize":4,"duplicateRequest":false,"status":"confirmed_inline_api","assignments":[{"id":"c5903de1-d7b2-4c47-b52f-db0efec7eb64","tableId":"da4a85f9-758a-4d35-a3e1-38d8e995a9f2","tableNumber":"BA-03","zoneId":"92017a89-35a6-483c-bdde-73ba1cc97dae","capacity":4,"startAt":null,"endAt":null}]}
[2025-11-15T12:16:21.811Z] [INFO] [bootstrap] Starting booking flow {"correlationId":"8079d5a6-7463-48d4-ad76-245380c47248","bookingId":null,"iteration":2,"totalRuns":"stress","timeoutMs":180000,"inlineWindowMs":25000,"pollIntervalMs":2000}
[2025-11-15T12:16:21.812Z] [INFO] [submit] Submitting booking request {"correlationId":"8079d5a6-7463-48d4-ad76-245380c47248","bookingId":null,"url":"http://localhost:3020/api/bookings","restaurantSlug":"white-horse-pub-waterbeach","restaurantId":null,"date":"2025-11-25","time":"18:15","party":4,"bookingType":"dinner","seating":"any","marketingOptIn":false}
[2025-11-15T12:16:42.518Z] [INFO] [submit] Booking created {"correlationId":"8079d5a6-7463-48d4-ad76-245380c47248","bookingId":"31d5f3bf-b7d8-4822-848e-1a320999846c","duplicate":false,"initialStatus":"confirmed","durationMs":20705,"maskedEmail":"bo***6@example.com","maskedPhone":"********3506"}
[2025-11-15T12:16:43.248Z] [INFO] [final_summary] Booking confirmed inline (API response) {"correlationId":"8079d5a6-7463-48d4-ad76-245380c47248","bookingId":"31d5f3bf-b7d8-4822-848e-1a320999846c","reference":"NJ9ZW74FHH","bookingDate":"2025-11-25","startTime":"18:15:00","endTime":"20:15:00","autoAssignLastResult":{"source":"inline","lastAttemptAt":"2025-11-15T12:16:39.116Z","success":false,"reason":"INLINE_TIMEOUT","strategy":{"maxTables":null,"requireAdjacency":null},"trigger":"inline_creation","alternates":0,"durationMs":12004,"attemptId":"08acbe81-d4b7-4b15-b126-ff6283fbd65f","emailSent":false,"emailVariant":"standard"},"iteration":2,"submitDurationMs":20705,"inlineAttempts":0,"inlineDurationMs":0,"postJobAttempts":0,"postJobDurationMs":0,"backgroundInvoked":false,"backgroundDurationMs":null,"totalDurationMs":21437,"tablesAssigned":1,"totalCapacity":4,"seatWaste":0,"tableNumbers":["BA-04"],"partySize":4,"duplicateRequest":false,"status":"confirmed_inline_api","assignments":[{"id":"fc2a0e22-c8ec-4410-be93-7b2a3e96bec5","tableId":"3017c1b1-6080-425a-b2c2-eebbc8ddf981","tableNumber":"BA-04","zoneId":"92017a89-35a6-483c-bdde-73ba1cc97dae","capacity":4,"startAt":null,"endAt":null}]}
[2025-11-15T12:16:43.250Z] [INFO] [bootstrap] Starting booking flow {"correlationId":"e4b342ee-27d3-453e-b13b-1a3a33ed816f","bookingId":null,"iteration":3,"totalRuns":"stress","timeoutMs":180000,"inlineWindowMs":25000,"pollIntervalMs":2000}
[2025-11-15T12:16:43.250Z] [INFO] [submit] Submitting booking request {"correlationId":"e4b342ee-27d3-453e-b13b-1a3a33ed816f","bookingId":null,"url":"http://localhost:3020/api/bookings","restaurantSlug":"white-horse-pub-waterbeach","restaurantId":null,"date":"2025-11-25","time":"18:15","party":4,"bookingType":"dinner","seating":"any","marketingOptIn":false}
[2025-11-15T12:17:02.284Z] [INFO] [submit] Booking created {"correlationId":"e4b342ee-27d3-453e-b13b-1a3a33ed816f","bookingId":"359527e3-8cd4-4835-9a1a-9e70e0c45280","duplicate":false,"initialStatus":"confirmed","durationMs":19034,"maskedEmail":"bo***e@example.com","maskedPhone":"********4244"}
[2025-11-15T12:17:02.929Z] [INFO] [final_summary] Booking confirmed inline (API response) {"correlationId":"e4b342ee-27d3-453e-b13b-1a3a33ed816f","bookingId":"359527e3-8cd4-4835-9a1a-9e70e0c45280","reference":"2TVMPA9ZAN","bookingDate":"2025-11-25","startTime":"18:15:00","endTime":"20:15:00","autoAssignLastResult":{"source":"inline","lastAttemptAt":"2025-11-15T12:17:01.378Z","success":true,"reason":null,"strategy":{"maxTables":null,"requireAdjacency":null},"trigger":"inline_creation","alternates":0,"durationMs":5505,"attemptId":"606463f7-5896-4d70-8aa2-0ff4a6497b94","emailSent":true,"emailVariant":"standard"},"iteration":3,"submitDurationMs":19034,"inlineAttempts":0,"inlineDurationMs":0,"postJobAttempts":0,"postJobDurationMs":0,"backgroundInvoked":false,"backgroundDurationMs":null,"totalDurationMs":19679,"tablesAssigned":1,"totalCapacity":4,"seatWaste":0,"tableNumbers":["BA-05"],"partySize":4,"duplicateRequest":false,"status":"confirmed_inline_api","assignments":[{"id":"d4dd3937-dce6-4775-81eb-9d948749ff52","tableId":"f51aecef-0d4b-4d29-9e3f-307af65ffcda","tableNumber":"BA-05","zoneId":"92017a89-35a6-483c-bdde-73ba1cc97dae","capacity":4,"startAt":null,"endAt":null}]}
[2025-11-15T12:17:02.930Z] [INFO] [bootstrap] Starting booking flow {"correlationId":"cf5c637b-cdc9-43b0-ba7b-ff00e1ae7f22","bookingId":null,"iteration":4,"totalRuns":"stress","timeoutMs":180000,"inlineWindowMs":25000,"pollIntervalMs":2000}
[2025-11-15T12:17:02.930Z] [INFO] [submit] Submitting booking request {"correlationId":"cf5c637b-cdc9-43b0-ba7b-ff00e1ae7f22","bookingId":null,"url":"http://localhost:3020/api/bookings","restaurantSlug":"white-horse-pub-waterbeach","restaurantId":null,"date":"2025-11-25","time":"18:15","party":4,"bookingType":"dinner","seating":"any","marketingOptIn":false}
[2025-11-15T12:17:22.302Z] [INFO] [submit] Booking created {"correlationId":"cf5c637b-cdc9-43b0-ba7b-ff00e1ae7f22","bookingId":"8524baaf-e0fb-46a7-a9da-a56d0f13e83c","duplicate":false,"initialStatus":"confirmed","durationMs":19371,"maskedEmail":"bo***b@example.com","maskedPhone":"********6371"}
[2025-11-15T12:17:23.021Z] [INFO] [final_summary] Booking confirmed inline (API response) {"correlationId":"cf5c637b-cdc9-43b0-ba7b-ff00e1ae7f22","bookingId":"8524baaf-e0fb-46a7-a9da-a56d0f13e83c","reference":"5FVVKLKY7T","bookingDate":"2025-11-25","startTime":"18:15:00","endTime":"20:15:00","autoAssignLastResult":{"source":"inline","lastAttemptAt":"2025-11-15T12:17:21.359Z","success":true,"reason":null,"strategy":{"maxTables":null,"requireAdjacency":null},"trigger":"inline_creation","alternates":0,"durationMs":5746,"attemptId":"602e2a5e-4f7a-4347-8fe9-0da682329b06","emailSent":true,"emailVariant":"standard"},"iteration":4,"submitDurationMs":19371,"inlineAttempts":0,"inlineDurationMs":0,"postJobAttempts":0,"postJobDurationMs":0,"backgroundInvoked":false,"backgroundDurationMs":null,"totalDurationMs":20091,"tablesAssigned":1,"totalCapacity":4,"seatWaste":0,"tableNumbers":["BA-06"],"partySize":4,"duplicateRequest":false,"status":"confirmed_inline_api","assignments":[{"id":"44d31070-1f14-4f1e-bbd7-f8ea18ca7cc7","tableId":"6fdbb063-3fc6-4647-a9b5-278e1c4e9f3d","tableNumber":"BA-06","zoneId":"92017a89-35a6-483c-bdde-73ba1cc97dae","capacity":4,"startAt":null,"endAt":null}]}
[stress] Summary {
  totalRuns: 4,
  successes: 4,
  failures: 0,
  maxRuns: 4,
  completedTarget: true,
  durationMs: { count: 4, min: 19298, max: 21437, avg: 20126.25, p95: 20091 },
  seatWaste: { count: 4, min: 0, max: 0, avg: 0, p95: 0 },
  tablesPerBooking: { count: 4, min: 1, max: 1, avg: 1, p95: 1 },
  uniqueTables: [ 'BA-03', 'BA-04', 'BA-05', 'BA-06' ]
}
✅ Stress run completed 4 booking(s) without failure.

>>> [worker 1] Slot 18:30 (party 5)

> ship-fast-code@0.1.0 booking:flow /Users/amankumarshrestha/Downloads/SajiloReserveX
> tsx -r tsconfig-paths/register scripts/run-booking-flow.ts --restaurant-slug white-horse-pub-waterbeach --date 2025-11-25 --time 18\:30 --party-size 5 --stress --stress-max 4 --timeout-ms 180000 --base-url http\://localhost\:3020 --pretty

[dotenv@17.2.2] injecting env (0) from .env.local -- tip: 📡 observe env with Radar: https://dotenvx.com/radar
[dotenv@17.2.2] injecting env (0) from .env.development -- tip: 🔐 encrypt with Dotenvx: https://dotenvx.com
[dotenv@17.2.2] injecting env (0) from .env -- tip: ⚙️  specify custom .env file path with { path: '/custom/path/.env' }
[2025-11-15T12:17:23.560Z] [INFO] [bootstrap] Starting booking flow {"correlationId":"772a25dd-9ef5-44ad-bc66-6609768bd6f4","bookingId":null,"iteration":1,"totalRuns":"stress","timeoutMs":180000,"inlineWindowMs":25000,"pollIntervalMs":2000}
[2025-11-15T12:17:23.560Z] [INFO] [submit] Submitting booking request {"correlationId":"772a25dd-9ef5-44ad-bc66-6609768bd6f4","bookingId":null,"url":"http://localhost:3020/api/bookings","restaurantSlug":"white-horse-pub-waterbeach","restaurantId":null,"date":"2025-11-25","time":"18:30","party":5,"bookingType":"dinner","seating":"any","marketingOptIn":false}
[supabase] strict hold enforcement active
[2025-11-15T12:17:44.274Z] [INFO] [submit] Booking created {"correlationId":"772a25dd-9ef5-44ad-bc66-6609768bd6f4","bookingId":"c306361e-bfe5-45ea-8c94-c0e98c2fe35d","duplicate":false,"initialStatus":"confirmed","durationMs":20713,"maskedEmail":"bo***d@example.com","maskedPhone":"********2533"}
[2025-11-15T12:17:44.917Z] [INFO] [final_summary] Booking confirmed inline (API response) {"correlationId":"772a25dd-9ef5-44ad-bc66-6609768bd6f4","bookingId":"c306361e-bfe5-45ea-8c94-c0e98c2fe35d","reference":"NN898SPM2D","bookingDate":"2025-11-25","startTime":"18:30:00","endTime":"20:30:00","autoAssignLastResult":{"source":"inline","lastAttemptAt":"2025-11-15T12:17:41.443Z","success":false,"reason":"INLINE_TIMEOUT","strategy":{"maxTables":null,"requireAdjacency":null},"trigger":"inline_creation","alternates":0,"durationMs":12002,"attemptId":"fe15758e-b68d-494c-aaf6-73158f5a6dd4","emailSent":false,"emailVariant":"standard"},"iteration":1,"submitDurationMs":20713,"inlineAttempts":0,"inlineDurationMs":0,"postJobAttempts":0,"postJobDurationMs":0,"backgroundInvoked":false,"backgroundDurationMs":null,"totalDurationMs":21357,"tablesAssigned":1,"totalCapacity":6,"seatWaste":1,"tableNumbers":["OG-04"],"partySize":5,"duplicateRequest":false,"status":"confirmed_inline_api","assignments":[{"id":"dc28e835-4c01-4714-936b-2c7dd1d5e62d","tableId":"01d3cce4-6eba-42ec-83ee-d37f32a9bc3c","tableNumber":"OG-04","zoneId":"7bd99bc9-d325-417a-b117-fc8d208999bd","capacity":6,"startAt":null,"endAt":null}]}
[2025-11-15T12:17:44.917Z] [INFO] [bootstrap] Starting booking flow {"correlationId":"0f76b3da-6b02-4015-b1df-362f64be8a97","bookingId":null,"iteration":2,"totalRuns":"stress","timeoutMs":180000,"inlineWindowMs":25000,"pollIntervalMs":2000}
[2025-11-15T12:17:44.917Z] [INFO] [submit] Submitting booking request {"correlationId":"0f76b3da-6b02-4015-b1df-362f64be8a97","bookingId":null,"url":"http://localhost:3020/api/bookings","restaurantSlug":"white-horse-pub-waterbeach","restaurantId":null,"date":"2025-11-25","time":"18:30","party":5,"bookingType":"dinner","seating":"any","marketingOptIn":false}
[2025-11-15T12:18:05.834Z] [INFO] [submit] Booking created {"correlationId":"0f76b3da-6b02-4015-b1df-362f64be8a97","bookingId":"5b478e20-6b95-45b5-a155-c36d813bd7f1","duplicate":false,"initialStatus":"confirmed","durationMs":20917,"maskedEmail":"bo***a@example.com","maskedPhone":"********1330"}
[2025-11-15T12:18:06.468Z] [INFO] [final_summary] Booking confirmed inline (API response) {"correlationId":"0f76b3da-6b02-4015-b1df-362f64be8a97","bookingId":"5b478e20-6b95-45b5-a155-c36d813bd7f1","reference":"2VUU78LUFM","bookingDate":"2025-11-25","startTime":"18:30:00","endTime":"20:30:00","autoAssignLastResult":{"source":"inline","lastAttemptAt":"2025-11-15T12:18:03.051Z","success":false,"reason":"INLINE_TIMEOUT","strategy":{"maxTables":null,"requireAdjacency":null},"trigger":"inline_creation","alternates":0,"durationMs":12005,"attemptId":"e5315092-bd2d-4cd0-a2ac-c8a28b76294b","emailSent":false,"emailVariant":"standard"},"iteration":2,"submitDurationMs":20917,"inlineAttempts":0,"inlineDurationMs":0,"postJobAttempts":0,"postJobDurationMs":0,"backgroundInvoked":false,"backgroundDurationMs":null,"totalDurationMs":21550,"tablesAssigned":1,"totalCapacity":6,"seatWaste":1,"tableNumbers":["OG-05"],"partySize":5,"duplicateRequest":false,"status":"confirmed_inline_api","assignments":[{"id":"8ad8af0f-7711-4c0e-b525-58d0dd218f0c","tableId":"7d6a43ea-ae78-4b40-9b69-b7121c4ec40a","tableNumber":"OG-05","zoneId":"7bd99bc9-d325-417a-b117-fc8d208999bd","capacity":6,"startAt":null,"endAt":null}]}
[2025-11-15T12:18:06.469Z] [INFO] [bootstrap] Starting booking flow {"correlationId":"7ed92199-520f-4456-bb8b-bdad10473259","bookingId":null,"iteration":3,"totalRuns":"stress","timeoutMs":180000,"inlineWindowMs":25000,"pollIntervalMs":2000}
[2025-11-15T12:18:06.469Z] [INFO] [submit] Submitting booking request {"correlationId":"7ed92199-520f-4456-bb8b-bdad10473259","bookingId":null,"url":"http://localhost:3020/api/bookings","restaurantSlug":"white-horse-pub-waterbeach","restaurantId":null,"date":"2025-11-25","time":"18:30","party":5,"bookingType":"dinner","seating":"any","marketingOptIn":false}
[2025-11-15T12:18:25.809Z] [INFO] [submit] Booking created {"correlationId":"7ed92199-520f-4456-bb8b-bdad10473259","bookingId":"96a301de-2644-43cc-9e08-e0f3fe66c839","duplicate":false,"initialStatus":"confirmed","durationMs":19339,"maskedEmail":"bo***9@example.com","maskedPhone":"********2199"}
[2025-11-15T12:18:26.535Z] [INFO] [final_summary] Booking confirmed inline (API response) {"correlationId":"7ed92199-520f-4456-bb8b-bdad10473259","bookingId":"96a301de-2644-43cc-9e08-e0f3fe66c839","reference":"APB8AXUXD6","bookingDate":"2025-11-25","startTime":"18:30:00","endTime":"20:30:00","autoAssignLastResult":{"source":"inline","lastAttemptAt":"2025-11-15T12:18:25.147Z","success":true,"reason":null,"strategy":{"maxTables":null,"requireAdjacency":null},"trigger":"inline_creation","alternates":0,"durationMs":5592,"attemptId":"122b0b5d-e7ab-469f-b735-0780666a6c21","emailSent":true,"emailVariant":"standard"},"iteration":3,"submitDurationMs":19339,"inlineAttempts":0,"inlineDurationMs":0,"postJobAttempts":0,"postJobDurationMs":0,"backgroundInvoked":false,"backgroundDurationMs":null,"totalDurationMs":20066,"tablesAssigned":1,"totalCapacity":6,"seatWaste":1,"tableNumbers":["PR-03"],"partySize":5,"duplicateRequest":false,"status":"confirmed_inline_api","assignments":[{"id":"16db60ea-5ba0-4a62-86c2-741888e8aba5","tableId":"391e4645-b6e2-4fe5-9987-6bb8d53bbede","tableNumber":"PR-03","zoneId":"968d482b-6e26-48cb-9261-3286f72af99b","capacity":6,"startAt":null,"endAt":null}]}
[2025-11-15T12:18:26.536Z] [INFO] [bootstrap] Starting booking flow {"correlationId":"1c529917-fd07-44df-b5b4-960f4439fb90","bookingId":null,"iteration":4,"totalRuns":"stress","timeoutMs":180000,"inlineWindowMs":25000,"pollIntervalMs":2000}
[2025-11-15T12:18:26.536Z] [INFO] [submit] Submitting booking request {"correlationId":"1c529917-fd07-44df-b5b4-960f4439fb90","bookingId":null,"url":"http://localhost:3020/api/bookings","restaurantSlug":"white-horse-pub-waterbeach","restaurantId":null,"date":"2025-11-25","time":"18:30","party":5,"bookingType":"dinner","seating":"any","marketingOptIn":false}
[2025-11-15T12:18:46.747Z] [INFO] [submit] Booking created {"correlationId":"1c529917-fd07-44df-b5b4-960f4439fb90","bookingId":"6658dfa1-79d6-4e1f-8a49-a8c57439fd5b","duplicate":false,"initialStatus":"confirmed","durationMs":20211,"maskedEmail":"bo***7@example.com","maskedPhone":"********9917"}
[2025-11-15T12:18:47.385Z] [INFO] [final_summary] Booking confirmed inline (API response) {"correlationId":"1c529917-fd07-44df-b5b4-960f4439fb90","bookingId":"6658dfa1-79d6-4e1f-8a49-a8c57439fd5b","reference":"2F5YVBSVKD","bookingDate":"2025-11-25","startTime":"18:30:00","endTime":"20:30:00","autoAssignLastResult":{"source":"inline","lastAttemptAt":"2025-11-15T12:18:45.341Z","success":true,"reason":null,"strategy":{"maxTables":null,"requireAdjacency":null},"trigger":"inline_creation","alternates":0,"durationMs":5432,"attemptId":"e2438bb6-e438-4ccd-a8cc-db1eb46406f8","emailSent":true,"emailVariant":"standard"},"iteration":4,"submitDurationMs":20211,"inlineAttempts":0,"inlineDurationMs":0,"postJobAttempts":0,"postJobDurationMs":0,"backgroundInvoked":false,"backgroundDurationMs":null,"totalDurationMs":20849,"tablesAssigned":1,"totalCapacity":6,"seatWaste":1,"tableNumbers":["PR-04"],"partySize":5,"duplicateRequest":false,"status":"confirmed_inline_api","assignments":[{"id":"b25b3a49-4084-4c4a-8198-0a09220cdbff","tableId":"1c76cd8a-045b-44f7-89a6-288e44791717","tableNumber":"PR-04","zoneId":"968d482b-6e26-48cb-9261-3286f72af99b","capacity":6,"startAt":null,"endAt":null}]}
[stress] Summary {
  totalRuns: 4,
  successes: 4,
  failures: 0,
  maxRuns: 4,
  completedTarget: true,
  durationMs: { count: 4, min: 20066, max: 21550, avg: 20955.5, p95: 21357 },
  seatWaste: { count: 4, min: 1, max: 1, avg: 1, p95: 1 },
  tablesPerBooking: { count: 4, min: 1, max: 1, avg: 1, p95: 1 },
  uniqueTables: [ 'OG-04', 'OG-05', 'PR-03', 'PR-04' ]
}
✅ Stress run completed 4 booking(s) without failure.
